[2026-02-02 18:21:31] [INFO] ============================================================
[2026-02-02 18:21:31] [INFO] 中文仇恨言论检测 Pipeline 启动
[2026-02-02 18:21:31] [INFO] 日志路径: /root/Master_Thesis/data_detect/Chinese/log/20260202_182131_pipeline_chinese.log
[2026-02-02 18:21:31] [INFO] ============================================================
[2026-02-02 18:21:35] [INFO] Creating model: <class 'data_detect.Chinese.models.thucoai.THUCOAIModel'>
[2026-02-02 18:21:51] [INFO] Creating model: <class 'data_detect.Chinese.models.morit.MoritModel'>
[2026-02-02 18:22:12] [INFO] Creating model: <class 'data_detect.Chinese.models.davidcliao.DavidcliaoModel'>
[2026-02-02 18:22:12] [INFO] Successfully initialized 3 models
[2026-02-02 18:22:12] [INFO] Using 'main_content' column instead of 'text'
[2026-02-02 18:22:12] [INFO] Loaded 23630 texts from ../../data_collection/Tieba/all_search_posts.csv
[2026-02-02 18:22:12] [INFO] Computed sample size (finite-pop correction) = 1014
[2026-02-02 18:22:12] [INFO] Using sample size = 5000
[2026-02-02 18:22:12] [INFO] Evaluating ensemble on sampled texts...
[2026-02-02 18:22:12] [INFO] Predicting with thu_coai_roberta on 5000 texts
[2026-02-02 18:22:33] [INFO] Predicting with morit_xlm_xnli on 5000 texts
[2026-02-02 18:23:13] [INFO] Predicting with davidcliao_flair on 5000 texts
[2026-02-02 18:23:26] [INFO] Generating annotation set via stratified sampling...
[2026-02-02 18:23:26] [INFO] Saved annotation CSV to /root/Master_Thesis/data_detect/Chinese/output/to_annotate_ensemble_20260202_182326.csv
[2026-02-02 18:23:26] [INFO] ============================================================
[2026-02-02 18:23:26] [INFO] Pipeline 完成。结果摘要:
[2026-02-02 18:23:26] [INFO] - 评估的文本数: 5000
[2026-02-02 18:23:26] [INFO] - 注释集大小: 3715
[2026-02-02 18:23:26] [INFO] - 使用的模型数: 3
[2026-02-02 18:23:26] [INFO] - 输出路径: /root/Master_Thesis/data_detect/Chinese/output/to_annotate_ensemble_20260202_182326.csv
[2026-02-02 18:23:26] [INFO] ============================================================
