[2026-01-22 10:20:09] [INFO] ============================================================
[2026-01-22 10:20:09] [INFO] 中文仇恨言论检测 Pipeline 启动
[2026-01-22 10:20:09] [INFO] 日志路径: /root/Master_Thesis/data_detect/Chinese/log/20260122_102009_pipeline_chinese.log
[2026-01-22 10:20:09] [INFO] ============================================================
[2026-01-22 10:20:16] [INFO] Creating model: <class 'data_detect.Chinese.models.thucoai.THUCOAIModel'>
[2026-01-22 10:20:19] [INFO] Creating model: <class 'data_detect.Chinese.models.morit.MoritModel'>
[2026-01-22 10:28:30] [INFO] Creating model: <class 'data_detect.Chinese.models.davidcliao.DavidcliaoModel'>
[2026-01-22 10:28:30] [INFO] Successfully initialized 3 models
[2026-01-22 10:28:30] [INFO] Using 'main_content' column instead of 'text'
[2026-01-22 10:28:30] [INFO] Loaded 23630 texts from ../../data_collection/Tieba/all_search_posts.csv
[2026-01-22 10:28:30] [INFO] Computed sample size (finite-pop correction) = 1014
[2026-01-22 10:28:30] [INFO] Using sample size = 5000
[2026-01-22 10:28:30] [INFO] Evaluating ensemble on sampled texts...
[2026-01-22 10:28:30] [INFO] Predicting with thu_coai_roberta on 5000 texts
[2026-01-22 10:29:07] [INFO] Predicting with morit_xlm_xnli on 5000 texts
[2026-01-22 10:30:20] [INFO] Predicting with davidcliao_flair on 5000 texts
[2026-01-22 10:30:44] [INFO] Generating annotation set via stratified sampling...
[2026-01-22 10:30:44] [INFO] Saved annotation CSV to /root/Master_Thesis/data_detect/Chinese/output/to_annotate_ensemble_20260122_103044.csv
[2026-01-22 10:30:44] [INFO] ============================================================
[2026-01-22 10:30:44] [INFO] Pipeline 完成。结果摘要:
[2026-01-22 10:30:44] [INFO] - 评估的文本数: 5000
[2026-01-22 10:30:44] [INFO] - 注释集大小: 3715
[2026-01-22 10:30:44] [INFO] - 使用的模型数: 3
[2026-01-22 10:30:44] [INFO] - 输出路径: /root/Master_Thesis/data_detect/Chinese/output/to_annotate_ensemble_20260122_103044.csv
[2026-01-22 10:30:44] [INFO] ============================================================
