2026-03-13 20:09:07,335 [INFO] 正在加载数据集，目标语言: ['zh', 'en', 'jp']
2026-03-13 20:09:07,342 [INFO] [zh] 采样了 1000 条数据 (多语言模式).
2026-03-13 20:09:07,659 [INFO] [en] 采样了 1000 条数据 (多语言模式).
2026-03-13 20:09:07,672 [INFO] [jp] 采样了 1000 条数据 (多语言模式).
2026-03-13 20:09:07,673 [INFO] 数据集构建完成，总计 3000 条数据。
2026-03-13 20:09:07,673 [INFO] 正在执行多语言预分词处理...
2026-03-13 20:09:14,005 [INFO] 已保存预处理后的语料库。
2026-03-13 20:09:14,005 [INFO] 加载基座模型: intfloat/multilingual-e5-large-instruct
2026-03-13 20:09:37,505 [INFO] 正在生成 Embeddings (此过程可能较慢)...
2026-03-13 20:09:45,742 [INFO] 生成 UMAP + HDBSCAN 可视化 (拟合前)...
2026-03-13 20:10:05,662 [INFO] 配置 UMAP 模型...
2026-03-13 20:10:05,662 [INFO] 配置 HDBSCAN 模型...
2026-03-13 20:10:05,662 [ERROR] Pipeline 运行过程中发生致命错误
Traceback (most recent call last):
  File "/root/autodl-tmp/Master_Thesis/unsupervised_classification/bertopic_hate.py", line 344, in <module>
    model, result_df = run_topic_modeling_pipeline(TARGET_LANGS)
                       ^^^^^^^^^^^^^^^^^^^^^^^^^^^^^^^^^^^^^^^^^
  File "/root/autodl-tmp/Master_Thesis/unsupervised_classification/bertopic_hate.py", line 274, in run_topic_modeling_pipeline
    logger.info(f"我们发现了{len(set(hdbscan_model.labels))}个簇")
                                     ^^^^^^^^^^^^^^^^^^^^
AttributeError: 'HDBSCAN' object has no attribute 'labels'
