2026-03-13 19:58:20,614 [INFO] 正在加载数据集，目标语言: ['zh', 'en', 'jp']
2026-03-13 19:58:20,635 [INFO] [zh] 采样了 1000 条数据 (多语言模式).
2026-03-13 19:58:21,006 [INFO] [en] 采样了 1000 条数据 (多语言模式).
2026-03-13 19:58:21,019 [INFO] [jp] 采样了 1000 条数据 (多语言模式).
2026-03-13 19:58:21,020 [INFO] 数据集构建完成，总计 3000 条数据。
2026-03-13 19:58:21,020 [INFO] 正在执行多语言预分词处理...
2026-03-13 19:58:27,057 [INFO] 已保存预处理后的语料库。
2026-03-13 19:58:27,057 [INFO] 加载基座模型: intfloat/multilingual-e5-large-instruct
2026-03-13 19:58:47,564 [INFO] 正在生成 Embeddings (此过程可能较慢)...
2026-03-13 19:58:47,644 [ERROR] Pipeline 运行过程中发生致命错误
Traceback (most recent call last):
  File "/root/autodl-tmp/Master_Thesis/unsupervised_classification/bertopic_hate.py", line 344, in <module>
    model, result_df = run_topic_modeling_pipeline(TARGET_LANGS)
                       ^^^^^^^^^^^^^^^^^^^^^^^^^^^^^^^^^^^^^^^^^
  File "/root/autodl-tmp/Master_Thesis/unsupervised_classification/bertopic_hate.py", line 250, in run_topic_modeling_pipeline
    embeddings = embedding_model.encode(tokenized_docs, show_progress_bar=True)
                 ^^^^^^^^^^^^^^^^^^^^^^^^^^^^^^^^^^^^^^^^^^^^^^^^^^^^^^^^^^^^^^
  File "/root/venv/lib/python3.12/site-packages/torch/utils/_contextlib.py", line 116, in decorate_context
    return func(*args, **kwargs)
           ^^^^^^^^^^^^^^^^^^^^^
  File "/root/venv/lib/python3.12/site-packages/sentence_transformers/SentenceTransformer.py", line 1094, in encode
    out_features = self.forward(features, **kwargs)
                   ^^^^^^^^^^^^^^^^^^^^^^^^^^^^^^^^
  File "/root/venv/lib/python3.12/site-packages/sentence_transformers/SentenceTransformer.py", line 1175, in forward
    input = module(input, **module_kwargs)
            ^^^^^^^^^^^^^^^^^^^^^^^^^^^^^^
  File "/root/venv/lib/python3.12/site-packages/torch/nn/modules/module.py", line 1736, in _wrapped_call_impl
    return self._call_impl(*args, **kwargs)
           ^^^^^^^^^^^^^^^^^^^^^^^^^^^^^^^^
  File "/root/venv/lib/python3.12/site-packages/torch/nn/modules/module.py", line 1747, in _call_impl
    return forward_call(*args, **kwargs)
           ^^^^^^^^^^^^^^^^^^^^^^^^^^^^^
  File "/root/venv/lib/python3.12/site-packages/sentence_transformers/models/Transformer.py", line 262, in forward
    outputs = self.auto_model(**trans_features, **kwargs, return_dict=True)
              ^^^^^^^^^^^^^^^^^^^^^^^^^^^^^^^^^^^^^^^^^^^^^^^^^^^^^^^^^^^^^
  File "/root/venv/lib/python3.12/site-packages/torch/nn/modules/module.py", line 1736, in _wrapped_call_impl
    return self._call_impl(*args, **kwargs)
           ^^^^^^^^^^^^^^^^^^^^^^^^^^^^^^^^
  File "/root/venv/lib/python3.12/site-packages/torch/nn/modules/module.py", line 1747, in _call_impl
    return forward_call(*args, **kwargs)
           ^^^^^^^^^^^^^^^^^^^^^^^^^^^^^
  File "/root/venv/lib/python3.12/site-packages/transformers/models/xlm_roberta/modeling_xlm_roberta.py", line 789, in forward
    embedding_output = self.embeddings(
                       ^^^^^^^^^^^^^^^^
  File "/root/venv/lib/python3.12/site-packages/torch/nn/modules/module.py", line 1736, in _wrapped_call_impl
    return self._call_impl(*args, **kwargs)
           ^^^^^^^^^^^^^^^^^^^^^^^^^^^^^^^^
  File "/root/venv/lib/python3.12/site-packages/torch/nn/modules/module.py", line 1747, in _call_impl
    return forward_call(*args, **kwargs)
           ^^^^^^^^^^^^^^^^^^^^^^^^^^^^^
  File "/root/venv/lib/python3.12/site-packages/transformers/models/xlm_roberta/modeling_xlm_roberta.py", line 88, in forward
    position_ids = create_position_ids_from_input_ids(input_ids, self.padding_idx, past_key_values_length)
                   ^^^^^^^^^^^^^^^^^^^^^^^^^^^^^^^^^^^^^^^^^^^^^^^^^^^^^^^^^^^^^^^^^^^^^^^^^^^^^^^^^^^^^^^
  File "/root/venv/lib/python3.12/site-packages/transformers/models/xlm_roberta/modeling_xlm_roberta.py", line 1548, in create_position_ids_from_input_ids
    mask = input_ids.ne(padding_idx).int()
           ^^^^^^^^^^^^^^^^^^^^^^^^^
RuntimeError: CUDA error: no kernel image is available for execution on the device
CUDA kernel errors might be asynchronously reported at some other API call, so the stacktrace below might be incorrect.
For debugging consider passing CUDA_LAUNCH_BLOCKING=1
Compile with `TORCH_USE_CUDA_DSA` to enable device-side assertions.

