2026-03-13 22:27:35,813 [INFO] 正在加载数据集，目标语言: ['zh', 'en', 'jp']
2026-03-13 22:27:35,821 [INFO] [zh] 采样了 1000 条数据 (多语言模式).
2026-03-13 22:27:36,196 [INFO] [en] 采样了 1000 条数据 (多语言模式).
2026-03-13 22:27:36,214 [INFO] [jp] 采样了 1000 条数据 (多语言模式).
2026-03-13 22:27:36,215 [INFO] 数据集构建完成，总计 3000 条数据。
2026-03-13 22:27:36,215 [INFO] 正在执行多语言预分词处理...
2026-03-13 22:27:44,230 [INFO] 已保存预处理后的语料库。
2026-03-13 22:27:44,230 [INFO] 加载基座模型: intfloat/multilingual-e5-large-instruct
2026-03-13 22:27:53,311 [INFO] 正在生成 Embeddings (此过程可能较慢)...
2026-03-13 22:28:10,604 [INFO] 正在对齐 3 种语言的向量空间...
2026-03-13 22:28:10,620 [INFO] 向量对齐完成。
2026-03-13 22:28:10,642 [INFO] 生成 UMAP + HDBSCAN 可视化 (拟合前)...
2026-03-13 22:28:53,953 [INFO] 配置 UMAP 模型...
2026-03-13 22:28:53,954 [INFO] 配置 HDBSCAN 模型...
2026-03-13 22:28:53,954 [INFO] 配置 CountVectorizer (加载自定义停用词)...
2026-03-13 22:28:53,957 [INFO] 初始化并拟合 BERTopic 模型...
2026-03-13 22:29:20,386 [INFO] 执行完毕，正在导出分析结果...
2026-03-13 22:29:20,434 [INFO] 正在生成可视化 HTML 图表...
2026-03-13 22:30:39,928 [INFO] 所有步骤已完成！结果保存在 unsupervised_classification/topic_modeling_results/third 目录下。
2026-03-13 22:30:39,929 [INFO] --- 聚类质量自我检查报告 ---
2026-03-13 22:30:39,931 [INFO] 噪声点占比: 46.97% (建议保持在 10%-40% 之间)
2026-03-13 22:30:39,934 [INFO] 
前 5 个话题的语言构成 (行=话题, 列=语种计数):
2026-03-13 22:30:39,935 [INFO] 
lang   en  jp  zh
topic            
0      93   6   5
1       0  98   0
2      81   1   7
3      17   6  37
4      48   0   7
2026-03-13 22:30:39,936 [INFO] 发现 22 个纯语种话题，跨语言对齐仍有提升空间。
2026-03-13 22:30:39,937 [INFO] 
=== Top 5 Topics ===
2026-03-13 22:30:39,940 [INFO]    Topic  Count  ...                                     Representation                                Representative_Docs
0     -1   1409  ...  [catholic, 日本, 教, 統一教会, https, キリスト教, カトリック, だ...  [ヤハウェ は どの よう に し て ローマ を 征服 し た の か   キリスト 教 ...
1      0    104  ...  [trump, white, clinton, america, donald, evang...  [their was a poll that came out last night fro...
2      1     98  ...          [安倍, 山上, 統一教会, ズブズブ, 母親, 晋, 三, 旧, 信者, 思う]  [安倍 個人 だけ で なく 安倍 周辺 の 安倍 に 近い 政治 家 が 統一教会 と ズ...
3      2     89  ...  [pope, francis, liturgy, teaching, holy, ii, b...  [i don't often agree with life of the lay, but...
4      3     60  ...             [kill, 玩, 女孩, 爹, 称, 神棍, mad, 牛, 离开, 狗]  [/ / @ 谢剑 喂 : [ 哈哈 ] / / @ bonyzhong :   耶稣 他 ...
5      4     55  ...  [gay, abuse, communion, sexual, marriage, rece...  ["thompson: does that mean they can receive co...

[6 rows x 5 columns]
