2026-03-13 22:16:12,822 [INFO] 正在加载数据集，目标语言: ['zh', 'en', 'jp']
2026-03-13 22:16:12,830 [INFO] [zh] 采样了 1000 条数据 (多语言模式).
2026-03-13 22:16:13,203 [INFO] [en] 采样了 1000 条数据 (多语言模式).
2026-03-13 22:16:13,219 [INFO] [jp] 采样了 1000 条数据 (多语言模式).
2026-03-13 22:16:13,220 [INFO] 数据集构建完成，总计 3000 条数据。
2026-03-13 22:16:13,221 [INFO] 正在执行多语言预分词处理...
2026-03-13 22:16:20,989 [INFO] 已保存预处理后的语料库。
2026-03-13 22:16:20,989 [INFO] 加载基座模型: intfloat/multilingual-e5-large-instruct
2026-03-13 22:16:30,923 [INFO] 正在生成 Embeddings (此过程可能较慢)...
2026-03-13 22:16:53,993 [INFO] 生成 UMAP + HDBSCAN 可视化 (拟合前)...
2026-03-13 22:17:35,640 [INFO] 配置 UMAP 模型...
2026-03-13 22:17:35,640 [INFO] 配置 HDBSCAN 模型...
2026-03-13 22:17:35,640 [INFO] 配置 CountVectorizer (加载自定义停用词)...
2026-03-13 22:17:35,642 [INFO] 初始化并拟合 BERTopic 模型...
2026-03-13 22:18:00,816 [INFO] 执行完毕，正在导出分析结果...
2026-03-13 22:18:00,861 [INFO] 正在生成可视化 HTML 图表...
2026-03-13 22:19:20,433 [INFO] 所有步骤已完成！结果保存在 unsupervised_classification/topic_modeling_results/third 目录下。
2026-03-13 22:19:20,435 [INFO] --- 聚类质量自我检查报告 ---
2026-03-13 22:19:20,436 [INFO] 噪声点占比: 47.00% (建议保持在 10%-40% 之间)
2026-03-13 22:19:20,440 [INFO] 
前 5 个话题的语言构成 (行=话题, 列=语种计数):
2026-03-13 22:19:20,441 [INFO] 
lang   en   jp  zh
topic             
0       0  196   3
1       0   76   4
2      68    1   5
3      10   27  33
4       1    3  51
2026-03-13 22:19:20,442 [INFO] 发现 16 个纯语种话题，跨语言对齐仍有提升空间。
2026-03-13 22:19:20,443 [INFO] 
=== Top 5 Topics ===
2026-03-13 22:19:20,445 [INFO]    Topic  Count  ...                                     Representation                                Representative_Docs
0     -1   1410  ...      [2016, 年, 日, 月, 匿名, 日本, catholic, たら, とか, 04]  [クリスチャン   カズ   聖書 の 学び と 実践   2019 年 09 月 10 日...
1      0    199  ...      [統一教会, 安倍, 自民党, 山上, 信者, ネトウヨ, 関係, 晋, ズブズブ, 三]  [>> 587   横 から だ が 、 統一教会 は オマエ だろ 、 タコ, 統一教会 ...
2      1     80  ...           [韓国, 統一教会, 朝鮮, 三, 統一, 日本人, 日本, 詐欺, l, 韓]  [＊   「 世界 で 唯一 の 善良 な （ お人好し な ） 民族 で ある 日本人 を...
3      2     74  ...  [pope, francis, catholics, catholic, clergy, v...  [what would you qualify as 'the authentic cath...
4      3     70  ...   [read, testament, お前, 書い, 一句, がる, 旧約, なぜ, 父, 言葉]  [なぜ 聖書 は 神 の 言葉 で ある と 言える の か ？   |   セブンスデー・...
5      4     55  ...           [ダメ, 知能, メンバー, 脑残, 症, 东西, 众人, 々, 天才, 知的]  [我 好像 在 兰迪 的 书 里面 看到 过 这个 名字 ， 貌似 害死 不少 脑残 信徒,...

[6 rows x 5 columns]
