2026-03-13 20:10:43,608 [INFO] 正在加载数据集，目标语言: ['zh', 'en', 'jp']
2026-03-13 20:10:43,615 [INFO] [zh] 采样了 1000 条数据 (多语言模式).
2026-03-13 20:10:43,928 [INFO] [en] 采样了 1000 条数据 (多语言模式).
2026-03-13 20:10:43,940 [INFO] [jp] 采样了 1000 条数据 (多语言模式).
2026-03-13 20:10:43,941 [INFO] 数据集构建完成，总计 3000 条数据。
2026-03-13 20:10:43,941 [INFO] 正在执行多语言预分词处理...
2026-03-13 20:10:49,918 [INFO] 已保存预处理后的语料库。
2026-03-13 20:10:49,918 [INFO] 加载基座模型: intfloat/multilingual-e5-large-instruct
2026-03-13 20:11:04,298 [INFO] 正在生成 Embeddings (此过程可能较慢)...
2026-03-13 20:11:12,559 [INFO] 生成 UMAP + HDBSCAN 可视化 (拟合前)...
2026-03-13 20:11:32,770 [INFO] 配置 UMAP 模型...
2026-03-13 20:11:32,770 [INFO] 配置 HDBSCAN 模型...
2026-03-13 20:11:32,770 [INFO] 配置 CountVectorizer (加载自定义停用词)...
2026-03-13 20:11:32,772 [INFO] 初始化并拟合 BERTopic 模型...
2026-03-13 20:11:48,195 [INFO] 执行完毕，正在导出分析结果...
2026-03-13 20:11:48,224 [INFO] 正在生成可视化 HTML 图表...
2026-03-13 20:12:45,709 [INFO] 所有步骤已完成！结果保存在 unsupervised_classification/topic_modeling_results 目录下。
2026-03-13 20:12:45,710 [INFO] --- 聚类质量自我检查报告 ---
2026-03-13 20:12:45,711 [INFO] 噪声点占比: 0.00% (建议保持在 10%-40% 之间)
2026-03-13 20:12:45,713 [INFO] 
前 5 个话题的语言构成 (行=话题, 列=语种计数):
2026-03-13 20:12:45,715 [INFO] 
lang     en    jp   zh
topic                 
0         0  1000    0
1      1000     0    0
2         0     0  984
3         0     0   16
2026-03-13 20:12:45,715 [INFO] 发现 4 个纯语种话题，跨语言对齐仍有提升空间。
2026-03-13 20:12:45,716 [INFO] 
=== Top 5 Topics ===
2026-03-13 20:12:45,717 [INFO]    Topic  Count  ...                                     Representation                                Representative_Docs
0      0   1000  ...             [統一教会, てる, よ, さん, って, 年, 日本, だろ, 日, ね]  [>> 558   だって 神 ・ 鶴子 が   「 安倍 は 統一教会 と ズブズブ 」 ...
1      1   1000  ...  [catholic, people, catholics, time, christ, wo...  [to you they are god's conditions. to me, they...
2      2    984  ...             [说, 基督徒, 中国, 信, 没, 新教, 里, 棍, 天主教, 传教士]  [早上 出 地铁 ， 碰到 了 两个 妈妈 年纪 的 女人 ， 站 在 我 面前 ， 对 我...
3      3     16  ...        [圣母, 婊, 牺牲, 预料到, 拯救, 区别, 做, 同情心, 慷他人之慨, 成全]  [lz 对 圣母 这个 词 疑似 有点 误会 ， 圣母 角色 就 必须 是 极端 的 fw ...

[4 rows x 5 columns]
