2026-03-13 22:33:37,797 [INFO] 正在加载数据集，目标语言: ['zh', 'en', 'jp']
2026-03-13 22:33:37,805 [INFO] [zh] 采样了 1000 条数据 (多语言模式).
2026-03-13 22:33:38,191 [INFO] [en] 采样了 1000 条数据 (多语言模式).
2026-03-13 22:33:38,208 [INFO] [jp] 采样了 1000 条数据 (多语言模式).
2026-03-13 22:33:38,209 [INFO] 数据集构建完成，总计 3000 条数据。
2026-03-13 22:33:38,210 [INFO] 正在执行多语言预分词处理...
2026-03-13 22:33:46,456 [INFO] 已保存预处理后的语料库。
2026-03-13 22:33:46,456 [INFO] 加载基座模型: intfloat/multilingual-e5-large-instruct
2026-03-13 22:34:01,185 [INFO] 正在生成 Embeddings (此过程可能较慢)...
2026-03-13 22:34:18,545 [INFO] 正在对齐 3 种语言的向量空间...
2026-03-13 22:34:18,560 [INFO] 向量对齐完成。
2026-03-13 22:34:18,581 [INFO] 生成 UMAP + HDBSCAN 可视化 (拟合前)...
2026-03-13 22:35:01,316 [INFO] 配置 UMAP 模型...
2026-03-13 22:35:01,316 [INFO] 配置 HDBSCAN 模型...
2026-03-13 22:35:01,316 [INFO] 配置 CountVectorizer (加载自定义停用词)...
2026-03-13 22:35:01,318 [INFO] 初始化并拟合 BERTopic 模型...
2026-03-13 22:35:26,700 [INFO] 执行完毕，正在导出分析结果...
2026-03-13 22:35:26,753 [INFO] 正在生成可视化 HTML 图表...
2026-03-13 22:36:47,742 [INFO] 所有步骤已完成！结果保存在 unsupervised_classification/topic_modeling_results/third 目录下。
2026-03-13 22:36:47,743 [INFO] --- 聚类质量自我检查报告 ---
2026-03-13 22:36:47,745 [INFO] 噪声点占比: 43.33% (建议保持在 10%-40% 之间)
2026-03-13 22:36:47,748 [INFO] 
前 5 个话题的语言构成 (行=话题, 列=语种计数):
2026-03-13 22:36:47,750 [INFO] 
lang   en  jp  zh
topic            
0      96   2   3
1       0  85   0
2      75   0   4
3       9  15  50
4       2   3  55
2026-03-13 22:36:47,750 [INFO] 发现 28 个纯语种话题，跨语言对齐仍有提升空间。
2026-03-13 22:36:47,751 [INFO] 
=== Top 5 Topics ===
2026-03-13 22:36:47,754 [INFO]    Topic  ...                                Representative_Docs
0     -1  ...  [共産 主義 について   キリスト 教 文化 から 生じ た 、 「 思想 」 と さ れ...
1      0  ...  [i don't think so - as i said, i was most comf...
2      1  ...  [安倍 個人 だけ で なく 安倍 周辺 の 安倍 に 近い 政治 家 が 統一教会 と ズ...
3      2  ...  [i don't often agree with life of the lay, but...
4      3  ...  [amy 属 は 彼ら の 性癖 を 満たし 、 養っ て くれる 奴隷 が 欲しい だけ ...
5      4  ...  [你 认为 的 孔子 比不上 耶稣 ， 是因为 你 美爹 英爸 能 出去 侵略 。 孔子 留...

[6 rows x 5 columns]
