[2025-11-22 09:33:56] [INFO] 日志系统初始化完成：C:\Users\11037\Documents\GitHub\Master_Thesis\data_collection\Tieba\log\20251122_093356.log
[2025-11-22 09:34:05] [INFO] Loaded 51 keywords.
[2025-11-22 09:34:16] [INFO] ✅ 已加载 cookie 并刷新页面
[2025-11-22 09:34:16] [INFO] 
===== Processing keyword: 上帝 =====
[2025-11-22 09:34:16] [INFO] 🔍 开始关键词：上帝 从第 1 页，共 8 页
[2025-11-22 09:34:19] [INFO] 📄 正在抓取第 1 页...
[2025-11-22 09:36:34] [INFO] 📄 正在抓取第 2 页...
[2025-11-22 09:37:47] [INFO] 📄 正在抓取第 3 页...
[2025-11-22 09:38:31] [INFO] 📄 正在抓取第 4 页...
[2025-11-22 09:39:22] [INFO] 📄 正在抓取第 5 页...
[2025-11-22 09:40:37] [INFO] 📄 正在抓取第 6 页...
[2025-11-22 09:41:18] [INFO] 📄 正在抓取第 7 页...
[2025-11-22 09:42:09] [INFO] 📄 正在抓取第 8 页...
[2025-11-22 09:43:17] [INFO] 
===== Processing keyword: 耶稣 =====
[2025-11-22 09:43:17] [INFO] 🔍 开始关键词：耶稣 从第 1 页，共 8 页
[2025-11-22 09:43:21] [INFO] 📄 正在抓取第 1 页...
[2025-11-22 09:44:20] [INFO] 📄 正在抓取第 2 页...
[2025-11-22 09:45:12] [INFO] 📄 正在抓取第 3 页...
[2025-11-22 09:46:38] [INFO] 📄 正在抓取第 4 页...
[2025-11-22 09:47:45] [INFO] 📄 正在抓取第 5 页...
[2025-11-22 09:48:38] [INFO] 📄 正在抓取第 6 页...
[2025-11-22 09:49:38] [INFO] 📄 正在抓取第 7 页...
[2025-11-22 09:50:31] [INFO] 📄 正在抓取第 8 页...
[2025-11-22 09:51:21] [INFO] 
===== Processing keyword: 基督 =====
[2025-11-22 09:51:21] [INFO] 🔍 开始关键词：基督 从第 1 页，共 8 页
[2025-11-22 09:51:45] [INFO] 📄 正在抓取第 1 页...
[2025-11-22 09:52:47] [INFO] 📄 正在抓取第 2 页...
[2025-11-22 09:53:54] [INFO] 📄 正在抓取第 3 页...
[2025-11-22 09:54:56] [INFO] 📄 正在抓取第 4 页...
[2025-11-22 09:55:57] [INFO] 📄 正在抓取第 5 页...
[2025-11-22 09:56:47] [INFO] 📄 正在抓取第 6 页...
[2025-11-22 09:57:30] [INFO] 📄 正在抓取第 7 页...
[2025-11-22 09:58:24] [INFO] 📄 正在抓取第 8 页...
[2025-11-22 09:59:14] [INFO] 
===== Processing keyword: 基督徒 =====
[2025-11-22 09:59:14] [INFO] 🔍 开始关键词：基督徒 从第 1 页，共 8 页
[2025-11-22 09:59:39] [INFO] 📄 正在抓取第 1 页...
[2025-11-22 10:00:17] [INFO] 📄 正在抓取第 2 页...
[2025-11-22 10:01:15] [INFO] 📄 正在抓取第 3 页...
[2025-11-22 10:02:03] [INFO] 📄 正在抓取第 4 页...
[2025-11-22 10:03:01] [INFO] 📄 正在抓取第 5 页...
[2025-11-22 10:04:01] [INFO] 📄 正在抓取第 6 页...
[2025-11-22 10:05:07] [INFO] 📄 正在抓取第 7 页...
[2025-11-22 10:06:23] [INFO] 📄 正在抓取第 8 页...
[2025-11-22 10:07:05] [INFO] 
===== Processing keyword: 教会 =====
[2025-11-22 10:07:05] [INFO] 🔍 开始关键词：教会 从第 1 页，共 8 页
[2025-11-22 10:07:29] [INFO] 📄 正在抓取第 1 页...
[2025-11-22 10:08:38] [INFO] 📄 正在抓取第 2 页...
[2025-11-22 10:09:48] [INFO] 📄 正在抓取第 3 页...
[2025-11-22 10:10:39] [INFO] 📄 正在抓取第 4 页...
[2025-11-22 10:11:49] [INFO] 📄 正在抓取第 5 页...
[2025-11-22 10:12:57] [INFO] 📄 正在抓取第 6 页...
[2025-11-22 10:13:57] [INFO] 📄 正在抓取第 7 页...
[2025-11-22 10:14:45] [INFO] 📄 正在抓取第 8 页...
[2025-11-22 10:15:37] [INFO] 
===== Processing keyword: 圣经 =====
[2025-11-22 10:15:37] [INFO] 🔍 开始关键词：圣经 从第 1 页，共 8 页
[2025-11-22 10:16:01] [INFO] 📄 正在抓取第 1 页...
[2025-11-22 10:16:52] [INFO] 📄 正在抓取第 2 页...
[2025-11-22 10:17:54] [INFO] 📄 正在抓取第 3 页...
[2025-11-22 10:19:07] [INFO] 📄 正在抓取第 4 页...
[2025-11-22 10:20:10] [INFO] 📄 正在抓取第 5 页...
[2025-11-22 10:21:23] [INFO] 📄 正在抓取第 6 页...
[2025-11-22 10:22:11] [INFO] 📄 正在抓取第 7 页...
[2025-11-22 10:23:24] [INFO] 📄 正在抓取第 8 页...
[2025-11-22 10:24:20] [INFO] 
===== Processing keyword: 圣灵 =====
[2025-11-22 10:24:20] [INFO] 🔍 开始关键词：圣灵 从第 1 页，共 8 页
[2025-11-22 10:24:23] [INFO] 📄 正在抓取第 1 页...
[2025-11-22 10:25:25] [INFO] 📄 正在抓取第 2 页...
[2025-11-22 10:26:26] [INFO] 📄 正在抓取第 3 页...
[2025-11-22 10:27:18] [INFO] 📄 正在抓取第 4 页...
[2025-11-22 10:28:13] [INFO] 📄 正在抓取第 5 页...
[2025-11-22 10:29:10] [INFO] 📄 正在抓取第 6 页...
[2025-11-22 10:29:47] [INFO] 📄 正在抓取第 7 页...
[2025-11-22 10:30:40] [INFO] 📄 正在抓取第 8 页...
[2025-11-22 10:31:59] [INFO] 
===== Processing keyword: 圣餐 =====
[2025-11-22 10:31:59] [INFO] 🔍 开始关键词：圣餐 从第 1 页，共 8 页
[2025-11-22 10:32:23] [INFO] 📄 正在抓取第 1 页...
[2025-11-22 10:33:38] [INFO] 📄 正在抓取第 2 页...
[2025-11-22 10:34:40] [INFO] 📄 正在抓取第 3 页...
[2025-11-22 10:35:36] [INFO] 📄 正在抓取第 4 页...
[2025-11-22 10:36:43] [INFO] 📄 正在抓取第 5 页...
[2025-11-22 10:38:08] [INFO] 📄 正在抓取第 6 页...
[2025-11-22 10:39:11] [INFO] 📄 正在抓取第 7 页...
[2025-11-22 10:40:05] [INFO] 📄 正在抓取第 8 页...
[2025-11-22 10:41:18] [INFO] 
===== Processing keyword: 圣体 =====
[2025-11-22 10:41:18] [INFO] 🔍 开始关键词：圣体 从第 1 页，共 8 页
[2025-11-22 10:41:22] [INFO] 📄 正在抓取第 1 页...
[2025-11-22 10:42:46] [INFO] 📄 正在抓取第 2 页...
[2025-11-22 10:43:44] [INFO] 📄 正在抓取第 3 页...
[2025-11-22 10:44:35] [INFO] 📄 正在抓取第 4 页...
[2025-11-22 10:45:14] [INFO] 📄 正在抓取第 5 页...
[2025-11-22 10:45:18] [WARNING] ⚠️ 检测到安全验证（captcha）。请在浏览器中完成验证后按 Enter 继续。
[2025-11-22 14:58:58] [INFO] 📄 正在抓取第 6 页...
[2025-11-22 15:00:14] [INFO] 📄 正在抓取第 7 页...
[2025-11-22 15:01:15] [ERROR] 🚫 未能点击下一页或已到最后一页。
[2025-11-22 15:01:15] [INFO] 
===== Processing keyword: 十字架 =====
[2025-11-22 15:01:15] [INFO] 🔍 开始关键词：十字架 从第 1 页，共 8 页
[2025-11-22 15:01:40] [INFO] 📄 正在抓取第 1 页...
[2025-11-22 15:02:39] [ERROR] 🚫 未能点击下一页或已到最后一页。
[2025-11-22 15:02:39] [INFO] 
===== Processing keyword: 旧约 =====
[2025-11-22 15:02:39] [INFO] 🔍 开始关键词：旧约 从第 1 页，共 8 页
[2025-11-22 15:02:42] [INFO] 📄 正在抓取第 1 页...
[2025-11-22 15:04:03] [ERROR] 🚫 未能点击下一页或已到最后一页。
[2025-11-22 15:04:03] [INFO] 
===== Processing keyword: 新约 =====
[2025-11-22 15:04:03] [INFO] 🔍 开始关键词：新约 从第 1 页，共 8 页
[2025-11-22 15:04:07] [INFO] 📄 正在抓取第 1 页...
[2025-11-22 15:05:19] [ERROR] 🚫 未能点击下一页或已到最后一页。
[2025-11-22 15:05:19] [INFO] 
===== Processing keyword: 福音 =====
[2025-11-22 15:05:19] [INFO] 🔍 开始关键词：福音 从第 1 页，共 8 页
[2025-11-22 15:05:43] [INFO] 📄 正在抓取第 1 页...
[2025-11-22 15:06:47] [INFO] 📄 正在抓取第 2 页...
[2025-11-22 15:07:43] [INFO] 📄 正在抓取第 3 页...
[2025-11-22 15:08:38] [INFO] 📄 正在抓取第 4 页...
[2025-11-22 15:09:41] [INFO] 📄 正在抓取第 5 页...
[2025-11-22 15:10:26] [INFO] 📄 正在抓取第 6 页...
[2025-11-22 15:11:16] [INFO] 📄 正在抓取第 7 页...
[2025-11-22 15:12:25] [INFO] 📄 正在抓取第 8 页...
[2025-11-22 15:13:37] [INFO] 
===== Processing keyword: 教义 =====
[2025-11-22 15:13:37] [INFO] 🔍 开始关键词：教义 从第 1 页，共 8 页
[2025-11-22 15:14:01] [INFO] 📄 正在抓取第 1 页...
[2025-11-22 15:15:08] [INFO] 📄 正在抓取第 2 页...
[2025-11-22 15:16:20] [INFO] 📄 正在抓取第 3 页...
[2025-11-22 15:17:05] [INFO] 📄 正在抓取第 4 页...
[2025-11-22 15:18:10] [INFO] 📄 正在抓取第 5 页...
[2025-11-22 15:19:07] [INFO] 📄 正在抓取第 6 页...
[2025-11-22 15:20:03] [INFO] 📄 正在抓取第 7 页...
[2025-11-22 15:21:08] [INFO] 📄 正在抓取第 8 页...
[2025-11-22 15:22:15] [INFO] 
===== Processing keyword: 做礼拜 =====
[2025-11-22 15:22:15] [INFO] 🔍 开始关键词：做礼拜 从第 1 页，共 8 页
[2025-11-22 15:22:40] [INFO] 📄 正在抓取第 1 页...
[2025-11-22 15:23:25] [INFO] 📄 正在抓取第 2 页...
[2025-11-22 15:24:27] [INFO] 📄 正在抓取第 3 页...
[2025-11-22 15:25:22] [INFO] 📄 正在抓取第 4 页...
[2025-11-22 15:26:35] [INFO] 📄 正在抓取第 5 页...
[2025-11-22 15:27:34] [INFO] 📄 正在抓取第 6 页...
[2025-11-22 15:28:41] [INFO] 📄 正在抓取第 7 页...
[2025-11-22 15:29:45] [INFO] 📄 正在抓取第 8 页...
[2025-11-22 15:30:57] [INFO] 
===== Processing keyword: 宗教 =====
[2025-11-22 15:30:57] [INFO] 🔍 开始关键词：宗教 从第 1 页，共 8 页
[2025-11-22 15:31:22] [INFO] 📄 正在抓取第 1 页...
[2025-11-22 15:32:23] [INFO] 📄 正在抓取第 2 页...
[2025-11-22 15:33:52] [INFO] 📄 正在抓取第 3 页...
[2025-11-22 15:34:41] [INFO] 📄 正在抓取第 4 页...
[2025-11-22 15:35:43] [INFO] 📄 正在抓取第 5 页...
[2025-11-22 15:36:33] [INFO] 📄 正在抓取第 6 页...
[2025-11-22 15:38:07] [INFO] 📄 正在抓取第 7 页...
[2025-11-22 15:39:21] [INFO] 📄 正在抓取第 8 页...
[2025-11-22 15:40:25] [INFO] 
===== Processing keyword: 教区 =====
[2025-11-22 15:40:25] [INFO] 🔍 开始关键词：教区 从第 1 页，共 8 页
[2025-11-22 15:40:49] [INFO] 📄 正在抓取第 1 页...
[2025-11-22 15:41:48] [INFO] 📄 正在抓取第 2 页...
[2025-11-22 15:42:47] [INFO] 📄 正在抓取第 3 页...
[2025-11-22 15:43:44] [INFO] 📄 正在抓取第 4 页...
[2025-11-22 15:45:01] [INFO] 📄 正在抓取第 5 页...
[2025-11-22 15:46:32] [INFO] 📄 正在抓取第 6 页...
[2025-11-22 15:47:15] [INFO] 📄 正在抓取第 7 页...
[2025-11-22 15:48:15] [INFO] 📄 正在抓取第 8 页...
[2025-11-22 15:49:14] [INFO] 
===== Processing keyword: 教派 =====
[2025-11-22 15:49:14] [INFO] 🔍 开始关键词：教派 从第 1 页，共 8 页
[2025-11-22 15:49:17] [INFO] 📄 正在抓取第 1 页...
[2025-11-22 15:50:31] [INFO] 📄 正在抓取第 2 页...
[2025-11-22 15:51:30] [INFO] 📄 正在抓取第 3 页...
[2025-11-22 15:52:14] [INFO] 📄 正在抓取第 4 页...
[2025-11-22 15:52:59] [INFO] 📄 正在抓取第 5 页...
[2025-11-22 15:54:05] [INFO] 📄 正在抓取第 6 页...
[2025-11-22 15:55:03] [INFO] 📄 正在抓取第 7 页...
[2025-11-22 15:56:07] [INFO] 📄 正在抓取第 8 页...
[2025-11-22 15:57:31] [INFO] 
===== Processing keyword: 天主 =====
[2025-11-22 15:57:31] [INFO] 🔍 开始关键词：天主 从第 1 页，共 8 页
[2025-11-22 15:57:56] [INFO] 📄 正在抓取第 1 页...
[2025-11-22 15:59:07] [INFO] 📄 正在抓取第 2 页...
[2025-11-22 16:00:07] [INFO] 📄 正在抓取第 3 页...
[2025-11-22 16:01:27] [INFO] 📄 正在抓取第 4 页...
[2025-11-22 16:02:20] [INFO] 📄 正在抓取第 5 页...
[2025-11-22 16:03:14] [INFO] 📄 正在抓取第 6 页...
[2025-11-22 16:04:14] [INFO] 📄 正在抓取第 7 页...
[2025-11-22 16:05:12] [INFO] 📄 正在抓取第 8 页...
[2025-11-22 16:06:19] [INFO] 
===== Processing keyword: 天主教 =====
[2025-11-22 16:06:19] [INFO] 🔍 开始关键词：天主教 从第 1 页，共 8 页
[2025-11-22 16:06:43] [INFO] 📄 正在抓取第 1 页...
[2025-11-22 16:07:37] [INFO] 📄 正在抓取第 2 页...
[2025-11-22 16:08:47] [INFO] 📄 正在抓取第 3 页...
[2025-11-22 16:10:00] [INFO] 📄 正在抓取第 4 页...
[2025-11-22 16:10:59] [INFO] 📄 正在抓取第 5 页...
[2025-11-22 16:11:51] [INFO] 📄 正在抓取第 6 页...
[2025-11-22 16:12:54] [INFO] 📄 正在抓取第 7 页...
[2025-11-22 16:13:45] [INFO] 📄 正在抓取第 8 页...
[2025-11-22 16:14:44] [INFO] 
===== Processing keyword: 东正教 =====
[2025-11-22 16:14:44] [INFO] 🔍 开始关键词：东正教 从第 1 页，共 8 页
[2025-11-22 16:14:47] [INFO] 📄 正在抓取第 1 页...
[2025-11-22 16:16:03] [INFO] 📄 正在抓取第 2 页...
[2025-11-22 16:17:12] [INFO] 📄 正在抓取第 3 页...
[2025-11-22 16:18:48] [INFO] 📄 正在抓取第 4 页...
[2025-11-22 16:19:42] [INFO] 📄 正在抓取第 5 页...
[2025-11-22 16:20:42] [INFO] 📄 正在抓取第 6 页...
[2025-11-22 16:21:49] [INFO] 📄 正在抓取第 7 页...
[2025-11-22 16:23:10] [INFO] 📄 正在抓取第 8 页...
[2025-11-22 16:24:33] [INFO] 
===== Processing keyword: 新教 =====
[2025-11-22 16:24:33] [INFO] 🔍 开始关键词：新教 从第 1 页，共 8 页
[2025-11-22 16:24:57] [INFO] 📄 正在抓取第 1 页...
[2025-11-22 16:25:59] [INFO] 📄 正在抓取第 2 页...
[2025-11-22 16:26:43] [INFO] 📄 正在抓取第 3 页...
[2025-11-22 16:27:51] [INFO] 📄 正在抓取第 4 页...
[2025-11-22 16:29:01] [INFO] 📄 正在抓取第 5 页...
[2025-11-22 16:29:37] [INFO] 📄 正在抓取第 6 页...
[2025-11-22 16:30:36] [INFO] 📄 正在抓取第 7 页...
[2025-11-22 16:31:34] [INFO] 📄 正在抓取第 8 页...
[2025-11-22 16:32:42] [INFO] 
===== Processing keyword: 犹太教 =====
[2025-11-22 16:32:42] [INFO] 🔍 开始关键词：犹太教 从第 1 页，共 8 页
[2025-11-22 16:33:06] [INFO] 📄 正在抓取第 1 页...
[2025-11-22 16:33:57] [INFO] 📄 正在抓取第 2 页...
[2025-11-22 16:35:04] [INFO] 📄 正在抓取第 3 页...
[2025-11-22 16:35:47] [INFO] 📄 正在抓取第 4 页...
[2025-11-22 16:36:48] [INFO] 📄 正在抓取第 5 页...
[2025-11-22 16:37:40] [INFO] 📄 正在抓取第 6 页...
[2025-11-22 16:38:34] [INFO] 📄 正在抓取第 7 页...
[2025-11-22 16:39:41] [INFO] 📄 正在抓取第 8 页...
[2025-11-22 16:40:34] [INFO] 
===== Processing keyword: 以色列 =====
[2025-11-22 16:40:34] [INFO] 🔍 开始关键词：以色列 从第 1 页，共 8 页
[2025-11-22 16:40:58] [INFO] 📄 正在抓取第 1 页...
[2025-11-22 16:42:13] [INFO] 📄 正在抓取第 2 页...
[2025-11-22 16:43:31] [INFO] 📄 正在抓取第 3 页...
[2025-11-22 16:44:40] [INFO] 📄 正在抓取第 4 页...
[2025-11-22 16:45:43] [INFO] 📄 正在抓取第 5 页...
[2025-11-22 16:46:37] [INFO] 📄 正在抓取第 6 页...
[2025-11-22 16:47:41] [INFO] 📄 正在抓取第 7 页...
[2025-11-22 16:48:57] [INFO] 📄 正在抓取第 8 页...
[2025-11-22 16:50:00] [INFO] 
===== Processing keyword: 传教士 =====
[2025-11-22 16:50:00] [INFO] 🔍 开始关键词：传教士 从第 1 页，共 8 页
[2025-11-22 16:50:24] [INFO] 📄 正在抓取第 1 页...
[2025-11-22 16:51:14] [INFO] 📄 正在抓取第 2 页...
[2025-11-22 16:52:04] [INFO] 📄 正在抓取第 3 页...
[2025-11-22 16:52:46] [INFO] 📄 正在抓取第 4 页...
[2025-11-22 16:53:34] [INFO] 📄 正在抓取第 5 页...
[2025-11-22 16:54:40] [INFO] 📄 正在抓取第 6 页...
[2025-11-22 16:55:37] [INFO] 📄 正在抓取第 7 页...
[2025-11-22 16:56:37] [INFO] 📄 正在抓取第 8 页...
[2025-11-22 16:57:35] [INFO] 
===== Processing keyword: 神父 =====
[2025-11-22 16:57:35] [INFO] 🔍 开始关键词：神父 从第 1 页，共 8 页
[2025-11-22 16:57:38] [INFO] 📄 正在抓取第 1 页...
[2025-11-22 16:58:48] [INFO] 📄 正在抓取第 2 页...
[2025-11-22 16:59:36] [INFO] 📄 正在抓取第 3 页...
[2025-11-22 17:00:46] [INFO] 📄 正在抓取第 4 页...
[2025-11-22 17:01:38] [INFO] 📄 正在抓取第 5 页...
[2025-11-22 17:02:45] [INFO] 📄 正在抓取第 6 页...
[2025-11-22 17:03:47] [INFO] 📄 正在抓取第 7 页...
[2025-11-22 17:05:01] [INFO] 📄 正在抓取第 8 页...
[2025-11-22 17:05:59] [INFO] 
===== Processing keyword: 牧师 =====
[2025-11-22 17:05:59] [INFO] 🔍 开始关键词：牧师 从第 1 页，共 8 页
[2025-11-22 17:06:23] [INFO] 📄 正在抓取第 1 页...
[2025-11-22 17:07:12] [INFO] 📄 正在抓取第 2 页...
[2025-11-22 17:08:07] [INFO] 📄 正在抓取第 3 页...
[2025-11-22 17:09:02] [INFO] 📄 正在抓取第 4 页...
[2025-11-22 17:10:04] [INFO] 📄 正在抓取第 5 页...
[2025-11-22 17:11:06] [INFO] 📄 正在抓取第 6 页...
[2025-11-22 17:11:54] [INFO] 📄 正在抓取第 7 页...
[2025-11-22 17:13:00] [INFO] 📄 正在抓取第 8 页...
[2025-11-22 17:13:55] [INFO] 
===== Processing keyword: 主教 =====
[2025-11-22 17:13:55] [INFO] 🔍 开始关键词：主教 从第 1 页，共 8 页
[2025-11-22 17:14:19] [INFO] 📄 正在抓取第 1 页...
[2025-11-22 17:15:45] [INFO] 📄 正在抓取第 2 页...
[2025-11-22 17:16:52] [INFO] 📄 正在抓取第 3 页...
[2025-11-22 17:18:14] [INFO] 📄 正在抓取第 4 页...
[2025-11-22 17:19:07] [INFO] 📄 正在抓取第 5 页...
[2025-11-22 17:20:31] [INFO] 📄 正在抓取第 6 页...
[2025-11-22 17:21:39] [INFO] 📄 正在抓取第 7 页...
[2025-11-22 17:22:38] [INFO] 📄 正在抓取第 8 页...
[2025-11-22 17:23:21] [INFO] 
===== Processing keyword: 教皇 =====
[2025-11-22 17:23:21] [INFO] 🔍 开始关键词：教皇 从第 1 页，共 8 页
[2025-11-22 17:23:25] [INFO] 📄 正在抓取第 1 页...
[2025-11-22 17:24:38] [INFO] 📄 正在抓取第 2 页...
[2025-11-22 17:25:29] [INFO] 📄 正在抓取第 3 页...
[2025-11-22 17:26:27] [INFO] 📄 正在抓取第 4 页...
[2025-11-22 17:27:27] [INFO] 📄 正在抓取第 5 页...
[2025-11-22 17:28:15] [INFO] 📄 正在抓取第 6 页...
[2025-11-22 17:28:54] [INFO] 📄 正在抓取第 7 页...
[2025-11-22 17:29:53] [INFO] 📄 正在抓取第 8 页...
[2025-11-22 17:30:51] [INFO] 
===== Processing keyword: 修道士 =====
[2025-11-22 17:30:51] [INFO] 🔍 开始关键词：修道士 从第 1 页，共 8 页
[2025-11-22 17:31:16] [INFO] 📄 正在抓取第 1 页...
[2025-11-22 17:32:16] [INFO] 📄 正在抓取第 2 页...
[2025-11-22 17:33:08] [INFO] 📄 正在抓取第 3 页...
[2025-11-22 17:34:05] [INFO] 📄 正在抓取第 4 页...
[2025-11-22 17:35:12] [INFO] 📄 正在抓取第 5 页...
[2025-11-22 17:36:09] [INFO] 📄 正在抓取第 6 页...
[2025-11-22 17:37:05] [INFO] 📄 正在抓取第 7 页...
[2025-11-22 17:38:10] [INFO] 📄 正在抓取第 8 页...
[2025-11-22 17:38:45] [INFO] 
===== Processing keyword: 修女 =====
[2025-11-22 17:38:45] [INFO] 🔍 开始关键词：修女 从第 1 页，共 8 页
[2025-11-22 17:39:10] [INFO] 📄 正在抓取第 1 页...
[2025-11-22 17:40:16] [INFO] 📄 正在抓取第 2 页...
[2025-11-22 17:40:58] [INFO] 📄 正在抓取第 3 页...
[2025-11-22 17:41:53] [INFO] 📄 正在抓取第 4 页...
[2025-11-22 17:42:57] [INFO] 📄 正在抓取第 5 页...
[2025-11-22 17:43:50] [INFO] 📄 正在抓取第 6 页...
[2025-11-22 17:44:24] [INFO] 📄 正在抓取第 7 页...
[2025-11-22 17:45:21] [INFO] 📄 正在抓取第 8 页...
[2025-11-22 17:46:08] [INFO] 
===== Processing keyword: 修道院 =====
[2025-11-22 17:46:09] [INFO] 🔍 开始关键词：修道院 从第 1 页，共 8 页
[2025-11-22 17:46:33] [INFO] 📄 正在抓取第 1 页...
[2025-11-22 17:47:30] [INFO] 📄 正在抓取第 2 页...
[2025-11-22 17:48:04] [INFO] 📄 正在抓取第 3 页...
[2025-11-22 17:48:59] [INFO] 📄 正在抓取第 4 页...
[2025-11-22 17:50:06] [INFO] 📄 正在抓取第 5 页...
[2025-11-22 17:50:54] [INFO] 📄 正在抓取第 6 页...
[2025-11-22 17:51:54] [INFO] 📄 正在抓取第 7 页...
[2025-11-22 17:52:42] [INFO] 📄 正在抓取第 8 页...
[2025-11-22 17:53:24] [INFO] 
===== Processing keyword: 耶狗 =====
[2025-11-22 17:53:24] [INFO] 🔍 开始关键词：耶狗 从第 1 页，共 8 页
[2025-11-22 17:53:49] [INFO] 📄 正在抓取第 1 页...
[2025-11-22 17:54:29] [INFO] 📄 正在抓取第 2 页...
[2025-11-22 17:55:14] [INFO] 📄 正在抓取第 3 页...
[2025-11-22 17:56:00] [INFO] 📄 正在抓取第 4 页...
[2025-11-22 17:56:42] [INFO] 📄 正在抓取第 5 页...
[2025-11-22 17:58:21] [INFO] 📄 正在抓取第 6 页...
[2025-11-22 17:59:15] [INFO] 📄 正在抓取第 7 页...
[2025-11-22 18:00:22] [INFO] 📄 正在抓取第 8 页...
[2025-11-22 18:02:48] [INFO] 
===== Processing keyword: 基督狗 =====
[2025-11-22 18:02:48] [INFO] 🔍 开始关键词：基督狗 从第 1 页，共 8 页
[2025-11-22 18:03:13] [INFO] 📄 正在抓取第 1 页...
[2025-11-22 18:04:08] [INFO] 📄 正在抓取第 2 页...
[2025-11-22 18:04:59] [INFO] 📄 正在抓取第 3 页...
[2025-11-22 18:05:48] [INFO] 📄 正在抓取第 4 页...
[2025-11-22 18:06:48] [INFO] 📄 正在抓取第 5 页...
[2025-11-22 18:08:06] [INFO] 📄 正在抓取第 6 页...
[2025-11-22 18:08:46] [INFO] 📄 正在抓取第 7 页...
[2025-11-22 18:10:05] [INFO] 📄 正在抓取第 8 页...
[2025-11-22 18:10:59] [INFO] 
===== Processing keyword: 神棍 =====
[2025-11-22 18:10:59] [INFO] 🔍 开始关键词：神棍 从第 1 页，共 8 页
[2025-11-22 18:11:23] [INFO] 📄 正在抓取第 1 页...
[2025-11-22 18:12:20] [INFO] 📄 正在抓取第 2 页...
[2025-11-22 18:13:16] [INFO] 📄 正在抓取第 3 页...
[2025-11-22 18:14:05] [INFO] 📄 正在抓取第 4 页...
[2025-11-22 18:14:48] [INFO] 📄 正在抓取第 5 页...
[2025-11-22 18:15:49] [INFO] 📄 正在抓取第 6 页...
[2025-11-22 18:16:34] [INFO] 📄 正在抓取第 7 页...
[2025-11-22 18:17:10] [INFO] 📄 正在抓取第 8 页...
[2025-11-22 18:18:05] [INFO] 
===== Processing keyword: 布道鬼 =====
[2025-11-22 18:18:05] [INFO] 🔍 开始关键词：布道鬼 从第 1 页，共 8 页
[2025-11-22 18:18:08] [INFO] 📄 正在抓取第 1 页...
[2025-11-22 18:19:04] [INFO] 📄 正在抓取第 2 页...
[2025-11-22 18:24:53] [INFO] 📄 正在抓取第 3 页...
[2025-11-22 18:25:37] [INFO] 📄 正在抓取第 4 页...
[2025-11-22 18:26:32] [INFO] 📄 正在抓取第 5 页...
[2025-11-22 18:27:47] [INFO] 📄 正在抓取第 6 页...
[2025-11-22 18:28:34] [INFO] 📄 正在抓取第 7 页...
[2025-11-22 18:29:33] [INFO] 📄 正在抓取第 8 页...
[2025-11-22 18:30:29] [INFO] 
===== Processing keyword: 布道佬 =====
[2025-11-22 18:30:29] [INFO] 🔍 开始关键词：布道佬 从第 1 页，共 8 页
[2025-11-22 18:30:53] [INFO] 📄 正在抓取第 1 页...
[2025-11-22 18:31:11] [ERROR] 🚫 未能点击下一页或已到最后一页。
[2025-11-22 18:31:11] [INFO] 
===== Processing keyword: 皮条教 =====
[2025-11-22 18:31:11] [INFO] 🔍 开始关键词：皮条教 从第 1 页，共 8 页
[2025-11-22 18:31:35] [INFO] 📄 正在抓取第 1 页...
[2025-11-22 18:32:20] [INFO] 📄 正在抓取第 2 页...
[2025-11-22 18:32:36] [ERROR] 🚫 未能点击下一页或已到最后一页。
[2025-11-22 18:32:36] [INFO] 
===== Processing keyword: 圣母婊 =====
[2025-11-22 18:32:36] [INFO] 🔍 开始关键词：圣母婊 从第 1 页，共 8 页
[2025-11-22 18:33:01] [INFO] 📄 正在抓取第 1 页...
[2025-11-22 18:33:55] [INFO] 📄 正在抓取第 2 页...
[2025-11-22 18:34:55] [INFO] 📄 正在抓取第 3 页...
[2025-11-22 18:35:51] [INFO] 📄 正在抓取第 4 页...
[2025-11-22 18:36:44] [INFO] 📄 正在抓取第 5 页...
[2025-11-22 18:37:51] [INFO] 📄 正在抓取第 6 页...
[2025-11-22 18:38:45] [INFO] 📄 正在抓取第 7 页...
[2025-11-22 18:39:25] [INFO] 📄 正在抓取第 8 页...
[2025-11-22 18:40:28] [INFO] 
===== Processing keyword: 脑残信徒 =====
[2025-11-22 18:40:28] [INFO] 🔍 开始关键词：脑残信徒 从第 1 页，共 8 页
[2025-11-22 18:40:52] [INFO] 📄 正在抓取第 1 页...
[2025-11-22 18:41:46] [INFO] 📄 正在抓取第 2 页...
[2025-11-22 18:42:37] [INFO] 📄 正在抓取第 3 页...
[2025-11-22 18:43:26] [INFO] 📄 正在抓取第 4 页...
[2025-11-22 18:44:28] [INFO] 📄 正在抓取第 5 页...
[2025-11-22 18:45:28] [INFO] 📄 正在抓取第 6 页...
[2025-11-22 18:46:23] [INFO] 📄 正在抓取第 7 页...
[2025-11-22 18:47:09] [INFO] 📄 正在抓取第 8 页...
[2025-11-22 18:48:05] [INFO] 
===== Processing keyword: 二毛子 =====
[2025-11-22 18:48:05] [INFO] 🔍 开始关键词：二毛子 从第 1 页，共 8 页
[2025-11-22 18:48:29] [INFO] 📄 正在抓取第 1 页...
[2025-11-22 18:49:25] [INFO] 📄 正在抓取第 2 页...
[2025-11-22 18:50:03] [INFO] 📄 正在抓取第 3 页...
[2025-11-22 18:50:50] [INFO] 📄 正在抓取第 4 页...
[2025-11-22 18:51:48] [INFO] 📄 正在抓取第 5 页...
[2025-11-22 18:52:42] [INFO] 📄 正在抓取第 6 页...
[2025-11-22 18:53:47] [INFO] 📄 正在抓取第 7 页...
[2025-11-22 18:54:26] [INFO] 📄 正在抓取第 8 页...
[2025-11-22 18:55:11] [INFO] 
===== Processing keyword: 性罪教 =====
[2025-11-22 18:55:11] [INFO] 🔍 开始关键词：性罪教 从第 1 页，共 8 页
[2025-11-22 18:55:37] [INFO] 📄 正在抓取第 1 页...
[2025-11-22 18:56:25] [INFO] 📄 正在抓取第 2 页...
[2025-11-22 18:56:47] [ERROR] 🚫 未能点击下一页或已到最后一页。
[2025-11-22 18:56:47] [INFO] 
===== Processing keyword: 十字军党 =====
[2025-11-22 18:56:47] [INFO] 🔍 开始关键词：十字军党 从第 1 页，共 8 页
[2025-11-22 18:56:49] [INFO] 📄 正在抓取第 1 页...
[2025-11-22 18:58:29] [INFO] 📄 正在抓取第 2 页...
[2025-11-22 18:59:31] [INFO] 📄 正在抓取第 3 页...
[2025-11-22 19:00:39] [INFO] 📄 正在抓取第 4 页...
[2025-11-22 19:01:24] [INFO] 📄 正在抓取第 5 页...
[2025-11-22 19:02:04] [ERROR] 🚫 未能点击下一页或已到最后一页。
[2025-11-22 19:02:04] [INFO] 
===== Processing keyword: 圣战 =====
[2025-11-22 19:02:04] [INFO] 🔍 开始关键词：圣战 从第 1 页，共 8 页
[2025-11-22 19:02:29] [INFO] 📄 正在抓取第 1 页...
[2025-11-22 19:03:12] [INFO] 📄 正在抓取第 2 页...
[2025-11-22 19:03:54] [INFO] 📄 正在抓取第 3 页...
[2025-11-22 19:04:48] [INFO] 📄 正在抓取第 4 页...
[2025-11-22 19:05:40] [INFO] 📄 正在抓取第 5 页...
[2025-11-22 19:06:46] [INFO] 📄 正在抓取第 6 页...
[2025-11-22 19:07:54] [INFO] 📄 正在抓取第 7 页...
[2025-11-22 19:08:46] [INFO] 📄 正在抓取第 8 页...
[2025-11-22 19:09:59] [INFO] 
===== Processing keyword: 十字军 =====
[2025-11-22 19:09:59] [INFO] 🔍 开始关键词：十字军 从第 1 页，共 8 页
[2025-11-22 19:10:24] [INFO] 📄 正在抓取第 1 页...
[2025-11-22 19:11:12] [INFO] 📄 正在抓取第 2 页...
[2025-11-22 19:12:01] [INFO] 📄 正在抓取第 3 页...
[2025-11-22 19:12:51] [INFO] 📄 正在抓取第 4 页...
[2025-11-22 19:13:52] [INFO] 📄 正在抓取第 5 页...
[2025-11-22 19:14:35] [INFO] 📄 正在抓取第 6 页...
[2025-11-22 19:15:30] [INFO] 📄 正在抓取第 7 页...
[2025-11-22 19:16:22] [INFO] 📄 正在抓取第 8 页...
[2025-11-22 19:17:18] [INFO] 
===== Processing keyword: 东征 =====
[2025-11-22 19:17:18] [INFO] 🔍 开始关键词：东征 从第 1 页，共 8 页
[2025-11-22 19:17:43] [INFO] 📄 正在抓取第 1 页...
[2025-11-22 19:18:26] [INFO] 📄 正在抓取第 2 页...
[2025-11-22 19:19:17] [INFO] 📄 正在抓取第 3 页...
[2025-11-22 19:19:55] [INFO] 📄 正在抓取第 4 页...
[2025-11-22 19:20:45] [INFO] 📄 正在抓取第 5 页...
[2025-11-22 19:21:24] [INFO] 📄 正在抓取第 6 页...
[2025-11-22 19:22:26] [INFO] 📄 正在抓取第 7 页...
[2025-11-22 19:23:14] [INFO] 📄 正在抓取第 8 页...
[2025-11-22 19:24:13] [INFO] 
===== Processing keyword: 审判 =====
[2025-11-22 19:24:13] [INFO] 🔍 开始关键词：审判 从第 1 页，共 8 页
[2025-11-22 19:24:16] [INFO] 📄 正在抓取第 1 页...
[2025-11-22 19:25:52] [INFO] 📄 正在抓取第 2 页...
[2025-11-22 19:27:01] [INFO] 📄 正在抓取第 3 页...
[2025-11-22 19:27:52] [INFO] 📄 正在抓取第 4 页...
[2025-11-22 19:28:50] [INFO] 📄 正在抓取第 5 页...
[2025-11-22 19:29:45] [INFO] 📄 正在抓取第 6 页...
[2025-11-22 19:30:45] [INFO] 📄 正在抓取第 7 页...
[2025-11-22 19:31:52] [INFO] 📄 正在抓取第 8 页...
[2025-11-22 19:32:48] [INFO] 
===== Processing keyword: 教义争论 =====
[2025-11-22 19:32:48] [INFO] 🔍 开始关键词：教义争论 从第 1 页，共 8 页
[2025-11-22 19:33:12] [INFO] 📄 正在抓取第 1 页...
[2025-11-22 19:33:58] [INFO] 📄 正在抓取第 2 页...
[2025-11-22 19:35:03] [INFO] 📄 正在抓取第 3 页...
[2025-11-22 19:35:53] [INFO] 📄 正在抓取第 4 页...
[2025-11-22 19:36:51] [INFO] 📄 正在抓取第 5 页...
[2025-11-22 19:37:36] [INFO] 📄 正在抓取第 6 页...
[2025-11-22 19:38:30] [INFO] 📄 正在抓取第 7 页...
[2025-11-22 19:39:38] [INFO] 📄 正在抓取第 8 页...
[2025-11-22 19:40:42] [INFO] 
===== Processing keyword: 改革 =====
[2025-11-22 19:40:42] [INFO] 🔍 开始关键词：改革 从第 1 页，共 8 页
[2025-11-22 19:41:06] [INFO] 📄 正在抓取第 1 页...
[2025-11-22 19:42:09] [INFO] 📄 正在抓取第 2 页...
[2025-11-22 19:43:11] [INFO] 📄 正在抓取第 3 页...
[2025-11-22 19:44:19] [INFO] 📄 正在抓取第 4 页...
[2025-11-22 19:45:07] [INFO] 📄 正在抓取第 5 页...
[2025-11-22 19:45:48] [INFO] 📄 正在抓取第 6 页...
[2025-11-22 19:46:35] [INFO] 📄 正在抓取第 7 页...
[2025-11-22 19:47:26] [INFO] 📄 正在抓取第 8 页...
[2025-11-22 19:48:29] [INFO] 
===== Processing keyword: 宗教改革 =====
[2025-11-22 19:48:29] [INFO] 🔍 开始关键词：宗教改革 从第 1 页，共 8 页
[2025-11-22 19:48:53] [INFO] 📄 正在抓取第 1 页...
[2025-11-22 19:49:41] [INFO] 📄 正在抓取第 2 页...
[2025-11-22 19:50:25] [INFO] 📄 正在抓取第 3 页...
[2025-11-22 19:51:13] [INFO] 📄 正在抓取第 4 页...
[2025-11-22 19:51:57] [INFO] 📄 正在抓取第 5 页...
[2025-11-22 19:52:58] [INFO] 📄 正在抓取第 6 页...
[2025-11-22 19:53:57] [INFO] 📄 正在抓取第 7 页...
[2025-11-22 19:54:42] [INFO] 📄 正在抓取第 8 页...
[2025-11-22 19:55:31] [INFO] 
===== Processing keyword: 中世纪 =====
[2025-11-22 19:55:31] [INFO] 🔍 开始关键词：中世纪 从第 1 页，共 8 页
[2025-11-22 19:55:55] [INFO] 📄 正在抓取第 1 页...
[2025-11-22 19:56:44] [INFO] 📄 正在抓取第 2 页...
[2025-11-22 19:57:34] [INFO] 📄 正在抓取第 3 页...
[2025-11-22 19:58:28] [INFO] 📄 正在抓取第 4 页...
[2025-11-22 19:59:17] [INFO] 📄 正在抓取第 5 页...
[2025-11-22 20:00:17] [INFO] 📄 正在抓取第 6 页...
[2025-11-22 20:01:17] [INFO] 📄 正在抓取第 7 页...
[2025-11-22 20:03:26] [INFO] 📄 正在抓取第 8 页...
