2026-03-11 04:27:58,886 - INFO - 日志系统已精简：已过滤 UserWarning 与第三方库 DEBUG 信息。
2026-03-11 04:27:58,888 - INFO - 已加载字体: /root/autodl-tmp/Master_Thesis/SourceHanSansSC-Regular.otf
2026-03-11 04:27:59,051 - INFO - 正在使用设备: cuda
2026-03-11 04:28:11,133 - INFO - 模型 intfloat/multilingual-e5-large-instruct 加载成功。
2026-03-11 04:28:11,140 - INFO - 成功加载 zh 语料: 1000 条记录
2026-03-11 04:28:11,512 - INFO - 成功加载 en 语料: 1000 条记录
2026-03-11 04:28:11,525 - INFO - 成功加载 jp 语料: 1000 条记录
2026-03-11 04:28:11,526 - INFO - 总计处理文本量: 3000
2026-03-11 04:28:11,526 - INFO - 执行多语言预分词...
2026-03-11 04:28:11,526 - DEBUG - Building prefix dict from the default dictionary ...
2026-03-11 04:28:11,526 - DEBUG - Loading model from cache /tmp/jieba.cache
2026-03-11 04:28:12,230 - DEBUG - Loading model cost 0.704 seconds.
2026-03-11 04:28:12,231 - DEBUG - Prefix dict has been built successfully.
2026-03-11 04:28:21,504 - INFO - 开始生成语义嵌入 (Embedding)...
2026-03-11 04:28:46,745 - INFO - UMAP 降维...
2026-03-11 04:29:13,032 - INFO - 执行 K-Means...
2026-03-11 04:29:16,992 - INFO - 执行 HDBSCAN...
2026-03-11 04:29:17,138 - INFO - 正在生成对比图并标注关键词...
2026-03-11 04:29:18,568 - INFO - 可视化图片已保存至: unsupervised_classification/pics/clustering_keywords_comparison.png
2026-03-11 04:29:18,606 - INFO - Process Completed.
