2026-03-11 05:15:23,729 - INFO - 日志系统已精简：已过滤 UserWarning 与第三方库 DEBUG 信息。
2026-03-11 05:15:23,731 - INFO - 已加载字体: /root/autodl-tmp/Master_Thesis/SourceHanSansSC-Regular.otf
2026-03-11 05:15:23,901 - INFO - 正在使用设备: cuda
2026-03-11 05:15:28,922 - INFO - 模型 intfloat/multilingual-e5-large-instruct 加载成功。
2026-03-11 05:15:28,929 - INFO - 成功加载 zh 语料: 1000 条记录
2026-03-11 05:15:29,301 - INFO - 成功加载 en 语料: 1000 条记录
2026-03-11 05:15:29,314 - INFO - 成功加载 jp 语料: 1000 条记录
2026-03-11 05:15:29,315 - INFO - 总计处理文本量: 3000
2026-03-11 05:15:29,316 - INFO - 开始生成 token 级别嵌入...
2026-03-11 05:15:57,508 - INFO - 共生成 225248 个 token 嵌入
2026-03-11 05:15:57,679 - INFO - 去重后剩余 17840 个唯一 Token
2026-03-11 05:15:57,679 - INFO - 对 token 嵌入 UMAP 降维...
2026-03-11 05:16:27,253 - INFO - 对 token 嵌入执行 K-Means...
2026-03-11 05:16:46,684 - INFO - 对 token 嵌入执行 HDBSCAN...
2026-03-11 05:16:48,249 - INFO - 计算每个簇的代表 token...
2026-03-11 05:16:48,315 - INFO - KMeans 簇 0 代表 token: 上
2026-03-11 05:16:48,356 - INFO - KMeans 簇 1 代表 token: 欣
2026-03-11 05:16:48,397 - INFO - KMeans 簇 2 代表 token: :
2026-03-11 05:16:48,438 - INFO - KMeans 簇 3 代表 token: 了
2026-03-11 05:16:48,478 - INFO - KMeans 簇 4 代表 token: 石
2026-03-11 05:16:48,519 - INFO - KMeans 簇 5 代表 token: ▁
2026-03-11 05:16:48,559 - INFO - KMeans 簇 6 代表 token: 挪
2026-03-11 05:16:48,600 - INFO - KMeans 簇 7 代表 token: 着
2026-03-11 05:16:48,641 - INFO - KMeans 簇 8 代表 token: 老
2026-03-11 05:16:48,683 - INFO - KMeans 簇 9 代表 token: 婊
