2026-03-11 04:20:52,884 - INFO - 日志系统已精简：已过滤 UserWarning 与第三方库 DEBUG 信息。
2026-03-11 04:20:52,886 - INFO - 已加载字体: /root/autodl-tmp/Master_Thesis/SourceHanSansSC-Regular.otf
2026-03-11 04:20:53,055 - INFO - 正在使用设备: cuda
2026-03-11 04:20:58,963 - INFO - 模型 intfloat/multilingual-e5-large-instruct 加载成功。
2026-03-11 04:20:58,970 - INFO - 成功加载 zh 语料: 1000 条记录
2026-03-11 04:20:59,337 - INFO - 成功加载 en 语料: 1000 条记录
2026-03-11 04:20:59,350 - INFO - 成功加载 jp 语料: 1000 条记录
2026-03-11 04:20:59,351 - INFO - 总计处理文本量: 3000
2026-03-11 04:20:59,351 - INFO - 执行多语言预分词...
2026-03-11 04:20:59,351 - DEBUG - Building prefix dict from the default dictionary ...
2026-03-11 04:20:59,352 - DEBUG - Loading model from cache /tmp/jieba.cache
2026-03-11 04:21:00,023 - DEBUG - Loading model cost 0.672 seconds.
2026-03-11 04:21:00,024 - DEBUG - Prefix dict has been built successfully.
2026-03-11 04:21:08,866 - INFO - 开始生成语义嵌入 (Embedding)...
2026-03-11 04:21:34,172 - INFO - UMAP 降维...
2026-03-11 04:22:00,992 - INFO - 执行 K-Means...
2026-03-11 04:22:04,844 - INFO - 执行 HDBSCAN...
2026-03-11 04:22:05,008 - INFO - 正在生成对比图并标注关键词...
2026-03-11 04:22:06,493 - INFO - 可视化图片已保存至: unsupervised_classification/pics/clustering_keywords_comparison.png
2026-03-11 04:22:06,533 - INFO - Process Completed.
