2026-03-11 05:25:08,540 - INFO - 日志系统已精简：已过滤 UserWarning 与第三方库 DEBUG 信息。
2026-03-11 05:25:08,547 - INFO - 已加载字体: /root/autodl-tmp/Master_Thesis/SourceHanSansSC-Regular.otf
2026-03-11 05:25:08,711 - INFO - 正在使用设备: cuda
2026-03-11 05:25:13,679 - INFO - 模型 intfloat/multilingual-e5-large-instruct 加载成功。
2026-03-11 05:25:13,687 - INFO - 成功加载 zh 语料: 1000 条记录
2026-03-11 05:25:14,058 - INFO - 成功加载 en 语料: 1000 条记录
2026-03-11 05:25:14,070 - INFO - 成功加载 jp 语料: 1000 条记录
2026-03-11 05:25:14,071 - INFO - 总计处理文本量: 3000
2026-03-11 05:25:14,071 - INFO - 执行多语言预分词...
2026-03-11 05:25:14,071 - DEBUG - Building prefix dict from the default dictionary ...
2026-03-11 05:25:14,071 - DEBUG - Loading model from cache /tmp/jieba.cache
2026-03-11 05:25:14,762 - DEBUG - Loading model cost 0.691 seconds.
2026-03-11 05:25:14,762 - DEBUG - Prefix dict has been built successfully.
2026-03-11 05:25:24,304 - INFO - 开始生成语义嵌入 (Embedding)...
2026-03-11 05:25:49,878 - INFO - UMAP 降维...
2026-03-11 05:26:14,908 - INFO - 执行 K-Means...
2026-03-11 05:26:19,103 - INFO - 执行 HDBSCAN...
2026-03-11 05:26:19,261 - INFO - 正在生成对比图并标注关键词...
2026-03-11 05:26:20,778 - INFO - 可视化图片已保存至: unsupervised_classification/pics/clustering_keywords_comparison.png
2026-03-11 05:26:20,824 - INFO - Process Completed.
