2026-03-13 22:40:10,248 [INFO] 正在加载数据集，目标语言: ['zh', 'en', 'jp']
2026-03-13 22:40:10,256 [INFO] [zh] 采样了 1000 条数据 (多语言模式).
2026-03-13 22:40:10,634 [INFO] [en] 采样了 1000 条数据 (多语言模式).
2026-03-13 22:40:10,650 [INFO] [jp] 采样了 1000 条数据 (多语言模式).
2026-03-13 22:40:10,652 [INFO] 数据集构建完成，总计 3000 条数据。
2026-03-13 22:40:10,652 [INFO] 正在执行多语言预分词处理...
2026-03-13 22:40:18,657 [INFO] 已保存预处理后的语料库。
2026-03-13 22:40:18,657 [INFO] 加载基座模型: intfloat/multilingual-e5-large-instruct
2026-03-13 22:40:29,357 [INFO] 正在生成 Embeddings (此过程可能较慢)...
2026-03-13 22:40:46,525 [INFO] 正在对齐 3 种语言的向量空间...
2026-03-13 22:40:46,539 [INFO] 向量对齐完成。
2026-03-13 22:40:46,561 [INFO] 生成 UMAP + HDBSCAN 可视化 (拟合前)...
2026-03-13 22:41:25,299 [INFO] 配置 UMAP 模型...
2026-03-13 22:41:25,299 [INFO] 配置 HDBSCAN 模型...
2026-03-13 22:41:25,299 [INFO] 配置 CountVectorizer (加载自定义停用词)...
2026-03-13 22:41:25,302 [INFO] 初始化并拟合 BERTopic 模型...
2026-03-13 22:41:47,611 [INFO] 执行完毕，正在导出分析结果...
2026-03-13 22:41:47,663 [INFO] 正在生成可视化 HTML 图表...
2026-03-13 22:43:09,018 [INFO] 所有步骤已完成！结果保存在 unsupervised_classification/topic_modeling_results/third 目录下。
2026-03-13 22:43:09,019 [INFO] --- 聚类质量自我检查报告 (深度比例版) ---
2026-03-13 22:43:09,020 [INFO] 噪声点占比: 33.77% (目标区间: 10%-40%)
2026-03-13 22:43:09,024 [INFO] 有效话题总数: 97
2026-03-13 22:43:09,024 [INFO] 纯语种话题 (孤岛): 54 个
2026-03-13 22:43:09,024 [INFO] 跨语言融合话题: 43 个
2026-03-13 22:43:09,024 [INFO] 【核心指标】跨语言融合比例: 44.33% (越高说明语义对齐越广)
2026-03-13 22:43:09,052 [INFO] 
--- 融合度最高（对齐最好）的 Top 5 话题分布 ---
2026-03-13 22:43:09,055 [INFO] 
lang         en        jp        zh   entropy
topic                                        
83     0.363636  0.272727  0.363636  1.090060
46     0.222222  0.444444  0.333333  1.060857
64     0.428571  0.142857  0.428571  1.004242
1      0.135593  0.474576  0.389831  0.991883
4      0.489362  0.425532  0.085106  0.922995
2026-03-13 22:43:09,056 [INFO] 
=== Top 5 Topics ===
2026-03-13 22:43:09,059 [INFO]    Topic  ...                                Representative_Docs
0     -1  ...  [・ サヨクガー   ソ連 を 捨て た ロシア が 憎く て 左翼 は 戦争 前 から 反...
1      0  ...  [あっ 、 いい こと 思いつい た 。 w   伝説 の クソゲー ” ガンオン ” 復活...
2      1  ...  [聖書 コピペ 野郎 は 、 自称 裏 天皇 みたい な ガイジ に おべっか 使わ れ て...
3      2  ...  [i agree bill, and i think right-wing evangeli...
4      3  ...  [可以 看看 《 十日谈 》 ， 一大堆 教会 笑话, 修女 笑话 \n 你 是 指神 🐔 ...
5      4  ...  [no offence, but calling them "bronze age" pro...

[6 rows x 5 columns]
