2026-03-13 23:00:23,707 [INFO] 正在加载数据集，目标语言: ['zh', 'en', 'jp']
2026-03-13 23:00:23,715 [INFO] [zh] 采样了 1000 条数据 (多语言模式).
2026-03-13 23:00:24,088 [INFO] [en] 采样了 1000 条数据 (多语言模式).
2026-03-13 23:00:24,104 [INFO] [jp] 采样了 1000 条数据 (多语言模式).
2026-03-13 23:00:24,105 [INFO] 数据集构建完成，总计 3000 条数据。
2026-03-13 23:00:24,105 [INFO] 正在执行多语言预分词处理...
2026-03-13 23:00:32,073 [INFO] 已保存预处理后的语料库。
2026-03-13 23:00:32,073 [INFO] 加载基座模型: intfloat/multilingual-e5-large-instruct
2026-03-13 23:00:40,917 [INFO] 正在生成 Embeddings (此过程可能较慢)...
2026-03-13 23:00:58,044 [INFO] 正在对齐 3 种语言的向量空间...
2026-03-13 23:00:58,058 [INFO] 向量对齐完成。
2026-03-13 23:00:58,065 [INFO] 生成 UMAP + HDBSCAN 可视化 (拟合前)...
2026-03-13 23:01:38,499 [INFO] 配置 UMAP 模型...
2026-03-13 23:01:38,499 [INFO] 配置 HDBSCAN 模型...
2026-03-13 23:01:38,499 [INFO] 配置 CountVectorizer (加载自定义停用词)...
2026-03-13 23:01:38,501 [INFO] 初始化并拟合 BERTopic 模型...
2026-03-13 23:02:02,287 [INFO] 执行完毕，正在导出分析结果...
2026-03-13 23:02:02,330 [INFO] 正在生成可视化 HTML 图表...
2026-03-13 23:03:23,722 [INFO] 所有步骤已完成！结果保存在 unsupervised_classification/topic_modeling_results/fourth 目录下。
2026-03-13 23:03:23,723 [INFO] --- 聚类质量自我检查报告 (深度比例版) ---
2026-03-13 23:03:23,724 [INFO] 噪声点占比: 39.40% (目标区间: 10%-40%)
2026-03-13 23:03:23,728 [INFO] 有效话题总数: 53
2026-03-13 23:03:23,728 [INFO] 纯语种话题 (孤岛): 26 个
2026-03-13 23:03:23,728 [INFO] 跨语言融合话题: 27 个
2026-03-13 23:03:23,729 [INFO] 【核心指标】跨语言融合比例: 50.94% (越高说明语义对齐越广)
2026-03-13 23:03:23,745 [INFO] 
--- 融合度最高（对齐最好）的 Top 5 话题分布 ---
2026-03-13 23:03:23,747 [INFO] 
lang         en        jp        zh   entropy
topic                                        
9      0.340426  0.212766  0.446809  1.056057
10     0.152174  0.456522  0.391304  1.011619
5      0.426230  0.426230  0.147541  1.009299
22     0.285714  0.571429  0.142857  0.955700
42     0.421053  0.105263  0.473684  0.955131
2026-03-13 23:03:23,748 [INFO] 
=== Top 5 Topics ===
2026-03-13 23:03:23,751 [INFO]    Topic  ...                                Representative_Docs
0     -1  ...  [偽善 者 が よく 使う 御 言葉 「 平和 を 造りだす 人 は 幸い で ある 」  ...
1      0  ...  [dear father reese, giving pope francis a grad...
2      1  ...  [i agree bill, and i think right-wing evangeli...
3      2  ...  [你 认为 的 孔子 比不上 耶稣 ， 是因为 你 美爹 英爸 能 出去 侵略 。 孔子 留...
4      3  ...  [the ignoring of the resignation of marie coll...
5      4  ...  [>> 105   ＞ 統一 ガー と 叩く フリ し て 実は 自民党 叩き だけ し た...

[6 rows x 5 columns]
