2026-03-13 21:58:10,591 [INFO] 正在加载数据集，目标语言: ['zh', 'en', 'jp']
2026-03-13 21:58:10,600 [INFO] [zh] 采样了 1000 条数据 (多语言模式).
2026-03-13 21:58:10,981 [INFO] [en] 采样了 1000 条数据 (多语言模式).
2026-03-13 21:58:10,998 [INFO] [jp] 采样了 1000 条数据 (多语言模式).
2026-03-13 21:58:10,999 [INFO] 数据集构建完成，总计 3000 条数据。
2026-03-13 21:58:11,000 [INFO] 正在执行多语言预分词处理...
2026-03-13 21:58:18,459 [INFO] 已保存预处理后的语料库。
2026-03-13 21:58:18,459 [INFO] 加载基座模型: intfloat/multilingual-e5-large-instruct
2026-03-13 21:58:50,964 [INFO] 正在生成 Embeddings (此过程可能较慢)...
2026-03-13 21:59:13,067 [INFO] 生成 UMAP + HDBSCAN 可视化 (拟合前)...
2026-03-13 21:59:54,480 [INFO] 配置 UMAP 模型...
2026-03-13 21:59:54,480 [INFO] 配置 HDBSCAN 模型...
2026-03-13 21:59:54,480 [INFO] 配置 CountVectorizer (加载自定义停用词)...
2026-03-13 21:59:54,482 [INFO] 初始化并拟合 BERTopic 模型...
2026-03-13 22:00:19,296 [INFO] 执行完毕，正在导出分析结果...
2026-03-13 22:00:19,341 [INFO] 正在生成可视化 HTML 图表...
2026-03-13 22:01:38,373 [INFO] 所有步骤已完成！结果保存在 unsupervised_classification/topic_modeling_results/second 目录下。
2026-03-13 22:01:38,374 [INFO] --- 聚类质量自我检查报告 ---
2026-03-13 22:01:38,376 [INFO] 噪声点占比: 52.57% (建议保持在 10%-40% 之间)
2026-03-13 22:01:38,376 [WARNING] 警告：噪声占比过高！建议增加 UMAP n_neighbors 或减小 HDBSCAN min_cluster_size。
2026-03-13 22:01:38,379 [INFO] 
前 5 个话题的语言构成 (行=话题, 列=语种计数):
2026-03-13 22:01:38,381 [INFO] 
lang   en   jp  zh
topic             
0       1  374   4
1       5   23  74
2       6    7  84
3      79    0   1
4      54    2   9
2026-03-13 22:01:38,381 [INFO] 发现 6 个纯语种话题，跨语言对齐仍有提升空间。
2026-03-13 22:01:38,382 [INFO] 
=== Top 5 Topics ===
2026-03-13 22:01:38,384 [INFO]    Topic  Count  ...                                     Representation                                Representative_Docs
0     -1   1577  ...  [catholic, 教, love, カトリック, catholics, years, c...  [it's pretty easy for anyone to say they belie...
1      0    379  ...         [統一教会, 日本, 統一, 三, 信者, 韓国, 日本人, 関係, 団体, 母親]  [・ サヨクガー   ソ連 を 捨て た ロシア が 憎く て 左翼 は 戦争 前 から 反...
2      1    102  ...          [kill, 问, 無い, 禁果, 十字架, 死, 亚当, クズ, 聖職, お前]  [おや おや 、 また 性懲り も 無く 新 スレ か w   では 、 143 スレ に ...
3      2     97  ...          [孔子, 神棍, 手上, 洪秀全, 两个, 実在, 背后, 主耶稣, 厉害, 爹]  [耶稣 还 不如 台湾 的 大黑 佛母 厉害 ， 怎么 敢 和 孔子 相提并论 的 😯, 世...
4      3     80  ...  [trump, white, america, evangelical, clinton, ...  [i don't think so - as i said, i was most comf...
5      4     65  ...  [children, priests, marriage, abuse, gay, sexu...  [this report is very sad.  the single most imp...

[6 rows x 5 columns]
