2026-03-29 19:55:45,236 [INFO] 正在加载数据集，目标语言: ['zh', 'en', 'jp']
2026-03-29 19:55:45,252 [INFO] [zh] 采样了 1965 条数据 (多语言模式).
2026-03-29 19:55:45,574 [INFO] [en] 采样了 2000 条数据 (多语言模式).
2026-03-29 19:55:45,594 [INFO] [jp] 采样了 2000 条数据 (多语言模式).
2026-03-29 19:55:45,595 [INFO] 数据集构建完成，总计 5965 条数据。
2026-03-29 19:55:45,596 [INFO] 正在执行多语言预分词处理...
2026-03-29 19:56:01,049 [INFO] 已保存预处理后的语料库。
2026-03-29 19:56:01,049 [INFO] 加载基座模型: intfloat/multilingual-e5-large-instruct
2026-03-29 19:56:54,977 [INFO] 正在生成 Embeddings (此过程可能较慢)...
2026-03-29 19:57:09,397 [INFO] 正在对齐 3 种语言的向量空间...
2026-03-29 19:57:09,432 [INFO] 向量对齐完成。
2026-03-29 19:57:09,445 [INFO] 生成 UMAP + HDBSCAN 可视化 (拟合前)...
2026-03-29 19:57:39,393 [INFO] 配置 UMAP 模型...
2026-03-29 19:57:39,394 [INFO] 配置 HDBSCAN 模型...
2026-03-29 19:57:39,394 [INFO] 配置 CountVectorizer (加载自定义停用词)...
2026-03-29 19:57:39,396 [INFO] 初始化并拟合 BERTopic 模型...
2026-03-29 19:57:51,764 [INFO] 执行完毕，正在导出分析结果...
2026-03-29 19:57:51,833 [INFO] 正在生成可视化 HTML 图表...
2026-03-29 19:58:47,379 [INFO] 所有步骤已完成！结果保存在 unsupervised_classification/topic_modeling_results/sixth 目录下。
2026-03-29 19:58:47,381 [INFO] --- 聚类质量自我检查报告 (深度比例版) ---
2026-03-29 19:58:47,382 [INFO] 噪声点占比: 42.41% (目标区间: 10%-40%)
2026-03-29 19:58:47,385 [INFO] 有效话题总数: 47
2026-03-29 19:58:47,385 [INFO] 纯语种话题 (孤岛): 7 个
2026-03-29 19:58:47,385 [INFO] 跨语言融合话题: 40 个
2026-03-29 19:58:47,385 [INFO] 【核心指标】跨语言融合比例: 85.11% (越高说明语义对齐越广)
2026-03-29 19:58:47,393 [INFO] 
--- 融合度最高（对齐最好）的 Top 5 话题分布 ---
2026-03-29 19:58:47,395 [INFO] 
lang         en        jp        zh   entropy
topic                                        
36     0.320000  0.320000  0.360000  1.097032
3      0.342282  0.295302  0.362416  1.095003
7      0.386555  0.302521  0.310924  1.092332
6      0.409836  0.270492  0.319672  1.083818
33     0.413793  0.310345  0.275862  1.083522
2026-03-29 19:58:47,396 [INFO] 
=== Top 5 Topics ===
2026-03-29 19:58:47,398 [INFO]    Topic  Count                        Name                                     Representation                                Representative_Docs
0     -1   2530         -1_catholic_信者_教_とか   [catholic, 信者, 教, とか, だけ, 自分, なんて, カトリック, じゃ, 年]  [bku よ 、 カトリック だろ う が 他 の どんな 宗教 だろ う が 、 しょせん...
1      0    499             0_統一教会_安倍_日本_韓国        [統一教会, 安倍, 日本, 韓国, 統一, 三, 山上, 日本人, 自民党, 関係]  [統一教会 の 内情 を 十分 把握 し て いる に も 関わら ず 、 広告塔 し て ...
2      1    312  1_trump_トランプ_vote_catholic  [trump, トランプ, vote, catholic, president, repub...  [forget the other candidates.   what about mik...
3      2    208              2_女性_women_女_男    [女性, women, 女, 男, 女人, men, priests, 男人, 聖職, 司祭]  [そもそも 、 もっと 本質 的 な ミソジニー に 目 を 向ける べき じゃ ね ？  ...
4      3    149          3_同性恋_gay_同性愛_lgbt  [同性恋, gay, 同性愛, lgbt, 性, 那套, なんて, disordered, ...  [对 那些 想入行 的 同性恋 来说 ， 最 操蛋 的 就是 ， 这 规定 逼 着 他们 对...
5      4    143             4_kill_问_神棍_こいつ           [kill, 问, 神棍, こいつ, 妇人, 肉, 属, 阿弥陀, 天使, 见]  [結果 、 白人 女 は 大体 が 安産 型 故に 子供 作っ て 愛 を 語る スルッ と...
