2026-03-29 19:45:33,582 [INFO] 正在加载数据集，目标语言: ['zh', 'en', 'jp']
2026-03-29 19:45:33,599 [INFO] [zh] 采样了 1965 条数据 (多语言模式).
2026-03-29 19:45:33,924 [INFO] [en] 采样了 2000 条数据 (多语言模式).
2026-03-29 19:45:33,945 [INFO] [jp] 采样了 2000 条数据 (多语言模式).
2026-03-29 19:45:33,946 [INFO] 数据集构建完成，总计 5965 条数据。
2026-03-29 19:45:33,947 [INFO] 正在执行多语言预分词处理...
2026-03-29 19:45:49,349 [INFO] 已保存预处理后的语料库。
2026-03-29 19:45:49,349 [INFO] 加载基座模型: intfloat/multilingual-e5-large-instruct
2026-03-29 19:46:46,976 [INFO] 正在生成 Embeddings (此过程可能较慢)...
2026-03-29 19:47:01,416 [INFO] 正在对齐 3 种语言的向量空间...
2026-03-29 19:47:01,452 [INFO] 向量对齐完成。
2026-03-29 19:47:01,466 [INFO] 生成 UMAP + HDBSCAN 可视化 (拟合前)...
2026-03-29 19:47:33,262 [INFO] 配置 UMAP 模型...
2026-03-29 19:47:33,262 [INFO] 配置 HDBSCAN 模型...
2026-03-29 19:47:33,262 [INFO] 配置 CountVectorizer (加载自定义停用词)...
2026-03-29 19:47:33,264 [INFO] 初始化并拟合 BERTopic 模型...
2026-03-29 19:47:46,593 [INFO] 执行完毕，正在导出分析结果...
2026-03-29 19:47:46,663 [INFO] 正在生成可视化 HTML 图表...
2026-03-29 19:48:46,903 [INFO] 所有步骤已完成！结果保存在 unsupervised_classification/topic_modeling_results/fifth 目录下。
2026-03-29 19:48:46,905 [INFO] --- 聚类质量自我检查报告 (深度比例版) ---
2026-03-29 19:48:46,906 [INFO] 噪声点占比: 35.37% (目标区间: 10%-40%)
2026-03-29 19:48:46,910 [INFO] 有效话题总数: 74
2026-03-29 19:48:46,910 [INFO] 纯语种话题 (孤岛): 15 个
2026-03-29 19:48:46,910 [INFO] 跨语言融合话题: 59 个
2026-03-29 19:48:46,910 [INFO] 【核心指标】跨语言融合比例: 79.73% (越高说明语义对齐越广)
2026-03-29 19:48:46,923 [INFO] 
--- 融合度最高（对齐最好）的 Top 5 话题分布 ---
2026-03-29 19:48:46,925 [INFO] 
lang         en        jp        zh   entropy
topic                                        
2      0.378698  0.272189  0.349112  1.089303
27     0.270270  0.351351  0.378378  1.088837
7      0.339130  0.269565  0.391304  1.087260
17     0.267857  0.392857  0.339286  1.086637
4      0.419355  0.274194  0.306452  1.081659
2026-03-29 19:48:46,926 [INFO] 
=== Top 5 Topics ===
2026-03-29 19:48:46,928 [INFO]    Topic  Count                             Name                                     Representation                                Representative_Docs
0     -1   2110              -1_catholic_だけ_信者_教      [catholic, だけ, 信者, 教, とか, 年, 自分, お前, なんて, じゃ]  [茶化し て いる つもり は ない 。 あんた 、 一体 どの 立場 から 物 を 言っ ...
1      0    511                  0_統一教会_安倍_日本_韓国       [統一教会, 安倍, 日本, 韓国, 統一, 三, 山上, 日本人, 自民党, カルト]  [youtube で は 統一教会 、 日本 会議 、 自民党 阿部 派 から 、 金 で ...
2      1    286  1_trump_トランプ_president_catholic  [trump, トランプ, president, catholic, vote, repub...  [forget the other candidates.   what about mik...
3      2    169               2_同性恋_gay_同性愛_lgbt  [同性恋, gay, 同性愛, lgbt, 那套, 性, homosexual, sex, ...  [あいつ ら も 所詮 は 生身 の 人間 な のに 、 マジ で 性 の こと 何 も わ...
4      3    158                   3_女性_women_女_男         [女性, women, 女, 男, 女人, 男人, men, 司祭, 男性, 男女]  [咱们 早就 有 女 神父 了 ， 只不过 被 那 帮 自封 的 、 搞 小圈子 的 教会 ...
5      4    124               4_虐待_victims_聖職_儿童  [虐待, victims, 聖職, 儿童, abuse, 被害, 受害者, 性的, 組織, ...  [この 記事 に ある 通り 、 聖職 者 の 不祥事 を 隠蔽 し た 上 の お 偉い ...
