2026-03-03 22:42:35,574 - 原始数据总量: 2621 条
2026-03-03 22:42:35,585 - 筛选完成！
2026-03-03 22:42:35,585 - 符合条件 (是仇恨 & 非宗教相关) 的文本: 136 条
2026-03-03 22:42:35,585 - 过滤掉不符条件数据: 2485 条
2026-03-03 22:42:35,585 - 结果已保存至: data_augmentation/back_translation/data/chinese.csv
2026-03-05 14:24:33,563 - 原始数据总量: 2621 条
2026-03-05 14:24:33,571 - 筛选完成！
2026-03-05 14:24:33,571 - 符合条件 (是仇恨 & 非宗教相关) 的文本: 136 条
2026-03-05 14:24:33,571 - 过滤掉不符条件数据: 2485 条
2026-03-05 14:24:33,571 - 结果已保存至: data_augmentation/back_translation/data/chinese.csv
2026-03-05 14:26:01,379 - 原始数据总量: 2621 条
2026-03-05 14:26:01,387 - 筛选完成！
2026-03-05 14:26:01,387 - 符合条件 (是仇恨 或 宗教相关) 的文本: 475 条
2026-03-05 14:26:01,388 - 过滤掉不符条件数据: 2146 条
2026-03-05 14:26:01,388 - 结果已保存至: data_augmentation/back_translation/data/chinese.csv
2026-03-06 06:48:06,011 - 原始数据总量: 2767 条
2026-03-06 06:48:06,028 - 筛选完成！
2026-03-06 06:48:06,028 - 符合条件 (是仇恨 或 宗教相关) 的文本: 498 条
2026-03-06 06:48:06,028 - 过滤掉不符条件数据: 2269 条
2026-03-06 06:48:06,028 - 结果已保存至: data_augmentation/back_translation/data/chinese.csv
