2026-03-10 22:14:53,546 - INFO - 成功加载聚类结果，共 3000 条记录
2026-03-10 22:14:53,643 - INFO - 每个簇的关键词分析完成
2026-03-10 22:14:53,643 - INFO - 簇 0 关键词: 耶稣, 基督教, 上帝, 圣经, 就是
2026-03-10 22:14:53,643 - INFO - 簇 1 关键词: ない, キリスト, から, 統一教会, てる
2026-03-10 22:14:53,643 - INFO - 簇 2 关键词: the, and, to, of, you
2026-03-10 22:14:53,643 - INFO - 簇 3 关键词: the, and, to, of, is
2026-03-10 22:14:53,661 - INFO - 簇中语言分布:
2026-03-10 22:14:53,661 - INFO - lang             en    jp    zh
cluster_kmeans                 
0                 0     0  1000
1                 0  1000     0
2               469     0     0
3               531     0     0
2026-03-10 22:14:53,671 - INFO - 簇 0 仅包含语言: ['zh']
2026-03-10 22:14:53,671 - INFO - 簇 1 仅包含语言: ['jp']
2026-03-10 22:14:53,672 - INFO - 簇 2 仅包含语言: ['en']
2026-03-10 22:14:53,673 - INFO - 簇 3 仅包含语言: ['en']
2026-03-10 22:14:53,675 - INFO - 分析结果保存至 c:\Users\11037\Documents\GitHub\Master_Thesis\unsupervised_classification\result\cluster_analysis.txt
2026-03-10 22:14:54,930 - INFO - 可视化图保存至 c:\Users\11037\Documents\GitHub\Master_Thesis\pics\knn_cluster_visualization.png
2026-03-10 22:14:54,949 - INFO - KNN 聚类分析与可视化完成
