2026-03-10 22:17:24,028 - INFO - 已加载字体: c:\Users\11037\Documents\GitHub\Master_Thesis\SourceHanSansSC-Regular.otf
2026-03-10 22:17:24,540 - INFO - 成功加载聚类结果，共 3000 条记录
2026-03-10 22:17:24,760 - INFO - 每个簇的关键词分析完成
2026-03-10 22:17:24,761 - INFO - 簇 0 关键词: 耶稣, 基督教, 上帝, 圣经, 就是
2026-03-10 22:17:24,761 - INFO - 簇 1 关键词: ない, キリスト, から, 統一教会, てる
2026-03-10 22:17:24,761 - INFO - 簇 2 关键词: the, and, to, of, you
2026-03-10 22:17:24,761 - INFO - 簇 3 关键词: the, and, to, of, is
2026-03-10 22:17:24,772 - INFO - 簇中语言分布:
2026-03-10 22:17:24,772 - INFO - lang             en    jp    zh
cluster_kmeans                 
0                 0     0  1000
1                 0  1000     0
2               469     0     0
3               531     0     0
2026-03-10 22:17:24,855 - INFO - 簇 0 仅包含语言: ['zh']
2026-03-10 22:17:24,856 - INFO - 簇 1 仅包含语言: ['jp']
2026-03-10 22:17:24,874 - INFO - 簇 2 仅包含语言: ['en']
2026-03-10 22:17:24,886 - INFO - 簇 3 仅包含语言: ['en']
2026-03-10 22:17:24,900 - INFO - 分析结果保存至 c:\Users\11037\Documents\GitHub\Master_Thesis\unsupervised_classification\result\cluster_analysis.txt
2026-03-10 22:17:26,068 - WARNING - findfont: Font family 'Source Han Sans SC' not found.
2026-03-10 22:17:26,136 - WARNING - findfont: Font family 'Source Han Sans SC' not found.
2026-03-10 22:17:26,146 - WARNING - findfont: Font family 'Source Han Sans SC' not found.
2026-03-10 22:17:26,148 - WARNING - findfont: Font family 'Source Han Sans SC' not found.
2026-03-10 22:17:26,150 - WARNING - findfont: Font family 'Source Han Sans SC' not found.
2026-03-10 22:17:26,151 - WARNING - findfont: Font family 'Source Han Sans SC' not found.
2026-03-10 22:17:26,152 - WARNING - findfont: Font family 'Source Han Sans SC' not found.
2026-03-10 22:17:26,161 - WARNING - findfont: Font family 'Source Han Sans SC' not found.
2026-03-10 22:17:26,194 - WARNING - findfont: Font family 'Source Han Sans SC' not found.
2026-03-10 22:17:26,204 - WARNING - findfont: Font family 'Source Han Sans SC' not found.
2026-03-10 22:17:26,326 - WARNING - findfont: Font family 'Source Han Sans SC' not found.
2026-03-10 22:17:26,328 - WARNING - findfont: Font family 'Source Han Sans SC' not found.
2026-03-10 22:17:26,330 - WARNING - findfont: Font family 'Source Han Sans SC' not found.
2026-03-10 22:17:26,343 - WARNING - findfont: Font family 'Source Han Sans SC' not found.
2026-03-10 22:17:26,344 - WARNING - findfont: Font family 'Source Han Sans SC' not found.
2026-03-10 22:17:26,350 - WARNING - findfont: Font family 'Source Han Sans SC' not found.
2026-03-10 22:17:26,370 - WARNING - findfont: Font family 'Source Han Sans SC' not found.
2026-03-10 22:17:26,376 - WARNING - findfont: Font family 'Source Han Sans SC' not found.
2026-03-10 22:17:26,378 - WARNING - findfont: Font family 'Source Han Sans SC' not found.
2026-03-10 22:17:26,379 - WARNING - findfont: Font family 'Source Han Sans SC' not found.
2026-03-10 22:17:26,380 - WARNING - findfont: Font family 'Source Han Sans SC' not found.
2026-03-10 22:17:26,382 - WARNING - findfont: Font family 'Source Han Sans SC' not found.
2026-03-10 22:17:26,385 - WARNING - findfont: Font family 'Source Han Sans SC' not found.
2026-03-10 22:17:26,389 - WARNING - findfont: Font family 'Source Han Sans SC' not found.
2026-03-10 22:17:26,392 - WARNING - findfont: Font family 'Source Han Sans SC' not found.
2026-03-10 22:17:26,397 - WARNING - findfont: Font family 'Source Han Sans SC' not found.
2026-03-10 22:17:26,401 - WARNING - findfont: Font family 'Source Han Sans SC' not found.
2026-03-10 22:17:26,402 - WARNING - findfont: Font family 'Source Han Sans SC' not found.
2026-03-10 22:17:26,416 - WARNING - findfont: Font family 'Source Han Sans SC' not found.
2026-03-10 22:17:26,417 - WARNING - findfont: Font family 'Source Han Sans SC' not found.
2026-03-10 22:17:26,420 - WARNING - findfont: Font family 'Source Han Sans SC' not found.
2026-03-10 22:17:26,420 - WARNING - findfont: Font family 'Source Han Sans SC' not found.
2026-03-10 22:17:26,421 - WARNING - findfont: Font family 'Source Han Sans SC' not found.
2026-03-10 22:17:26,422 - WARNING - findfont: Font family 'Source Han Sans SC' not found.
2026-03-10 22:17:26,467 - WARNING - findfont: Font family 'Source Han Sans SC' not found.
2026-03-10 22:17:26,526 - WARNING - findfont: Font family 'Source Han Sans SC' not found.
2026-03-10 22:17:26,539 - WARNING - findfont: Font family 'Source Han Sans SC' not found.
2026-03-10 22:17:26,559 - WARNING - findfont: Font family 'Source Han Sans SC' not found.
2026-03-10 22:17:26,570 - WARNING - findfont: Font family 'Source Han Sans SC' not found.
2026-03-10 22:17:26,572 - WARNING - findfont: Font family 'Source Han Sans SC' not found.
2026-03-10 22:17:26,578 - WARNING - findfont: Font family 'Source Han Sans SC' not found.
2026-03-10 22:17:26,580 - WARNING - findfont: Font family 'Source Han Sans SC' not found.
2026-03-10 22:17:26,581 - WARNING - findfont: Font family 'Source Han Sans SC' not found.
2026-03-10 22:17:26,641 - INFO - 可视化图保存至 'unsupervised_classification\pics\knn_cluster_visualization.png'
2026-03-10 22:17:26,704 - INFO - KNN 聚类分析与可视化完成
