[2026-01-22 11:10:22] [INFO] ============================================================
[2026-01-22 11:10:22] [INFO] 日志系统初始化完成
[2026-01-22 11:10:22] [INFO] 日志路径: /root/Master_Thesis/data_detect/log/20260122_111022pipeline.log
[2026-01-22 11:10:22] [INFO] ============================================================
[2026-01-22 11:10:22] [INFO] No models provided; attempting to create adapters from Japanese ModelName enum.
[2026-01-22 11:10:28] [INFO] now we are creating <class 'data_detect.Japanese.models.Luke.LukeModel'>
[2026-01-22 11:10:45] [INFO] now we are creating <class 'data_detect.Japanese.models.Duo_Guard.DuoGuardModel'>
[2026-01-22 11:10:50] [INFO] now we are creating <class 'data_detect.Japanese.models.Kubota.KubotaModel'>
[2026-01-22 11:11:01] [INFO] now we are creating <class 'data_detect.Japanese.models.Yuki.YukiModel'>
[2026-01-22 11:11:11] [INFO] now we are creating <class 'data_detect.Japanese.models.normal.NormalModel'>
[2026-01-22 11:11:19] [INFO] now we are creating <class 'data_detect.Japanese.models.normal.NormalModel'>
[2026-01-22 11:11:32] [INFO] Successfully initialized 6 models
[2026-01-22 11:11:32] [INFO] Loaded 26736 texts from ../data_collection/5ch/20251124_130843_5ch_posts.csv
[2026-01-22 11:11:32] [INFO] Computed sample size (finite-pop correction) = 383
[2026-01-22 11:11:32] [INFO] Using sample size = 5000
[2026-01-22 11:11:32] [INFO] Evaluating ensemble on sampled texts...
[2026-01-22 11:11:32] [INFO] Predicting with luke_offensiveness on 5000 texts
[2026-01-22 11:13:59] [INFO] Predicting with DuoGuard on 5000 texts
[2026-01-22 11:27:43] [INFO] Predicting with kubota on 5000 texts
[2026-01-22 11:36:57] [INFO] Predicting with yuki on 5000 texts
[2026-01-22 13:04:49] [INFO] Predicting with kit on 5000 texts
