2026-03-27 20:12:23,326 - INFO - 开始训练流程...
2026-03-27 20:12:23,326 - INFO - 日志将保存至: /root/autodl-tmp/Master_Thesis/model_train/classifier/logs/20260327_201223_train.log
2026-03-27 20:12:23,357 - INFO - 训练集大小: 5099, 验证集大小: 600
2026-03-27 20:12:42,402 - INFO - Epoch 1 结果: {'rel_f1': 0.5607476635514018, 'hate_f1': 0.15023474178403756, 'combined_f1': 0.3554912026677197, 'hate_recall': 1.0, 'total_loss': 0.04985115500196207, 'lr': 8e-06}
2026-03-27 20:12:42,763 - INFO - >>> 指标提升，模型已保存。
2026-03-27 20:12:42,776 - INFO - !!! 已导出错误样本至: model_train/classifier/Chinese/error_analysis_epoch_1.csv
2026-03-27 20:12:54,660 - INFO - Epoch 2 结果: {'rel_f1': 0.5753424657534246, 'hate_f1': 0.3, 'combined_f1': 0.4376712328767123, 'hate_recall': 0.84375, 'total_loss': 0.027516587806696243, 'lr': 7.11111111111111e-06}
2026-03-27 20:12:55,309 - INFO - >>> 指标提升，模型已保存。
2026-03-27 20:12:55,312 - INFO - !!! 已导出错误样本至: model_train/classifier/Chinese/error_analysis_epoch_2.csv
2026-03-27 20:13:07,527 - INFO - Epoch 3 结果: {'rel_f1': 0.5806451612903226, 'hate_f1': 0.34965034965034963, 'combined_f1': 0.46514775547033615, 'hate_recall': 0.78125, 'total_loss': 0.016131669596760156, 'lr': 6.222222222222222e-06}
2026-03-27 20:13:08,246 - INFO - >>> 指标提升，模型已保存。
2026-03-27 20:13:08,257 - INFO - !!! 已导出错误样本至: model_train/classifier/Chinese/error_analysis_epoch_3.csv
2026-03-27 20:13:20,264 - INFO - Epoch 4 结果: {'rel_f1': 0.5767441860465117, 'hate_f1': 0.3669724770642202, 'combined_f1': 0.47185833155536594, 'hate_recall': 0.625, 'total_loss': 0.008508413803083443, 'lr': 5.333333333333333e-06}
2026-03-27 20:13:21,000 - INFO - >>> 指标提升，模型已保存。
2026-03-27 20:13:21,013 - INFO - !!! 已导出错误样本至: model_train/classifier/Chinese/error_analysis_epoch_4.csv
2026-03-27 20:13:32,923 - INFO - Epoch 5 结果: {'rel_f1': 0.5901639344262295, 'hate_f1': 0.3564356435643564, 'combined_f1': 0.47329978899529296, 'hate_recall': 0.5625, 'total_loss': 0.0047802959191452325, 'lr': 4.444444444444444e-06}
2026-03-27 20:13:33,627 - INFO - >>> 指标提升，模型已保存。
2026-03-27 20:13:33,638 - INFO - !!! 已导出错误样本至: model_train/classifier/Chinese/error_analysis_epoch_5.csv
2026-03-27 20:13:45,765 - INFO - Epoch 6 结果: {'rel_f1': 0.6169154228855721, 'hate_f1': 0.4, 'combined_f1': 0.5084577114427861, 'hate_recall': 0.59375, 'total_loss': 0.00329267581975705, 'lr': 3.555555555555555e-06}
2026-03-27 20:13:46,490 - INFO - >>> 指标提升，模型已保存。
2026-03-27 20:13:46,503 - INFO - !!! 已导出错误样本至: model_train/classifier/Chinese/error_analysis_epoch_6.csv
2026-03-27 20:13:58,508 - INFO - Epoch 7 结果: {'rel_f1': 0.5959595959595959, 'hate_f1': 0.3829787234042553, 'combined_f1': 0.4894691596819256, 'hate_recall': 0.5625, 'total_loss': 0.0015940843133369336, 'lr': 2.6666666666666664e-06}
2026-03-27 20:13:58,508 - INFO - --- 指标未提升 (已持续 1 轮) ---
2026-03-27 20:14:10,678 - INFO - Epoch 8 结果: {'rel_f1': 0.6009852216748769, 'hate_f1': 0.4044943820224719, 'combined_f1': 0.5027398018486744, 'hate_recall': 0.5625, 'total_loss': 0.0012378712682822371, 'lr': 1.7777777777777775e-06}
2026-03-27 20:14:10,678 - INFO - --- 指标未提升 (已持续 2 轮) ---
2026-03-27 20:14:22,968 - INFO - Epoch 9 结果: {'rel_f1': 0.6031746031746031, 'hate_f1': 0.41975308641975306, 'combined_f1': 0.5114638447971781, 'hate_recall': 0.53125, 'total_loss': 0.000936661874428719, 'lr': 8.888888888888888e-07}
2026-03-27 20:14:23,628 - INFO - >>> 指标提升，模型已保存。
2026-03-27 20:14:23,631 - INFO - !!! 已导出错误样本至: model_train/classifier/Chinese/error_analysis_epoch_9.csv
2026-03-27 20:14:35,640 - INFO - Epoch 10 结果: {'rel_f1': 0.5968586387434555, 'hate_f1': 0.4146341463414634, 'combined_f1': 0.5057463925424595, 'hate_recall': 0.53125, 'total_loss': 0.0007574600274944192, 'lr': 0.0}
2026-03-27 20:14:35,640 - INFO - --- 指标未提升 (已持续 1 轮) ---
2026-03-27 20:14:35,644 - INFO - 训练正常结束。
