2026-03-05 15:32:09,454 - INFO - 开始训练流程...
2026-03-05 15:32:09,454 - INFO - 日志将保存至: /root/autodl-tmp/Master_Thesis/model_train/classifier/logs/20260305_153209_train.log
2026-03-05 15:32:09,475 - INFO - 训练集大小: 2481, 验证集大小: 276
2026-03-05 15:32:09,658 - INFO - 自动设置仇恨分类权重 (pos_weight): 8.43
2026-03-05 15:32:11,847 - INFO - 本次微调的基座模型是thu-coai/roberta-base-cold
2026-03-05 15:32:12,603 - INFO - 我们使用该设备cuda
2026-03-05 15:32:19,792 - INFO - Epoch 1 结果: {'rel_acc': 0.8260869565217391, 'rel_f1': 0.52, 'hate_acc': 0.8876811594202898, 'hate_f1': 0.6172839506172839, 'combined_f1': 0.568641975308642, 'hate_recall': 0.8620689655172413, 'total_loss': 1.0903739850872602}
2026-03-05 15:32:20,209 - INFO - >>> 检测到更好的 combined_f1: 0.5686, 模型已保存。
2026-03-05 15:32:20,213 - INFO - !!! 已导出错误样本至: model_train/classifier/Chinese/error_analysis_epoch_1.csv
2026-03-05 15:32:27,114 - INFO - Epoch 2 结果: {'rel_acc': 0.8152173913043478, 'rel_f1': 0.5984251968503937, 'hate_acc': 0.8731884057971014, 'hate_f1': 0.5882352941176471, 'combined_f1': 0.5933302454840204, 'hate_recall': 0.8620689655172413, 'total_loss': 0.5470259413123131}
2026-03-05 15:32:27,887 - INFO - >>> 检测到更好的 combined_f1: 0.5933, 模型已保存。
2026-03-05 15:32:27,889 - INFO - !!! 已导出错误样本至: model_train/classifier/Chinese/error_analysis_epoch_2.csv
2026-03-05 15:32:34,811 - INFO - Epoch 3 结果: {'rel_acc': 0.822463768115942, 'rel_f1': 0.5950413223140496, 'hate_acc': 0.9311594202898551, 'hate_f1': 0.6984126984126984, 'combined_f1': 0.646727010363374, 'hate_recall': 0.7586206896551724, 'total_loss': 0.3025126515601117}
2026-03-05 15:32:35,631 - INFO - >>> 检测到更好的 combined_f1: 0.6467, 模型已保存。
2026-03-05 15:32:35,633 - INFO - !!! 已导出错误样本至: model_train/classifier/Chinese/error_analysis_epoch_3.csv
2026-03-05 15:32:42,514 - INFO - Epoch 4 结果: {'rel_acc': 0.8333333333333334, 'rel_f1': 0.5964912280701754, 'hate_acc': 0.9420289855072463, 'hate_f1': 0.7142857142857143, 'combined_f1': 0.6553884711779449, 'hate_recall': 0.6896551724137931, 'total_loss': 0.17397979910795888}
2026-03-05 15:32:43,415 - INFO - >>> 检测到更好的 combined_f1: 0.6554, 模型已保存。
2026-03-05 15:32:43,424 - INFO - !!! 已导出错误样本至: model_train/classifier/Chinese/error_analysis_epoch_4.csv
2026-03-05 15:32:50,262 - INFO - Epoch 5 结果: {'rel_acc': 0.8188405797101449, 'rel_f1': 0.5283018867924528, 'hate_acc': 0.9420289855072463, 'hate_f1': 0.7241379310344828, 'combined_f1': 0.6262199089134678, 'hate_recall': 0.7241379310344828, 'total_loss': 0.12099539047966783}
2026-03-05 15:32:57,121 - INFO - Epoch 6 结果: {'rel_acc': 0.8043478260869565, 'rel_f1': 0.5573770491803278, 'hate_acc': 0.9528985507246377, 'hate_f1': 0.7636363636363637, 'combined_f1': 0.6605067064083457, 'hate_recall': 0.7241379310344828, 'total_loss': 0.06997687837634331}
2026-03-05 15:32:58,037 - INFO - >>> 检测到更好的 combined_f1: 0.6605, 模型已保存。
2026-03-05 15:32:58,045 - INFO - !!! 已导出错误样本至: model_train/classifier/Chinese/error_analysis_epoch_6.csv
2026-03-05 15:33:04,907 - INFO - Epoch 7 结果: {'rel_acc': 0.8152173913043478, 'rel_f1': 0.592, 'hate_acc': 0.9528985507246377, 'hate_f1': 0.7719298245614035, 'combined_f1': 0.6819649122807017, 'hate_recall': 0.7586206896551724, 'total_loss': 0.036538253287569836}
2026-03-05 15:33:05,734 - INFO - >>> 检测到更好的 combined_f1: 0.6820, 模型已保存。
2026-03-05 15:33:05,737 - INFO - !!! 已导出错误样本至: model_train/classifier/Chinese/error_analysis_epoch_7.csv
2026-03-05 15:33:12,599 - INFO - Epoch 8 结果: {'rel_acc': 0.8369565217391305, 'rel_f1': 0.5714285714285714, 'hate_acc': 0.9456521739130435, 'hate_f1': 0.7272727272727273, 'combined_f1': 0.6493506493506493, 'hate_recall': 0.6896551724137931, 'total_loss': 0.027205115255828086}
2026-03-05 15:33:19,443 - INFO - Epoch 9 结果: {'rel_acc': 0.822463768115942, 'rel_f1': 0.6141732283464567, 'hate_acc': 0.9456521739130435, 'hate_f1': 0.7540983606557377, 'combined_f1': 0.6841357945010972, 'hate_recall': 0.7931034482758621, 'total_loss': 0.019611973833376303}
2026-03-05 15:33:20,201 - INFO - >>> 检测到更好的 combined_f1: 0.6841, 模型已保存。
2026-03-05 15:33:20,204 - INFO - !!! 已导出错误样本至: model_train/classifier/Chinese/error_analysis_epoch_9.csv
2026-03-05 15:33:27,060 - INFO - Epoch 10 结果: {'rel_acc': 0.8695652173913043, 'rel_f1': 0.6326530612244898, 'hate_acc': 0.9311594202898551, 'hate_f1': 0.6984126984126984, 'combined_f1': 0.6655328798185941, 'hate_recall': 0.7586206896551724, 'total_loss': 0.11866594544904402}
2026-03-05 15:33:33,930 - INFO - Epoch 11 结果: {'rel_acc': 0.822463768115942, 'rel_f1': 0.5811965811965812, 'hate_acc': 0.9492753623188406, 'hate_f1': 0.7407407407407407, 'combined_f1': 0.6609686609686609, 'hate_recall': 0.6896551724137931, 'total_loss': 0.0821296845544846}
2026-03-05 15:33:40,781 - INFO - Epoch 12 结果: {'rel_acc': 0.8623188405797102, 'rel_f1': 0.6545454545454545, 'hate_acc': 0.9492753623188406, 'hate_f1': 0.7407407407407407, 'combined_f1': 0.6976430976430976, 'hate_recall': 0.6896551724137931, 'total_loss': 0.016881827120251287}
2026-03-05 15:33:41,586 - INFO - >>> 检测到更好的 combined_f1: 0.6976, 模型已保存。
2026-03-05 15:33:41,590 - INFO - !!! 已导出错误样本至: model_train/classifier/Chinese/error_analysis_epoch_12.csv
2026-03-05 15:33:48,490 - INFO - Epoch 13 结果: {'rel_acc': 0.822463768115942, 'rel_f1': 0.6016260162601627, 'hate_acc': 0.9492753623188406, 'hate_f1': 0.7407407407407407, 'combined_f1': 0.6711833785004517, 'hate_recall': 0.6896551724137931, 'total_loss': 0.01638907379655836}
2026-03-05 15:33:55,398 - INFO - Epoch 14 结果: {'rel_acc': 0.8333333333333334, 'rel_f1': 0.6101694915254238, 'hate_acc': 0.9492753623188406, 'hate_f1': 0.7407407407407407, 'combined_f1': 0.6754551161330822, 'hate_recall': 0.6896551724137931, 'total_loss': 0.007958704132574778}
2026-03-05 15:34:02,298 - INFO - Epoch 15 结果: {'rel_acc': 0.8405797101449275, 'rel_f1': 0.6206896551724138, 'hate_acc': 0.9456521739130435, 'hate_f1': 0.7272727272727273, 'combined_f1': 0.6739811912225706, 'hate_recall': 0.6896551724137931, 'total_loss': 0.004106457386231528}
2026-03-05 15:34:09,213 - INFO - Epoch 16 结果: {'rel_acc': 0.8514492753623188, 'rel_f1': 0.6371681415929203, 'hate_acc': 0.9492753623188406, 'hate_f1': 0.7407407407407407, 'combined_f1': 0.6889544411668305, 'hate_recall': 0.6896551724137931, 'total_loss': 0.0031215319423399004}
2026-03-05 15:34:16,125 - INFO - Epoch 17 结果: {'rel_acc': 0.8369565217391305, 'rel_f1': 0.6017699115044248, 'hate_acc': 0.9528985507246377, 'hate_f1': 0.7547169811320755, 'combined_f1': 0.6782434463182502, 'hate_recall': 0.6896551724137931, 'total_loss': 0.005127839479171552}
2026-03-05 15:34:22,983 - INFO - Epoch 18 结果: {'rel_acc': 0.8115942028985508, 'rel_f1': 0.6176470588235294, 'hate_acc': 0.9456521739130435, 'hate_f1': 0.7368421052631579, 'combined_f1': 0.6772445820433437, 'hate_recall': 0.7241379310344828, 'total_loss': 0.014600171238924257}
2026-03-05 15:34:29,897 - INFO - Epoch 19 结果: {'rel_acc': 0.8333333333333334, 'rel_f1': 0.5964912280701754, 'hate_acc': 0.9492753623188406, 'hate_f1': 0.7407407407407407, 'combined_f1': 0.668615984405458, 'hate_recall': 0.6896551724137931, 'total_loss': 0.008037091998490863}
2026-03-05 15:34:36,804 - INFO - Epoch 20 结果: {'rel_acc': 0.822463768115942, 'rel_f1': 0.5950413223140496, 'hate_acc': 0.9565217391304348, 'hate_f1': 0.7777777777777778, 'combined_f1': 0.6864095500459138, 'hate_recall': 0.7241379310344828, 'total_loss': 0.014585342741040036}
2026-03-05 15:34:36,808 - INFO - 训练正常结束。
