2026-03-29 06:15:58,150 - INFO - 开始训练流程...
2026-03-29 06:15:58,150 - INFO - 日志将保存至: /root/autodl-tmp/Master_Thesis/model_train/classifier/logs/20260329_061558_train.log
2026-03-29 06:15:58,173 - INFO - 训练集大小: 3400, 验证集大小: 600
2026-03-29 06:16:08,249 - INFO - Epoch 1 优化后结果: {'rel_f1': 0.5354330708661418, 'hate_f1': 0.3684210526315789, 'combined_f1': 0.4519270617488603, 'hate_recall': 0.30434782608695654, 'best_rel_th': 0.5, 'best_hate_th': 0.74, 'total_loss': 0.06372278918262939, 'lr': 5e-06}
2026-03-29 06:16:08,975 - INFO - >>> 指标提升，模型已保存。
2026-03-29 06:16:08,987 - INFO - !!! 已导出错误样本至: model_train/classifier/Chinese/error_analysis_epoch_1.csv
2026-03-29 06:16:17,051 - INFO - Epoch 2 优化后结果: {'rel_f1': 0.5726141078838174, 'hate_f1': 0.32727272727272727, 'combined_f1': 0.44994341757827233, 'hate_recall': 0.391304347826087, 'best_rel_th': 0.52, 'best_hate_th': 0.6, 'total_loss': 0.04511235266958884, 'lr': 4.444444444444444e-06}
2026-03-29 06:16:17,051 - INFO - --- 指标未提升 (已持续 1 轮) ---
2026-03-29 06:16:25,466 - INFO - Epoch 3 优化后结果: {'rel_f1': 0.5680933852140078, 'hate_f1': 0.34782608695652173, 'combined_f1': 0.45795973608526475, 'hate_recall': 0.34782608695652173, 'best_rel_th': 0.49, 'best_hate_th': 0.74, 'total_loss': 0.034365705236302856, 'lr': 3.88888888888889e-06}
2026-03-29 06:16:26,066 - INFO - >>> 指标提升，模型已保存。
2026-03-29 06:16:26,069 - INFO - !!! 已导出错误样本至: model_train/classifier/Chinese/error_analysis_epoch_3.csv
2026-03-29 06:16:34,632 - INFO - Epoch 4 优化后结果: {'rel_f1': 0.5919282511210763, 'hate_f1': 0.35294117647058826, 'combined_f1': 0.47243471379583224, 'hate_recall': 0.2608695652173913, 'best_rel_th': 0.45, 'best_hate_th': 0.76, 'total_loss': 0.02743058204825775, 'lr': 3.3333333333333333e-06}
2026-03-29 06:16:35,250 - INFO - >>> 指标提升，模型已保存。
2026-03-29 06:16:35,252 - INFO - !!! 已导出错误样本至: model_train/classifier/Chinese/error_analysis_epoch_4.csv
2026-03-29 06:16:43,418 - INFO - Epoch 5 优化后结果: {'rel_f1': 0.582995951417004, 'hate_f1': 0.3333333333333333, 'combined_f1': 0.45816464237516863, 'hate_recall': 0.2608695652173913, 'best_rel_th': 0.39, 'best_hate_th': 0.76, 'total_loss': 0.02241029790843107, 'lr': 2.7777777777777783e-06}
2026-03-29 06:16:43,418 - INFO - --- 指标未提升 (已持续 1 轮) ---
2026-03-29 06:16:51,292 - INFO - Epoch 6 优化后结果: {'rel_f1': 0.5853658536585366, 'hate_f1': 0.32432432432432434, 'combined_f1': 0.45484508899143045, 'hate_recall': 0.2608695652173913, 'best_rel_th': 0.5, 'best_hate_th': 0.73, 'total_loss': 0.018133738024614997, 'lr': 2.222222222222222e-06}
2026-03-29 06:16:51,293 - INFO - --- 指标未提升 (已持续 2 轮) ---
2026-03-29 06:16:59,429 - INFO - Epoch 7 优化后结果: {'rel_f1': 0.5784313725490197, 'hate_f1': 0.3333333333333333, 'combined_f1': 0.4558823529411765, 'hate_recall': 0.2608695652173913, 'best_rel_th': 0.48000000000000004, 'best_hate_th': 0.77, 'total_loss': 0.014802281337597806, 'lr': 1.6666666666666667e-06}
2026-03-29 06:16:59,429 - INFO - --- 指标未提升 (已持续 3 轮) ---
2026-03-29 06:17:07,433 - INFO - Epoch 8 优化后结果: {'rel_f1': 0.5833333333333334, 'hate_f1': 0.34285714285714286, 'combined_f1': 0.4630952380952381, 'hate_recall': 0.2608695652173913, 'best_rel_th': 0.42000000000000004, 'best_hate_th': 0.79, 'total_loss': 0.012497212242077109, 'lr': 1.111111111111111e-06}
2026-03-29 06:17:07,433 - INFO - --- 指标未提升 (已持续 4 轮) ---
2026-03-29 06:17:15,300 - INFO - Epoch 9 优化后结果: {'rel_f1': 0.5849802371541502, 'hate_f1': 0.3333333333333333, 'combined_f1': 0.4591567852437417, 'hate_recall': 0.2608695652173913, 'best_rel_th': 0.36000000000000004, 'best_hate_th': 0.78, 'total_loss': 0.010634208242343346, 'lr': 5.555555555555555e-07}
2026-03-29 06:17:15,300 - INFO - --- 指标未提升 (已持续 5 轮) ---
2026-03-29 06:17:15,300 - INFO - 早停触发！连续 5 轮没有进步，停止训练以防过拟合。
2026-03-29 06:17:15,304 - INFO - 训练正常结束。
