2026-03-02 03:15:51,166 - INFO - 开始训练流程...
2026-03-02 03:15:51,166 - INFO - 日志将保存至: /root/autodl-tmp/Master_Thesis/model_train/classifier/logs/20260302_031551_train.log
2026-03-02 03:15:51,187 - INFO - 训练集大小: 2358, 验证集大小: 263
2026-03-02 03:15:51,407 - INFO - 自动设置仇恨分类权重 (pos_weight): 15.84
2026-03-02 03:15:57,825 - INFO - 本次微调的基座模型是tabularisai/multilingual-sentiment-analysis
2026-03-02 03:16:39,217 - INFO - 我们使用该设备cuda
2026-03-02 03:16:42,820 - INFO - Epoch 1 结果: {'rel_acc': 0.8403041825095057, 'rel_f1': 0.4166666666666667, 'hate_acc': 0.5133079847908745, 'hate_f1': 0.2, 'hate_recall': 1.0, 'total_loss': 1.5126063549840771}
2026-03-02 03:16:43,539 - INFO - >>> 检测到更好的 hate_f1: 0.2000, 模型已保存。
2026-03-02 03:16:43,544 - INFO - !!! 已导出错误样本至: model_train/classifier/Chinese/error_analysis_epoch_1.csv
2026-03-02 03:16:46,766 - INFO - Epoch 2 结果: {'rel_acc': 0.8555133079847909, 'rel_f1': 0.42424242424242425, 'hate_acc': 0.7604562737642585, 'hate_f1': 0.29213483146067415, 'hate_recall': 0.8125, 'total_loss': 1.0464019418970958}
2026-03-02 03:16:48,100 - INFO - >>> 检测到更好的 hate_f1: 0.2921, 模型已保存。
2026-03-02 03:16:48,107 - INFO - !!! 已导出错误样本至: model_train/classifier/Chinese/error_analysis_epoch_2.csv
2026-03-02 03:16:51,312 - INFO - Epoch 3 结果: {'rel_acc': 0.8365019011406845, 'rel_f1': 0.49411764705882355, 'hate_acc': 0.8326996197718631, 'hate_f1': 0.37142857142857144, 'hate_recall': 0.8125, 'total_loss': 0.643703064503702}
2026-03-02 03:16:52,548 - INFO - >>> 检测到更好的 hate_f1: 0.3714, 模型已保存。
2026-03-02 03:16:52,550 - INFO - !!! 已导出错误样本至: model_train/classifier/Chinese/error_analysis_epoch_3.csv
2026-03-02 03:16:55,784 - INFO - Epoch 4 结果: {'rel_acc': 0.8403041825095057, 'rel_f1': 0.46153846153846156, 'hate_acc': 0.9277566539923955, 'hate_f1': 0.42424242424242425, 'hate_recall': 0.4375, 'total_loss': 0.37698809520618337}
2026-03-02 03:16:57,033 - INFO - >>> 检测到更好的 hate_f1: 0.4242, 模型已保存。
2026-03-02 03:16:57,036 - INFO - !!! 已导出错误样本至: model_train/classifier/Chinese/error_analysis_epoch_4.csv
2026-03-02 03:17:00,210 - INFO - Epoch 5 结果: {'rel_acc': 0.7946768060836502, 'rel_f1': 0.47058823529411764, 'hate_acc': 0.9163498098859315, 'hate_f1': 0.5217391304347826, 'hate_recall': 0.75, 'total_loss': 0.2664122274145484}
2026-03-02 03:17:01,478 - INFO - >>> 检测到更好的 hate_f1: 0.5217, 模型已保存。
2026-03-02 03:17:01,480 - INFO - !!! 已导出错误样本至: model_train/classifier/Chinese/error_analysis_epoch_5.csv
2026-03-02 03:17:04,643 - INFO - Epoch 6 结果: {'rel_acc': 0.8403041825095057, 'rel_f1': 0.4, 'hate_acc': 0.9391634980988594, 'hate_f1': 0.5555555555555556, 'hate_recall': 0.625, 'total_loss': 0.24277703831526073}
2026-03-02 03:17:05,879 - INFO - >>> 检测到更好的 hate_f1: 0.5556, 模型已保存。
2026-03-02 03:17:05,882 - INFO - !!! 已导出错误样本至: model_train/classifier/Chinese/error_analysis_epoch_6.csv
2026-03-02 03:17:09,206 - INFO - Epoch 7 结果: {'rel_acc': 0.8060836501901141, 'rel_f1': 0.4742268041237113, 'hate_acc': 0.9429657794676806, 'hate_f1': 0.5161290322580645, 'hate_recall': 0.5, 'total_loss': 0.15401454429721106}
2026-03-02 03:17:12,925 - INFO - Epoch 8 结果: {'rel_acc': 0.7756653992395437, 'rel_f1': 0.48695652173913045, 'hate_acc': 0.8212927756653993, 'hate_f1': 0.37333333333333335, 'hate_recall': 0.875, 'total_loss': 0.12725471030618693}
2026-03-02 03:17:17,950 - INFO - Epoch 9 结果: {'rel_acc': 0.7452471482889734, 'rel_f1': 0.47244094488188976, 'hate_acc': 0.9277566539923955, 'hate_f1': 0.5128205128205128, 'hate_recall': 0.625, 'total_loss': 0.16735758251082655}
2026-03-02 03:17:22,722 - INFO - Epoch 10 结果: {'rel_acc': 0.8098859315589354, 'rel_f1': 0.4318181818181818, 'hate_acc': 0.9391634980988594, 'hate_f1': 0.4666666666666667, 'hate_recall': 0.4375, 'total_loss': 0.08268696219484145}
2026-03-02 03:17:26,908 - INFO - Epoch 11 结果: {'rel_acc': 0.8098859315589354, 'rel_f1': 0.4186046511627907, 'hate_acc': 0.935361216730038, 'hate_f1': 0.37037037037037035, 'hate_recall': 0.3125, 'total_loss': 0.04435932663005047}
2026-03-02 03:17:30,407 - INFO - Epoch 12 结果: {'rel_acc': 0.8060836501901141, 'rel_f1': 0.41379310344827586, 'hate_acc': 0.9429657794676806, 'hate_f1': 0.4827586206896552, 'hate_recall': 0.4375, 'total_loss': 0.02983619478795476}
2026-03-02 03:17:34,407 - INFO - Epoch 13 结果: {'rel_acc': 0.8022813688212928, 'rel_f1': 0.4090909090909091, 'hate_acc': 0.935361216730038, 'hate_f1': 0.41379310344827586, 'hate_recall': 0.375, 'total_loss': 0.05015164802505358}
2026-03-02 03:17:38,285 - INFO - Epoch 14 结果: {'rel_acc': 0.8288973384030418, 'rel_f1': 0.4444444444444444, 'hate_acc': 0.935361216730038, 'hate_f1': 0.37037037037037035, 'hate_recall': 0.3125, 'total_loss': 0.0658369559442272}
2026-03-02 03:17:43,036 - INFO - Epoch 15 结果: {'rel_acc': 0.844106463878327, 'rel_f1': 0.4675324675324675, 'hate_acc': 0.9315589353612167, 'hate_f1': 0.25, 'hate_recall': 0.1875, 'total_loss': 0.02511041916000682}
2026-03-02 03:17:47,828 - INFO - Epoch 16 结果: {'rel_acc': 0.7908745247148289, 'rel_f1': 0.3956043956043956, 'hate_acc': 0.9315589353612167, 'hate_f1': 0.4, 'hate_recall': 0.375, 'total_loss': 0.02266039649131582}
2026-03-02 03:17:51,671 - INFO - Epoch 17 结果: {'rel_acc': 0.8212927756653993, 'rel_f1': 0.45977011494252873, 'hate_acc': 0.9239543726235742, 'hate_f1': 0.375, 'hate_recall': 0.375, 'total_loss': 0.049446688236580605}
2026-03-02 03:17:55,229 - INFO - Epoch 18 结果: {'rel_acc': 0.8365019011406845, 'rel_f1': 0.37681159420289856, 'hate_acc': 0.9277566539923955, 'hate_f1': 0.45714285714285713, 'hate_recall': 0.5, 'total_loss': 0.05486868311984565}
2026-03-02 03:17:58,765 - INFO - Epoch 19 结果: {'rel_acc': 0.8022813688212928, 'rel_f1': 0.48, 'hate_acc': 0.9163498098859315, 'hate_f1': 0.42105263157894735, 'hate_recall': 0.5, 'total_loss': 0.14495154455417414}
2026-03-02 03:18:02,301 - INFO - Epoch 20 结果: {'rel_acc': 0.8022813688212928, 'rel_f1': 0.44680851063829785, 'hate_acc': 0.935361216730038, 'hate_f1': 0.45161290322580644, 'hate_recall': 0.4375, 'total_loss': 0.032559061916922594}
2026-03-02 03:18:02,323 - INFO - 训练正常结束。
