2026-03-29 06:07:12,069 - INFO - 开始训练流程...
2026-03-29 06:07:12,069 - INFO - 日志将保存至: /root/autodl-tmp/Master_Thesis/model_train/classifier/logs/20260329_060712_train.log
2026-03-29 06:07:12,095 - INFO - 训练集大小: 4223, 验证集大小: 600
2026-03-29 06:07:15,534 - INFO - Epoch 1 优化后结果: {'rel_f1': 0.4044943820224719, 'hate_f1': 0.07395498392282958, 'combined_f1': 0.23922468297265073, 'hate_recall': 1.0, 'best_rel_th': 0.63, 'best_hate_th': 0.3, 'total_loss': 0.0010581601298216617, 'lr': 1.893939393939394e-08}
2026-03-29 06:07:16,189 - INFO - Epoch 1 优化后结果: {'rel_f1': 0.4044943820224719, 'hate_f1': 0.07395498392282958, 'combined_f1': 0.23922468297265073, 'hate_recall': 1.0, 'best_rel_th': 0.63, 'best_hate_th': 0.3, 'total_loss': 0.0017275086067842715, 'lr': 3.787878787878788e-08}
2026-03-29 06:07:16,835 - INFO - Epoch 1 优化后结果: {'rel_f1': 0.39751552795031053, 'hate_f1': 0.07395498392282958, 'combined_f1': 0.23573525593657005, 'hate_recall': 1.0, 'best_rel_th': 0.5800000000000001, 'best_hate_th': 0.3, 'total_loss': 0.002447192754709359, 'lr': 5.681818181818182e-08}
2026-03-29 06:07:17,486 - INFO - Epoch 1 优化后结果: {'rel_f1': 0.39751552795031053, 'hate_f1': 0.07395498392282958, 'combined_f1': 0.23573525593657005, 'hate_recall': 1.0, 'best_rel_th': 0.5800000000000001, 'best_hate_th': 0.3, 'total_loss': 0.003280392706845746, 'lr': 7.575757575757576e-08}
2026-03-29 06:07:18,135 - INFO - Epoch 1 优化后结果: {'rel_f1': 0.39751552795031053, 'hate_f1': 0.07395498392282958, 'combined_f1': 0.23573525593657005, 'hate_recall': 1.0, 'best_rel_th': 0.5800000000000001, 'best_hate_th': 0.3, 'total_loss': 0.004129012707959522, 'lr': 9.46969696969697e-08}
2026-03-29 06:07:18,784 - INFO - Epoch 1 优化后结果: {'rel_f1': 0.4016393442622951, 'hate_f1': 0.07395498392282958, 'combined_f1': 0.23779716409256232, 'hate_recall': 1.0, 'best_rel_th': 0.6, 'best_hate_th': 0.3, 'total_loss': 0.004944650794972073, 'lr': 1.1363636363636364e-07}
2026-03-29 06:07:19,433 - INFO - Epoch 1 优化后结果: {'rel_f1': 0.4016393442622951, 'hate_f1': 0.07395498392282958, 'combined_f1': 0.23779716409256232, 'hate_recall': 1.0, 'best_rel_th': 0.6, 'best_hate_th': 0.3, 'total_loss': 0.005864323370835998, 'lr': 1.325757575757576e-07}
2026-03-29 06:07:20,082 - INFO - Epoch 1 优化后结果: {'rel_f1': 0.4012539184952978, 'hate_f1': 0.07395498392282958, 'combined_f1': 0.23760445120906368, 'hate_recall': 1.0, 'best_rel_th': 0.5800000000000001, 'best_hate_th': 0.3, 'total_loss': 0.006884432030898152, 'lr': 1.5151515151515152e-07}
2026-03-29 06:07:20,733 - INFO - Epoch 1 优化后结果: {'rel_f1': 0.4012539184952978, 'hate_f1': 0.07395498392282958, 'combined_f1': 0.23760445120906368, 'hate_recall': 1.0, 'best_rel_th': 0.5800000000000001, 'best_hate_th': 0.3, 'total_loss': 0.007466938346624374, 'lr': 1.7045454545454545e-07}
2026-03-29 06:07:21,382 - INFO - Epoch 1 优化后结果: {'rel_f1': 0.4050632911392405, 'hate_f1': 0.07395498392282958, 'combined_f1': 0.23950913753103503, 'hate_recall': 1.0, 'best_rel_th': 0.5800000000000001, 'best_hate_th': 0.3, 'total_loss': 0.00819973387953007, 'lr': 1.893939393939394e-07}
2026-03-29 06:07:22,031 - INFO - Epoch 1 优化后结果: {'rel_f1': 0.4028776978417266, 'hate_f1': 0.07395498392282958, 'combined_f1': 0.2384163408822781, 'hate_recall': 1.0, 'best_rel_th': 0.59, 'best_hate_th': 0.3, 'total_loss': 0.009016464379700747, 'lr': 2.0833333333333333e-07}
2026-03-29 06:07:22,688 - INFO - Epoch 1 优化后结果: {'rel_f1': 0.4072727272727273, 'hate_f1': 0.07395498392282958, 'combined_f1': 0.24061385559777843, 'hate_recall': 1.0, 'best_rel_th': 0.59, 'best_hate_th': 0.3, 'total_loss': 0.00965884192423387, 'lr': 2.2727272727272729e-07}
2026-03-29 06:07:23,344 - INFO - Epoch 1 优化后结果: {'rel_f1': 0.41025641025641024, 'hate_f1': 0.07395498392282958, 'combined_f1': 0.2421056970896199, 'hate_recall': 1.0, 'best_rel_th': 0.59, 'best_hate_th': 0.3, 'total_loss': 0.010528907010501081, 'lr': 2.4621212121212124e-07}
2026-03-29 06:07:24,004 - INFO - Epoch 1 优化后结果: {'rel_f1': 0.40384615384615385, 'hate_f1': 0.07395498392282958, 'combined_f1': 0.2389005688844917, 'hate_recall': 1.0, 'best_rel_th': 0.5800000000000001, 'best_hate_th': 0.3, 'total_loss': 0.011260564410776802, 'lr': 2.651515151515152e-07}
2026-03-29 06:07:24,666 - INFO - Epoch 1 优化后结果: {'rel_f1': 0.4025974025974026, 'hate_f1': 0.07395498392282958, 'combined_f1': 0.2382761932601161, 'hate_recall': 1.0, 'best_rel_th': 0.5800000000000001, 'best_hate_th': 0.3, 'total_loss': 0.012108811713529356, 'lr': 2.840909090909091e-07}
2026-03-29 06:07:25,315 - INFO - Epoch 1 优化后结果: {'rel_f1': 0.40924092409240925, 'hate_f1': 0.07395498392282958, 'combined_f1': 0.2415979540076194, 'hate_recall': 1.0, 'best_rel_th': 0.5800000000000001, 'best_hate_th': 0.3, 'total_loss': 0.012951769612052223, 'lr': 3.0303030303030305e-07}
2026-03-29 06:07:25,968 - INFO - Epoch 1 优化后结果: {'rel_f1': 0.41333333333333333, 'hate_f1': 0.07395498392282958, 'combined_f1': 0.24364415862808145, 'hate_recall': 1.0, 'best_rel_th': 0.5800000000000001, 'best_hate_th': 0.3, 'total_loss': 0.013612698029839632, 'lr': 3.21969696969697e-07}
2026-03-29 06:07:26,627 - INFO - Epoch 1 优化后结果: {'rel_f1': 0.4076923076923077, 'hate_f1': 0.07395498392282958, 'combined_f1': 0.24082364580756863, 'hate_recall': 1.0, 'best_rel_th': 0.59, 'best_hate_th': 0.3, 'total_loss': 0.014274811033498157, 'lr': 3.409090909090909e-07}
2026-03-29 06:07:27,281 - INFO - Epoch 1 优化后结果: {'rel_f1': 0.416, 'hate_f1': 0.07395498392282958, 'combined_f1': 0.24497749196141477, 'hate_recall': 1.0, 'best_rel_th': 0.59, 'best_hate_th': 0.3, 'total_loss': 0.01503548494568377, 'lr': 3.598484848484849e-07}
2026-03-29 06:07:27,936 - INFO - Epoch 1 优化后结果: {'rel_f1': 0.41935483870967744, 'hate_f1': 0.07395498392282958, 'combined_f1': 0.2466549113162535, 'hate_recall': 1.0, 'best_rel_th': 0.59, 'best_hate_th': 0.3, 'total_loss': 0.01575672220100056, 'lr': 3.787878787878788e-07}
2026-03-29 06:07:28,593 - INFO - Epoch 1 优化后结果: {'rel_f1': 0.4098360655737705, 'hate_f1': 0.07495741056218058, 'combined_f1': 0.24239673806797554, 'hate_recall': 0.9565217391304348, 'best_rel_th': 0.59, 'best_hate_th': 0.39, 'total_loss': 0.016425217925147576, 'lr': 3.9772727272727276e-07}
2026-03-29 06:07:29,250 - INFO - Epoch 1 优化后结果: {'rel_f1': 0.4072727272727273, 'hate_f1': 0.07395498392282958, 'combined_f1': 0.24061385559777843, 'hate_recall': 1.0, 'best_rel_th': 0.5800000000000001, 'best_hate_th': 0.3, 'total_loss': 0.017135118783423393, 'lr': 4.1666666666666667e-07}
2026-03-29 06:07:29,910 - INFO - Epoch 1 优化后结果: {'rel_f1': 0.41025641025641024, 'hate_f1': 0.07407407407407407, 'combined_f1': 0.24216524216524216, 'hate_recall': 1.0, 'best_rel_th': 0.5800000000000001, 'best_hate_th': 0.33, 'total_loss': 0.017740314205487568, 'lr': 4.3560606060606067e-07}
2026-03-29 06:07:30,573 - INFO - Epoch 1 优化后结果: {'rel_f1': 0.41947565543071164, 'hate_f1': 0.07407407407407407, 'combined_f1': 0.24677486475239285, 'hate_recall': 1.0, 'best_rel_th': 0.5800000000000001, 'best_hate_th': 0.33, 'total_loss': 0.01858937491973241, 'lr': 4.5454545454545457e-07}
2026-03-29 06:07:31,229 - INFO - Epoch 1 优化后结果: {'rel_f1': 0.421455938697318, 'hate_f1': 0.07407407407407407, 'combined_f1': 0.24776500638569604, 'hate_recall': 1.0, 'best_rel_th': 0.5800000000000001, 'best_hate_th': 0.33, 'total_loss': 0.019389913332733242, 'lr': 4.7348484848484853e-07}
2026-03-29 06:07:31,881 - INFO - Epoch 1 优化后结果: {'rel_f1': 0.4235294117647059, 'hate_f1': 0.07476635514018691, 'combined_f1': 0.2491478834524464, 'hate_recall': 0.17391304347826086, 'best_rel_th': 0.5800000000000001, 'best_hate_th': 0.55, 'total_loss': 0.020465121068286175, 'lr': 4.924242424242425e-07}
2026-03-29 06:07:32,532 - INFO - Epoch 1 优化后结果: {'rel_f1': 0.424, 'hate_f1': 0.07476635514018691, 'combined_f1': 0.24938317757009346, 'hate_recall': 0.17391304347826086, 'best_rel_th': 0.5800000000000001, 'best_hate_th': 0.55, 'total_loss': 0.02133375716706117, 'lr': 5.113636363636364e-07}
2026-03-29 06:07:33,185 - INFO - Epoch 1 优化后结果: {'rel_f1': 0.411522633744856, 'hate_f1': 0.07476635514018691, 'combined_f1': 0.24314449444252145, 'hate_recall': 0.17391304347826086, 'best_rel_th': 0.5800000000000001, 'best_hate_th': 0.55, 'total_loss': 0.022313984788276932, 'lr': 5.303030303030304e-07}
2026-03-29 06:07:33,835 - INFO - Epoch 1 优化后结果: {'rel_f1': 0.42735042735042733, 'hate_f1': 0.0963855421686747, 'combined_f1': 0.26186798475955103, 'hate_recall': 0.17391304347826086, 'best_rel_th': 0.5800000000000001, 'best_hate_th': 0.56, 'total_loss': 0.023214298328666977, 'lr': 5.492424242424242e-07}
2026-03-29 06:07:34,487 - INFO - Epoch 1 优化后结果: {'rel_f1': 0.4224137931034483, 'hate_f1': 0.0963855421686747, 'combined_f1': 0.2593996676360615, 'hate_recall': 0.17391304347826086, 'best_rel_th': 0.5800000000000001, 'best_hate_th': 0.56, 'total_loss': 0.023910187749248562, 'lr': 5.681818181818182e-07}
2026-03-29 06:07:35,138 - INFO - Epoch 1 优化后结果: {'rel_f1': 0.42105263157894735, 'hate_f1': 0.09523809523809523, 'combined_f1': 0.2581453634085213, 'hate_recall': 0.17391304347826086, 'best_rel_th': 0.5700000000000001, 'best_hate_th': 0.56, 'total_loss': 0.024677438153461975, 'lr': 5.871212121212122e-07}
2026-03-29 06:07:35,790 - INFO - Epoch 1 优化后结果: {'rel_f1': 0.4307692307692308, 'hate_f1': 0.0963855421686747, 'combined_f1': 0.26357738646895273, 'hate_recall': 0.17391304347826086, 'best_rel_th': 0.5700000000000001, 'best_hate_th': 0.56, 'total_loss': 0.02550774056351546, 'lr': 6.060606060606061e-07}
2026-03-29 06:07:36,440 - INFO - Epoch 1 优化后结果: {'rel_f1': 0.4280155642023346, 'hate_f1': 0.09523809523809523, 'combined_f1': 0.2616268297202149, 'hate_recall': 0.17391304347826086, 'best_rel_th': 0.5700000000000001, 'best_hate_th': 0.56, 'total_loss': 0.026249709793112495, 'lr': 6.25e-07}
2026-03-29 06:07:37,090 - INFO - Epoch 1 优化后结果: {'rel_f1': 0.41935483870967744, 'hate_f1': 0.09523809523809523, 'combined_f1': 0.2572964669738863, 'hate_recall': 0.17391304347826086, 'best_rel_th': 0.5700000000000001, 'best_hate_th': 0.56, 'total_loss': 0.027030560385548706, 'lr': 6.43939393939394e-07}
2026-03-29 06:07:37,743 - INFO - Epoch 1 优化后结果: {'rel_f1': 0.4322033898305085, 'hate_f1': 0.09523809523809523, 'combined_f1': 0.2637207425343019, 'hate_recall': 0.17391304347826086, 'best_rel_th': 0.5700000000000001, 'best_hate_th': 0.56, 'total_loss': 0.027484216021768974, 'lr': 6.628787878787879e-07}
2026-03-29 06:07:38,394 - INFO - Epoch 1 优化后结果: {'rel_f1': 0.43103448275862066, 'hate_f1': 0.0963855421686747, 'combined_f1': 0.26371001246364767, 'hate_recall': 0.17391304347826086, 'best_rel_th': 0.5700000000000001, 'best_hate_th': 0.56, 'total_loss': 0.028333041986281223, 'lr': 6.818181818181818e-07}
2026-03-29 06:07:39,046 - INFO - Epoch 1 优化后结果: {'rel_f1': 0.43103448275862066, 'hate_f1': 0.0963855421686747, 'combined_f1': 0.26371001246364767, 'hate_recall': 0.17391304347826086, 'best_rel_th': 0.5700000000000001, 'best_hate_th': 0.56, 'total_loss': 0.028993869426124023, 'lr': 7.007575757575758e-07}
2026-03-29 06:07:39,697 - INFO - Epoch 1 优化后结果: {'rel_f1': 0.4298245614035088, 'hate_f1': 0.0963855421686747, 'combined_f1': 0.2631050517860917, 'hate_recall': 0.17391304347826086, 'best_rel_th': 0.5700000000000001, 'best_hate_th': 0.56, 'total_loss': 0.029778369109738956, 'lr': 7.196969696969698e-07}
2026-03-29 06:07:40,349 - INFO - Epoch 1 优化后结果: {'rel_f1': 0.4357976653696498, 'hate_f1': 0.09523809523809523, 'combined_f1': 0.2655178803038725, 'hate_recall': 0.17391304347826086, 'best_rel_th': 0.56, 'best_hate_th': 0.56, 'total_loss': 0.030526668736428925, 'lr': 7.386363636363638e-07}
2026-03-29 06:07:41,002 - INFO - Epoch 1 优化后结果: {'rel_f1': 0.43373493975903615, 'hate_f1': 0.09411764705882353, 'combined_f1': 0.2639262934089298, 'hate_recall': 0.17391304347826086, 'best_rel_th': 0.56, 'best_hate_th': 0.56, 'total_loss': 0.03129036555236036, 'lr': 7.575757575757576e-07}
2026-03-29 06:07:41,655 - INFO - Epoch 1 优化后结果: {'rel_f1': 0.43983402489626555, 'hate_f1': 0.09411764705882353, 'combined_f1': 0.26697583597754454, 'hate_recall': 0.17391304347826086, 'best_rel_th': 0.56, 'best_hate_th': 0.56, 'total_loss': 0.03209416003841342, 'lr': 7.765151515151516e-07}
2026-03-29 06:07:42,307 - INFO - Epoch 1 优化后结果: {'rel_f1': 0.43703703703703706, 'hate_f1': 0.09302325581395349, 'combined_f1': 0.26503014642549527, 'hate_recall': 0.17391304347826086, 'best_rel_th': 0.55, 'best_hate_th': 0.56, 'total_loss': 0.0329495110746586, 'lr': 7.954545454545455e-07}
2026-03-29 06:07:42,963 - INFO - Epoch 1 优化后结果: {'rel_f1': 0.4291845493562232, 'hate_f1': 0.09302325581395349, 'combined_f1': 0.2611039025850883, 'hate_recall': 0.17391304347826086, 'best_rel_th': 0.56, 'best_hate_th': 0.56, 'total_loss': 0.03372870735598333, 'lr': 8.143939393939395e-07}
2026-03-29 06:07:43,617 - INFO - Epoch 1 优化后结果: {'rel_f1': 0.4366812227074236, 'hate_f1': 0.09302325581395349, 'combined_f1': 0.26485223926068857, 'hate_recall': 0.17391304347826086, 'best_rel_th': 0.56, 'best_hate_th': 0.56, 'total_loss': 0.034327262730309456, 'lr': 8.333333333333333e-07}
2026-03-29 06:07:44,272 - INFO - Epoch 1 优化后结果: {'rel_f1': 0.4367816091954023, 'hate_f1': 0.11320754716981132, 'combined_f1': 0.2749945781826068, 'hate_recall': 0.13043478260869565, 'best_rel_th': 0.55, 'best_hate_th': 0.5800000000000001, 'total_loss': 0.0351207536278349, 'lr': 8.522727272727273e-07}
2026-03-29 06:07:44,928 - INFO - Epoch 1 优化后结果: {'rel_f1': 0.4470588235294118, 'hate_f1': 0.10909090909090909, 'combined_f1': 0.27807486631016043, 'hate_recall': 0.13043478260869565, 'best_rel_th': 0.55, 'best_hate_th': 0.5800000000000001, 'total_loss': 0.036012185737490654, 'lr': 8.712121212121213e-07}
2026-03-29 06:07:45,584 - INFO - Epoch 1 优化后结果: {'rel_f1': 0.4497991967871486, 'hate_f1': 0.10526315789473684, 'combined_f1': 0.2775311773409427, 'hate_recall': 0.13043478260869565, 'best_rel_th': 0.55, 'best_hate_th': 0.5800000000000001, 'total_loss': 0.03670592148872939, 'lr': 8.901515151515153e-07}
2026-03-29 06:07:46,237 - INFO - Epoch 1 优化后结果: {'rel_f1': 0.4468864468864469, 'hate_f1': 0.10526315789473684, 'combined_f1': 0.2760748023905919, 'hate_recall': 0.13043478260869565, 'best_rel_th': 0.54, 'best_hate_th': 0.5800000000000001, 'total_loss': 0.03720825238887108, 'lr': 9.090909090909091e-07}
2026-03-29 06:07:46,891 - INFO - Epoch 1 优化后结果: {'rel_f1': 0.44609665427509293, 'hate_f1': 0.10526315789473684, 'combined_f1': 0.2756799060849149, 'hate_recall': 0.13043478260869565, 'best_rel_th': 0.54, 'best_hate_th': 0.5800000000000001, 'total_loss': 0.03807831911200827, 'lr': 9.280303030303031e-07}
2026-03-29 06:07:47,547 - INFO - Epoch 1 优化后结果: {'rel_f1': 0.449438202247191, 'hate_f1': 0.10909090909090909, 'combined_f1': 0.27926455566905006, 'hate_recall': 0.13043478260869565, 'best_rel_th': 0.54, 'best_hate_th': 0.5800000000000001, 'total_loss': 0.03874858553436669, 'lr': 9.469696969696971e-07}
2026-03-29 06:07:48,197 - INFO - Epoch 1 优化后结果: {'rel_f1': 0.45038167938931295, 'hate_f1': 0.10909090909090909, 'combined_f1': 0.27973629424011104, 'hate_recall': 0.13043478260869565, 'best_rel_th': 0.54, 'best_hate_th': 0.5800000000000001, 'total_loss': 0.03961146114902063, 'lr': 9.65909090909091e-07}
2026-03-29 06:07:48,849 - INFO - Epoch 1 优化后结果: {'rel_f1': 0.4555984555984556, 'hate_f1': 0.10909090909090909, 'combined_f1': 0.28234468234468235, 'hate_recall': 0.13043478260869565, 'best_rel_th': 0.54, 'best_hate_th': 0.5800000000000001, 'total_loss': 0.040203453013391205, 'lr': 9.84848484848485e-07}
2026-03-29 06:07:49,503 - INFO - Epoch 1 优化后结果: {'rel_f1': 0.4609375, 'hate_f1': 0.1111111111111111, 'combined_f1': 0.2860243055555556, 'hate_recall': 0.13043478260869565, 'best_rel_th': 0.54, 'best_hate_th': 0.5800000000000001, 'total_loss': 0.04088586038260749, 'lr': 1.0037878787878788e-06}
2026-03-29 06:07:50,157 - INFO - Epoch 1 优化后结果: {'rel_f1': 0.4645669291338583, 'hate_f1': 0.1111111111111111, 'combined_f1': 0.2878390201224847, 'hate_recall': 0.13043478260869565, 'best_rel_th': 0.54, 'best_hate_th': 0.5800000000000001, 'total_loss': 0.041559318927201355, 'lr': 1.0227272727272729e-06}
2026-03-29 06:07:50,812 - INFO - Epoch 1 优化后结果: {'rel_f1': 0.45849802371541504, 'hate_f1': 0.11320754716981132, 'combined_f1': 0.28585278544261317, 'hate_recall': 0.13043478260869565, 'best_rel_th': 0.54, 'best_hate_th': 0.5800000000000001, 'total_loss': 0.04222531791663531, 'lr': 1.0416666666666667e-06}
2026-03-29 06:07:51,468 - INFO - Epoch 1 优化后结果: {'rel_f1': 0.4715447154471545, 'hate_f1': 0.11764705882352941, 'combined_f1': 0.29459588713534196, 'hate_recall': 0.13043478260869565, 'best_rel_th': 0.54, 'best_hate_th': 0.5800000000000001, 'total_loss': 0.042889114638621155, 'lr': 1.0606060606060608e-06}
2026-03-29 06:07:52,124 - INFO - Epoch 1 优化后结果: {'rel_f1': 0.46473029045643155, 'hate_f1': 0.11538461538461539, 'combined_f1': 0.2900574529205235, 'hate_recall': 0.13043478260869565, 'best_rel_th': 0.54, 'best_hate_th': 0.5800000000000001, 'total_loss': 0.04352854389810201, 'lr': 1.0795454545454546e-06}
2026-03-29 06:07:52,777 - INFO - Epoch 1 优化后结果: {'rel_f1': 0.46037735849056605, 'hate_f1': 0.11764705882352941, 'combined_f1': 0.28901220865704774, 'hate_recall': 0.13043478260869565, 'best_rel_th': 0.53, 'best_hate_th': 0.5800000000000001, 'total_loss': 0.044057179976141815, 'lr': 1.0984848484848485e-06}
2026-03-29 06:07:53,429 - INFO - Epoch 1 优化后结果: {'rel_f1': 0.46153846153846156, 'hate_f1': 0.11764705882352941, 'combined_f1': 0.2895927601809955, 'hate_recall': 0.13043478260869565, 'best_rel_th': 0.53, 'best_hate_th': 0.5800000000000001, 'total_loss': 0.04462058159212271, 'lr': 1.1174242424242425e-06}
2026-03-29 06:07:54,082 - INFO - Epoch 1 优化后结果: {'rel_f1': 0.4743083003952569, 'hate_f1': 0.10526315789473684, 'combined_f1': 0.2897857291449969, 'hate_recall': 0.17391304347826086, 'best_rel_th': 0.53, 'best_hate_th': 0.56, 'total_loss': 0.0451803563557791, 'lr': 1.1363636363636364e-06}
2026-03-29 06:07:54,738 - INFO - Epoch 1 优化后结果: {'rel_f1': 0.46774193548387094, 'hate_f1': 0.10666666666666667, 'combined_f1': 0.2872043010752688, 'hate_recall': 0.17391304347826086, 'best_rel_th': 0.53, 'best_hate_th': 0.56, 'total_loss': 0.04594034470166221, 'lr': 1.1553030303030304e-06}
2026-03-29 06:07:55,391 - INFO - Epoch 1 优化后结果: {'rel_f1': 0.47107438016528924, 'hate_f1': 0.1095890410958904, 'combined_f1': 0.2903317106305898, 'hate_recall': 0.17391304347826086, 'best_rel_th': 0.53, 'best_hate_th': 0.56, 'total_loss': 0.046492784594496094, 'lr': 1.1742424242424245e-06}
2026-03-29 06:07:56,045 - INFO - Epoch 1 优化后结果: {'rel_f1': 0.4674329501915709, 'hate_f1': 0.1111111111111111, 'combined_f1': 0.289272030651341, 'hate_recall': 0.17391304347826086, 'best_rel_th': 0.52, 'best_hate_th': 0.56, 'total_loss': 0.04700858512836875, 'lr': 1.1931818181818183e-06}
2026-03-29 06:07:56,700 - INFO - Epoch 1 优化后结果: {'rel_f1': 0.47808764940239046, 'hate_f1': 0.14545454545454545, 'combined_f1': 0.311771097428468, 'hate_recall': 0.17391304347826086, 'best_rel_th': 0.52, 'best_hate_th': 0.5700000000000001, 'total_loss': 0.0476033804430203, 'lr': 1.2121212121212122e-06}
2026-03-29 06:07:57,343 - INFO - Epoch 1 优化后结果: {'rel_f1': 0.4777327935222672, 'hate_f1': 0.14545454545454545, 'combined_f1': 0.31159366948840633, 'hate_recall': 0.17391304347826086, 'best_rel_th': 0.52, 'best_hate_th': 0.5700000000000001, 'total_loss': 0.04816693383635896, 'lr': 1.2310606060606063e-06}
2026-03-29 06:07:57,988 - INFO - Epoch 1 优化后结果: {'rel_f1': 0.4730290456431535, 'hate_f1': 0.16, 'combined_f1': 0.31651452282157677, 'hate_recall': 0.17391304347826086, 'best_rel_th': 0.52, 'best_hate_th': 0.5700000000000001, 'total_loss': 0.048823060862945786, 'lr': 1.25e-06}
2026-03-29 06:07:58,635 - INFO - Epoch 1 优化后结果: {'rel_f1': 0.4806201550387597, 'hate_f1': 0.12598425196850394, 'combined_f1': 0.3033022035036318, 'hate_recall': 0.34782608695652173, 'best_rel_th': 0.51, 'best_hate_th': 0.52, 'total_loss': 0.049488519515955086, 'lr': 1.268939393939394e-06}
2026-03-29 06:07:59,353 - INFO - Epoch 1 优化后结果: {'rel_f1': 0.48031496062992124, 'hate_f1': 0.16666666666666666, 'combined_f1': 0.32349081364829396, 'hate_recall': 0.13043478260869565, 'best_rel_th': 0.51, 'best_hate_th': 0.5800000000000001, 'total_loss': 0.05002295265369343, 'lr': 1.287878787878788e-06}
2026-03-29 06:07:59,998 - INFO - Epoch 1 优化后结果: {'rel_f1': 0.47580645161290325, 'hate_f1': 0.13333333333333333, 'combined_f1': 0.3045698924731183, 'hate_recall': 0.17391304347826086, 'best_rel_th': 0.51, 'best_hate_th': 0.56, 'total_loss': 0.050778879868713295, 'lr': 1.3068181818181819e-06}
2026-03-29 06:08:00,640 - INFO - Epoch 1 优化后结果: {'rel_f1': 0.4816326530612245, 'hate_f1': 0.13793103448275862, 'combined_f1': 0.3097818437719916, 'hate_recall': 0.17391304347826086, 'best_rel_th': 0.51, 'best_hate_th': 0.56, 'total_loss': 0.05132889550066355, 'lr': 1.3257575757575757e-06}
2026-03-29 06:08:01,294 - INFO - Epoch 1 优化后结果: {'rel_f1': 0.48360655737704916, 'hate_f1': 0.16666666666666666, 'combined_f1': 0.3251366120218579, 'hate_recall': 0.13043478260869565, 'best_rel_th': 0.51, 'best_hate_th': 0.5800000000000001, 'total_loss': 0.05211595327339389, 'lr': 1.3446969696969698e-06}
2026-03-29 06:08:01,939 - INFO - Epoch 1 优化后结果: {'rel_f1': 0.4896265560165975, 'hate_f1': 0.15384615384615385, 'combined_f1': 0.32173635493137565, 'hate_recall': 0.13043478260869565, 'best_rel_th': 0.51, 'best_hate_th': 0.5800000000000001, 'total_loss': 0.052783690731633796, 'lr': 1.3636363636363636e-06}
2026-03-29 06:08:02,585 - INFO - Epoch 1 优化后结果: {'rel_f1': 0.49166666666666664, 'hate_f1': 0.15, 'combined_f1': 0.3208333333333333, 'hate_recall': 0.13043478260869565, 'best_rel_th': 0.51, 'best_hate_th': 0.5800000000000001, 'total_loss': 0.05318651427373742, 'lr': 1.3825757575757577e-06}
2026-03-29 06:08:03,231 - INFO - Epoch 1 优化后结果: {'rel_f1': 0.4957983193277311, 'hate_f1': 0.15789473684210525, 'combined_f1': 0.3268465280849182, 'hate_recall': 0.2608695652173913, 'best_rel_th': 0.51, 'best_hate_th': 0.55, 'total_loss': 0.05396032389817816, 'lr': 1.4015151515151515e-06}
2026-03-29 06:08:03,879 - INFO - Epoch 1 优化后结果: {'rel_f1': 0.4979253112033195, 'hate_f1': 0.15384615384615385, 'combined_f1': 0.3258857325247367, 'hate_recall': 0.13043478260869565, 'best_rel_th': 0.51, 'best_hate_th': 0.59, 'total_loss': 0.054853875867345116, 'lr': 1.4204545454545458e-06}
2026-03-29 06:08:04,535 - INFO - Epoch 1 优化后结果: {'rel_f1': 0.5061224489795918, 'hate_f1': 0.16901408450704225, 'combined_f1': 0.337568266743317, 'hate_recall': 0.2608695652173913, 'best_rel_th': 0.51, 'best_hate_th': 0.56, 'total_loss': 0.055440179044098564, 'lr': 1.4393939393939396e-06}
2026-03-29 06:08:05,245 - INFO - Epoch 1 优化后结果: {'rel_f1': 0.5066666666666667, 'hate_f1': 0.16666666666666666, 'combined_f1': 0.33666666666666667, 'hate_recall': 0.2608695652173913, 'best_rel_th': 0.52, 'best_hate_th': 0.56, 'total_loss': 0.05603791965228139, 'lr': 1.4583333333333335e-06}
2026-03-29 06:08:05,924 - INFO - Epoch 1 优化后结果: {'rel_f1': 0.5021645021645021, 'hate_f1': 0.1875, 'combined_f1': 0.3448322510822511, 'hate_recall': 0.2608695652173913, 'best_rel_th': 0.52, 'best_hate_th': 0.5700000000000001, 'total_loss': 0.056487524543296204, 'lr': 1.4772727272727275e-06}
2026-03-29 06:08:06,578 - INFO - Epoch 1 优化后结果: {'rel_f1': 0.5, 'hate_f1': 0.18461538461538463, 'combined_f1': 0.3423076923076923, 'hate_recall': 0.2608695652173913, 'best_rel_th': 0.52, 'best_hate_th': 0.5700000000000001, 'total_loss': 0.05707578197347395, 'lr': 1.4962121212121214e-06}
2026-03-29 06:08:07,232 - INFO - Epoch 1 优化后结果: {'rel_f1': 0.5083333333333333, 'hate_f1': 0.1791044776119403, 'combined_f1': 0.3437189054726368, 'hate_recall': 0.2608695652173913, 'best_rel_th': 0.52, 'best_hate_th': 0.5700000000000001, 'total_loss': 0.05770023071178884, 'lr': 1.5151515151515152e-06}
2026-03-29 06:08:07,886 - INFO - Epoch 1 优化后结果: {'rel_f1': 0.5083333333333333, 'hate_f1': 0.17647058823529413, 'combined_f1': 0.34240196078431373, 'hate_recall': 0.2608695652173913, 'best_rel_th': 0.52, 'best_hate_th': 0.5700000000000001, 'total_loss': 0.05821650876014522, 'lr': 1.5340909090909093e-06}
2026-03-29 06:08:08,542 - INFO - Epoch 1 优化后结果: {'rel_f1': 0.5114155251141552, 'hate_f1': 0.19230769230769232, 'combined_f1': 0.35186160871092376, 'hate_recall': 0.21739130434782608, 'best_rel_th': 0.53, 'best_hate_th': 0.59, 'total_loss': 0.05887554783486959, 'lr': 1.5530303030303032e-06}
2026-03-29 06:08:09,197 - INFO - Epoch 1 优化后结果: {'rel_f1': 0.5089285714285714, 'hate_f1': 0.18867924528301888, 'combined_f1': 0.3488039083557951, 'hate_recall': 0.21739130434782608, 'best_rel_th': 0.53, 'best_hate_th': 0.59, 'total_loss': 0.0595478956220728, 'lr': 1.571969696969697e-06}
2026-03-29 06:08:09,850 - INFO - Epoch 1 优化后结果: {'rel_f1': 0.5198237885462555, 'hate_f1': 0.18867924528301888, 'combined_f1': 0.3542515169146372, 'hate_recall': 0.21739130434782608, 'best_rel_th': 0.53, 'best_hate_th': 0.59, 'total_loss': 0.06017110778978377, 'lr': 1.590909090909091e-06}
2026-03-29 06:08:10,505 - INFO - Epoch 1 优化后结果: {'rel_f1': 0.5240174672489083, 'hate_f1': 0.2, 'combined_f1': 0.3620087336244542, 'hate_recall': 0.21739130434782608, 'best_rel_th': 0.53, 'best_hate_th': 0.6, 'total_loss': 0.060673641097365005, 'lr': 1.609848484848485e-06}
2026-03-29 06:08:11,157 - INFO - Epoch 1 优化后结果: {'rel_f1': 0.5281385281385281, 'hate_f1': 0.2, 'combined_f1': 0.3640692640692641, 'hate_recall': 0.21739130434782608, 'best_rel_th': 0.53, 'best_hate_th': 0.6, 'total_loss': 0.06132024255665866, 'lr': 1.628787878787879e-06}
2026-03-29 06:08:11,808 - INFO - Epoch 1 优化后结果: {'rel_f1': 0.5236051502145923, 'hate_f1': 0.2, 'combined_f1': 0.3618025751072962, 'hate_recall': 0.21739130434782608, 'best_rel_th': 0.53, 'best_hate_th': 0.6, 'total_loss': 0.06204916435209187, 'lr': 1.6477272727272728e-06}
2026-03-29 06:08:12,461 - INFO - Epoch 1 优化后结果: {'rel_f1': 0.5191489361702127, 'hate_f1': 0.20833333333333334, 'combined_f1': 0.36374113475177305, 'hate_recall': 0.21739130434782608, 'best_rel_th': 0.53, 'best_hate_th': 0.61, 'total_loss': 0.06253301702214009, 'lr': 1.6666666666666667e-06}
2026-03-29 06:08:13,116 - INFO - Epoch 1 优化后结果: {'rel_f1': 0.5191489361702127, 'hate_f1': 0.20408163265306123, 'combined_f1': 0.361615284411637, 'hate_recall': 0.21739130434782608, 'best_rel_th': 0.53, 'best_hate_th': 0.61, 'total_loss': 0.06329784728586674, 'lr': 1.6856060606060607e-06}
2026-03-29 06:08:13,771 - INFO - Epoch 1 优化后结果: {'rel_f1': 0.5191489361702127, 'hate_f1': 0.20408163265306123, 'combined_f1': 0.361615284411637, 'hate_recall': 0.21739130434782608, 'best_rel_th': 0.53, 'best_hate_th': 0.61, 'total_loss': 0.06383613401064367, 'lr': 1.7045454545454546e-06}
2026-03-29 06:08:14,430 - INFO - Epoch 1 优化后结果: {'rel_f1': 0.5169491525423728, 'hate_f1': 0.20408163265306123, 'combined_f1': 0.36051539259771703, 'hate_recall': 0.21739130434782608, 'best_rel_th': 0.53, 'best_hate_th': 0.61, 'total_loss': 0.06442378794379307, 'lr': 1.7234848484848488e-06}
2026-03-29 06:08:15,091 - INFO - Epoch 1 优化后结果: {'rel_f1': 0.5169491525423728, 'hate_f1': 0.20408163265306123, 'combined_f1': 0.36051539259771703, 'hate_recall': 0.21739130434782608, 'best_rel_th': 0.53, 'best_hate_th': 0.61, 'total_loss': 0.0648395906230717, 'lr': 1.7424242424242427e-06}
2026-03-29 06:08:15,748 - INFO - Epoch 1 优化后结果: {'rel_f1': 0.5150214592274678, 'hate_f1': 0.2127659574468085, 'combined_f1': 0.36389370833713813, 'hate_recall': 0.21739130434782608, 'best_rel_th': 0.53, 'best_hate_th': 0.62, 'total_loss': 0.06532805898424351, 'lr': 1.7613636363636365e-06}
2026-03-29 06:08:16,405 - INFO - Epoch 1 优化后结果: {'rel_f1': 0.5150214592274678, 'hate_f1': 0.2127659574468085, 'combined_f1': 0.36389370833713813, 'hate_recall': 0.21739130434782608, 'best_rel_th': 0.53, 'best_hate_th': 0.62, 'total_loss': 0.06607727198438211, 'lr': 1.7803030303030306e-06}
2026-03-29 06:08:17,064 - INFO - Epoch 1 优化后结果: {'rel_f1': 0.5272727272727272, 'hate_f1': 0.2127659574468085, 'combined_f1': 0.37001934235976786, 'hate_recall': 0.21739130434782608, 'best_rel_th': 0.54, 'best_hate_th': 0.62, 'total_loss': 0.06671258694294727, 'lr': 1.7992424242424244e-06}
2026-03-29 06:08:17,720 - INFO - Epoch 1 优化后结果: {'rel_f1': 0.5248868778280543, 'hate_f1': 0.22727272727272727, 'combined_f1': 0.3760798025503908, 'hate_recall': 0.21739130434782608, 'best_rel_th': 0.54, 'best_hate_th': 0.63, 'total_loss': 0.06739592614273231, 'lr': 1.8181818181818183e-06}
2026-03-29 06:08:18,376 - INFO - Epoch 1 优化后结果: {'rel_f1': 0.5178571428571429, 'hate_f1': 0.21739130434782608, 'combined_f1': 0.3676242236024845, 'hate_recall': 0.21739130434782608, 'best_rel_th': 0.54, 'best_hate_th': 0.63, 'total_loss': 0.06802978880251899, 'lr': 1.8371212121212124e-06}
2026-03-29 06:08:19,028 - INFO - Epoch 1 优化后结果: {'rel_f1': 0.5155555555555555, 'hate_f1': 0.20833333333333334, 'combined_f1': 0.36194444444444446, 'hate_recall': 0.21739130434782608, 'best_rel_th': 0.54, 'best_hate_th': 0.63, 'total_loss': 0.06859833064178626, 'lr': 1.8560606060606062e-06}
2026-03-29 06:08:19,681 - INFO - Epoch 1 优化后结果: {'rel_f1': 0.5178571428571429, 'hate_f1': 0.22727272727272727, 'combined_f1': 0.3725649350649351, 'hate_recall': 0.21739130434782608, 'best_rel_th': 0.54, 'best_hate_th': 0.64, 'total_loss': 0.06897916179150343, 'lr': 1.8750000000000003e-06}
2026-03-29 06:08:20,337 - INFO - Epoch 1 优化后结果: {'rel_f1': 0.5225225225225225, 'hate_f1': 0.2222222222222222, 'combined_f1': 0.37237237237237236, 'hate_recall': 0.21739130434782608, 'best_rel_th': 0.54, 'best_hate_th': 0.64, 'total_loss': 0.0694367407228459, 'lr': 1.8939393939393941e-06}
2026-03-29 06:08:20,987 - INFO - Epoch 1 优化后结果: {'rel_f1': 0.5225225225225225, 'hate_f1': 0.2222222222222222, 'combined_f1': 0.37237237237237236, 'hate_recall': 0.21739130434782608, 'best_rel_th': 0.54, 'best_hate_th': 0.64, 'total_loss': 0.06985261373108986, 'lr': 1.912878787878788e-06}
2026-03-29 06:08:21,639 - INFO - Epoch 1 优化后结果: {'rel_f1': 0.5236051502145923, 'hate_f1': 0.21739130434782608, 'combined_f1': 0.3704982272812092, 'hate_recall': 0.21739130434782608, 'best_rel_th': 0.53, 'best_hate_th': 0.64, 'total_loss': 0.07051455096877886, 'lr': 1.931818181818182e-06}
2026-03-29 06:08:22,297 - INFO - Epoch 1 优化后结果: {'rel_f1': 0.5236051502145923, 'hate_f1': 0.23809523809523808, 'combined_f1': 0.38085019415491517, 'hate_recall': 0.21739130434782608, 'best_rel_th': 0.53, 'best_hate_th': 0.65, 'total_loss': 0.07106048266657373, 'lr': 1.9507575757575757e-06}
2026-03-29 06:08:22,950 - INFO - Epoch 1 优化后结果: {'rel_f1': 0.5236051502145923, 'hate_f1': 0.23255813953488372, 'combined_f1': 0.378081644874738, 'hate_recall': 0.21739130434782608, 'best_rel_th': 0.53, 'best_hate_th': 0.65, 'total_loss': 0.07162019568072124, 'lr': 1.96969696969697e-06}
2026-03-29 06:08:23,605 - INFO - Epoch 1 优化后结果: {'rel_f1': 0.5281385281385281, 'hate_f1': 0.2127659574468085, 'combined_f1': 0.3704522427926683, 'hate_recall': 0.21739130434782608, 'best_rel_th': 0.53, 'best_hate_th': 0.64, 'total_loss': 0.072045062273515, 'lr': 1.9886363636363638e-06}
2026-03-29 06:08:24,257 - INFO - Epoch 1 优化后结果: {'rel_f1': 0.5258620689655172, 'hate_f1': 0.2127659574468085, 'combined_f1': 0.36931401320616286, 'hate_recall': 0.21739130434782608, 'best_rel_th': 0.53, 'best_hate_th': 0.64, 'total_loss': 0.07251546323073632, 'lr': 2.0075757575757576e-06}
2026-03-29 06:08:24,910 - INFO - Epoch 1 优化后结果: {'rel_f1': 0.5339366515837104, 'hate_f1': 0.21739130434782608, 'combined_f1': 0.3756639779657682, 'hate_recall': 0.43478260869565216, 'best_rel_th': 0.54, 'best_hate_th': 0.56, 'total_loss': 0.07285633846891648, 'lr': 2.0265151515151515e-06}
2026-03-29 06:08:25,563 - INFO - Epoch 1 优化后结果: {'rel_f1': 0.5367965367965368, 'hate_f1': 0.21428571428571427, 'combined_f1': 0.37554112554112556, 'hate_recall': 0.391304347826087, 'best_rel_th': 0.53, 'best_hate_th': 0.5700000000000001, 'total_loss': 0.07348017987202514, 'lr': 2.0454545454545457e-06}
2026-03-29 06:08:26,215 - INFO - Epoch 1 优化后结果: {'rel_f1': 0.5422222222222223, 'hate_f1': 0.2222222222222222, 'combined_f1': 0.38222222222222224, 'hate_recall': 0.391304347826087, 'best_rel_th': 0.53, 'best_hate_th': 0.5700000000000001, 'total_loss': 0.07394799940062291, 'lr': 2.0643939393939396e-06}
2026-03-29 06:08:26,872 - INFO - Epoch 1 优化后结果: {'rel_f1': 0.5395348837209303, 'hate_f1': 0.225, 'combined_f1': 0.38226744186046513, 'hate_recall': 0.391304347826087, 'best_rel_th': 0.54, 'best_hate_th': 0.5700000000000001, 'total_loss': 0.07466602562503381, 'lr': 2.0833333333333334e-06}
2026-03-29 06:08:27,526 - INFO - Epoch 1 优化后结果: {'rel_f1': 0.5381165919282511, 'hate_f1': 0.22784810126582278, 'combined_f1': 0.38298234659703695, 'hate_recall': 0.391304347826087, 'best_rel_th': 0.53, 'best_hate_th': 0.5700000000000001, 'total_loss': 0.07509214939041571, 'lr': 2.1022727272727277e-06}
2026-03-29 06:08:28,177 - INFO - Epoch 1 优化后结果: {'rel_f1': 0.5381165919282511, 'hate_f1': 0.21621621621621623, 'combined_f1': 0.3771664040722337, 'hate_recall': 0.17391304347826086, 'best_rel_th': 0.53, 'best_hate_th': 0.66, 'total_loss': 0.07552105648386659, 'lr': 2.1212121212121216e-06}
2026-03-29 06:08:28,831 - INFO - Epoch 1 优化后结果: {'rel_f1': 0.5429864253393665, 'hate_f1': 0.22784810126582278, 'combined_f1': 0.3854172633025946, 'hate_recall': 0.391304347826087, 'best_rel_th': 0.53, 'best_hate_th': 0.5700000000000001, 'total_loss': 0.07615319963996157, 'lr': 2.1401515151515154e-06}
2026-03-29 06:08:29,480 - INFO - Epoch 1 优化后结果: {'rel_f1': 0.547945205479452, 'hate_f1': 0.23076923076923078, 'combined_f1': 0.38935721812434143, 'hate_recall': 0.391304347826087, 'best_rel_th': 0.53, 'best_hate_th': 0.5700000000000001, 'total_loss': 0.07669430065222761, 'lr': 2.1590909090909092e-06}
2026-03-29 06:08:30,134 - INFO - Epoch 1 优化后结果: {'rel_f1': 0.5462962962962963, 'hate_f1': 0.24242424242424243, 'combined_f1': 0.39436026936026936, 'hate_recall': 0.17391304347826086, 'best_rel_th': 0.53, 'best_hate_th': 0.67, 'total_loss': 0.07703100714945432, 'lr': 2.178030303030303e-06}
2026-03-29 06:08:30,796 - INFO - Epoch 1 优化后结果: {'rel_f1': 0.547085201793722, 'hate_f1': 0.24242424242424243, 'combined_f1': 0.3947547221089822, 'hate_recall': 0.17391304347826086, 'best_rel_th': 0.52, 'best_hate_th': 0.67, 'total_loss': 0.0775545234368606, 'lr': 2.196969696969697e-06}
2026-03-29 06:08:31,458 - INFO - Epoch 1 优化后结果: {'rel_f1': 0.547945205479452, 'hate_f1': 0.24242424242424243, 'combined_f1': 0.3951847239518472, 'hate_recall': 0.17391304347826086, 'best_rel_th': 0.52, 'best_hate_th': 0.67, 'total_loss': 0.07799237822605805, 'lr': 2.2159090909090912e-06}
2026-03-29 06:08:32,120 - INFO - Epoch 1 优化后结果: {'rel_f1': 0.5486725663716814, 'hate_f1': 0.24242424242424243, 'combined_f1': 0.3955484043979619, 'hate_recall': 0.17391304347826086, 'best_rel_th': 0.51, 'best_hate_th': 0.67, 'total_loss': 0.07877868529634946, 'lr': 2.234848484848485e-06}
2026-03-29 06:08:32,781 - INFO - Epoch 1 优化后结果: {'rel_f1': 0.547085201793722, 'hate_f1': 0.24242424242424243, 'combined_f1': 0.3947547221089822, 'hate_recall': 0.17391304347826086, 'best_rel_th': 0.51, 'best_hate_th': 0.67, 'total_loss': 0.07931847099892118, 'lr': 2.253787878787879e-06}
2026-03-29 06:08:33,427 - INFO - Epoch 1 优化后结果: {'rel_f1': 0.5431034482758621, 'hate_f1': 0.24242424242424243, 'combined_f1': 0.39276384535005227, 'hate_recall': 0.17391304347826086, 'best_rel_th': 0.5, 'best_hate_th': 0.67, 'total_loss': 0.07967451731251045, 'lr': 2.2727272727272728e-06}
2026-03-29 06:08:34,085 - INFO - Epoch 1 优化后结果: {'rel_f1': 0.5502183406113537, 'hate_f1': 0.24242424242424243, 'combined_f1': 0.39632129151779805, 'hate_recall': 0.17391304347826086, 'best_rel_th': 0.5, 'best_hate_th': 0.67, 'total_loss': 0.08027249820191752, 'lr': 2.2916666666666666e-06}
2026-03-29 06:08:34,736 - INFO - Epoch 1 优化后结果: {'rel_f1': 0.5535714285714286, 'hate_f1': 0.24242424242424243, 'combined_f1': 0.3979978354978355, 'hate_recall': 0.17391304347826086, 'best_rel_th': 0.5, 'best_hate_th': 0.67, 'total_loss': 0.08071085237756823, 'lr': 2.310606060606061e-06}
2026-03-29 06:08:35,389 - INFO - Epoch 1 优化后结果: {'rel_f1': 0.5511111111111111, 'hate_f1': 0.25806451612903225, 'combined_f1': 0.4045878136200717, 'hate_recall': 0.17391304347826086, 'best_rel_th': 0.5, 'best_hate_th': 0.68, 'total_loss': 0.08120562133351059, 'lr': 2.3295454545454547e-06}
2026-03-29 06:08:36,045 - INFO - Epoch 1 优化后结果: {'rel_f1': 0.5429864253393665, 'hate_f1': 0.25, 'combined_f1': 0.39649321266968324, 'hate_recall': 0.17391304347826086, 'best_rel_th': 0.5, 'best_hate_th': 0.68, 'total_loss': 0.08159895458569129, 'lr': 2.348484848484849e-06}
2026-03-29 06:08:36,708 - INFO - Epoch 1 优化后结果: {'rel_f1': 0.5412844036697247, 'hate_f1': 0.25, 'combined_f1': 0.3956422018348624, 'hate_recall': 0.17391304347826086, 'best_rel_th': 0.5, 'best_hate_th': 0.68, 'total_loss': 0.08188647751442411, 'lr': 2.367424242424243e-06}
2026-03-29 06:08:37,362 - INFO - Epoch 1 优化后结果: {'rel_f1': 0.5526315789473685, 'hate_f1': 0.25806451612903225, 'combined_f1': 0.40534804753820036, 'hate_recall': 0.17391304347826086, 'best_rel_th': 0.49, 'best_hate_th': 0.6900000000000001, 'total_loss': 0.08240670753134922, 'lr': 2.3863636363636367e-06}
2026-03-29 06:08:38,014 - INFO - Epoch 1 优化后结果: {'rel_f1': 0.5535714285714286, 'hate_f1': 0.25806451612903225, 'combined_f1': 0.4058179723502304, 'hate_recall': 0.17391304347826086, 'best_rel_th': 0.49, 'best_hate_th': 0.6900000000000001, 'total_loss': 0.08289493809482365, 'lr': 2.4053030303030305e-06}
2026-03-29 06:08:38,670 - INFO - Epoch 1 优化后结果: {'rel_f1': 0.5429864253393665, 'hate_f1': 0.25806451612903225, 'combined_f1': 0.40052547073419936, 'hate_recall': 0.17391304347826086, 'best_rel_th': 0.49, 'best_hate_th': 0.6900000000000001, 'total_loss': 0.08329393446558353, 'lr': 2.4242424242424244e-06}
2026-03-29 06:08:39,323 - INFO - Epoch 1 优化后结果: {'rel_f1': 0.547945205479452, 'hate_f1': 0.25806451612903225, 'combined_f1': 0.40300486080424214, 'hate_recall': 0.17391304347826086, 'best_rel_th': 0.49, 'best_hate_th': 0.6900000000000001, 'total_loss': 0.08378218862256318, 'lr': 2.4431818181818182e-06}
2026-03-29 06:08:39,976 - INFO - Epoch 1 优化后结果: {'rel_f1': 0.547945205479452, 'hate_f1': 0.25806451612903225, 'combined_f1': 0.40300486080424214, 'hate_recall': 0.17391304347826086, 'best_rel_th': 0.49, 'best_hate_th': 0.6900000000000001, 'total_loss': 0.08413696537415187, 'lr': 2.4621212121212125e-06}
2026-03-29 06:08:40,629 - INFO - Epoch 1 优化后结果: {'rel_f1': 0.5414847161572053, 'hate_f1': 0.26666666666666666, 'combined_f1': 0.404075691411936, 'hate_recall': 0.17391304347826086, 'best_rel_th': 0.48000000000000004, 'best_hate_th': 0.7000000000000001, 'total_loss': 0.08450011705810373, 'lr': 2.4810606060606064e-06}
2026-03-29 06:08:41,281 - INFO - Epoch 1 优化后结果: {'rel_f1': 0.5414847161572053, 'hate_f1': 0.26666666666666666, 'combined_f1': 0.404075691411936, 'hate_recall': 0.17391304347826086, 'best_rel_th': 0.48000000000000004, 'best_hate_th': 0.7000000000000001, 'total_loss': 0.08498036105072859, 'lr': 2.5e-06}
2026-03-29 06:08:41,926 - INFO - Epoch 1 优化后结果: {'rel_f1': 0.543859649122807, 'hate_f1': 0.26666666666666666, 'combined_f1': 0.4052631578947369, 'hate_recall': 0.17391304347826086, 'best_rel_th': 0.48000000000000004, 'best_hate_th': 0.7000000000000001, 'total_loss': 0.08533447407976244, 'lr': 2.518939393939394e-06}
2026-03-29 06:08:42,578 - INFO - Epoch 1 优化后结果: {'rel_f1': 0.543859649122807, 'hate_f1': 0.26666666666666666, 'combined_f1': 0.4052631578947369, 'hate_recall': 0.17391304347826086, 'best_rel_th': 0.48000000000000004, 'best_hate_th': 0.7000000000000001, 'total_loss': 0.0857903328018658, 'lr': 2.537878787878788e-06}
2026-03-29 06:08:43,235 - INFO - Epoch 1 优化后结果: {'rel_f1': 0.5462555066079295, 'hate_f1': 0.27586206896551724, 'combined_f1': 0.4110587877867234, 'hate_recall': 0.17391304347826086, 'best_rel_th': 0.48000000000000004, 'best_hate_th': 0.7100000000000001, 'total_loss': 0.08613717118560364, 'lr': 2.556818181818182e-06}
2026-03-29 06:08:43,888 - INFO - Epoch 1 优化后结果: {'rel_f1': 0.5462555066079295, 'hate_f1': 0.27586206896551724, 'combined_f1': 0.4110587877867234, 'hate_recall': 0.17391304347826086, 'best_rel_th': 0.48000000000000004, 'best_hate_th': 0.7100000000000001, 'total_loss': 0.08647581283003092, 'lr': 2.575757575757576e-06}
2026-03-29 06:08:44,542 - INFO - Epoch 1 优化后结果: {'rel_f1': 0.5462555066079295, 'hate_f1': 0.27586206896551724, 'combined_f1': 0.4110587877867234, 'hate_recall': 0.17391304347826086, 'best_rel_th': 0.48000000000000004, 'best_hate_th': 0.7100000000000001, 'total_loss': 0.08687026629393751, 'lr': 2.59469696969697e-06}
2026-03-29 06:08:45,210 - INFO - Epoch 1 优化后结果: {'rel_f1': 0.5462555066079295, 'hate_f1': 0.27586206896551724, 'combined_f1': 0.4110587877867234, 'hate_recall': 0.17391304347826086, 'best_rel_th': 0.48000000000000004, 'best_hate_th': 0.7100000000000001, 'total_loss': 0.0872201280611934, 'lr': 2.6136363636363637e-06}
2026-03-29 06:08:45,864 - INFO - Epoch 1 优化后结果: {'rel_f1': 0.543859649122807, 'hate_f1': 0.27586206896551724, 'combined_f1': 0.40986085904416214, 'hate_recall': 0.17391304347826086, 'best_rel_th': 0.48000000000000004, 'best_hate_th': 0.72, 'total_loss': 0.08785754148707245, 'lr': 2.6325757575757576e-06}
2026-03-29 06:08:46,525 - INFO - Epoch 1 优化后结果: {'rel_f1': 0.5414847161572053, 'hate_f1': 0.27586206896551724, 'combined_f1': 0.40867339256136126, 'hate_recall': 0.17391304347826086, 'best_rel_th': 0.48000000000000004, 'best_hate_th': 0.72, 'total_loss': 0.08844993596501423, 'lr': 2.6515151515151514e-06}
2026-03-29 06:08:47,182 - INFO - Epoch 1 优化后结果: {'rel_f1': 0.5391304347826087, 'hate_f1': 0.27586206896551724, 'combined_f1': 0.40749625187406296, 'hate_recall': 0.17391304347826086, 'best_rel_th': 0.48000000000000004, 'best_hate_th': 0.72, 'total_loss': 0.08873131741402727, 'lr': 2.6704545454545457e-06}
2026-03-29 06:08:47,841 - INFO - Epoch 1 优化后结果: {'rel_f1': 0.5391304347826087, 'hate_f1': 0.27586206896551724, 'combined_f1': 0.40749625187406296, 'hate_recall': 0.17391304347826086, 'best_rel_th': 0.48000000000000004, 'best_hate_th': 0.72, 'total_loss': 0.08903795638770769, 'lr': 2.6893939393939395e-06}
2026-03-29 06:08:48,506 - INFO - Epoch 1 优化后结果: {'rel_f1': 0.5327510917030568, 'hate_f1': 0.27586206896551724, 'combined_f1': 0.404306580334287, 'hate_recall': 0.17391304347826086, 'best_rel_th': 0.48000000000000004, 'best_hate_th': 0.72, 'total_loss': 0.08948601088063284, 'lr': 2.7083333333333334e-06}
2026-03-29 06:08:49,163 - INFO - Epoch 1 优化后结果: {'rel_f1': 0.5338983050847458, 'hate_f1': 0.27586206896551724, 'combined_f1': 0.4048801870251315, 'hate_recall': 0.17391304347826086, 'best_rel_th': 0.47000000000000003, 'best_hate_th': 0.73, 'total_loss': 0.08990409594932289, 'lr': 2.7272727272727272e-06}
2026-03-29 06:08:49,811 - INFO - Epoch 1 优化后结果: {'rel_f1': 0.5338983050847458, 'hate_f1': 0.27586206896551724, 'combined_f1': 0.4048801870251315, 'hate_recall': 0.17391304347826086, 'best_rel_th': 0.47000000000000003, 'best_hate_th': 0.73, 'total_loss': 0.09026204735379327, 'lr': 2.746212121212121e-06}
2026-03-29 06:08:50,470 - INFO - Epoch 1 优化后结果: {'rel_f1': 0.5316455696202531, 'hate_f1': 0.27586206896551724, 'combined_f1': 0.4037538192928852, 'hate_recall': 0.17391304347826086, 'best_rel_th': 0.47000000000000003, 'best_hate_th': 0.73, 'total_loss': 0.09060882017806624, 'lr': 2.7651515151515153e-06}
2026-03-29 06:08:51,126 - INFO - Epoch 1 优化后结果: {'rel_f1': 0.5294117647058824, 'hate_f1': 0.27586206896551724, 'combined_f1': 0.4026369168356998, 'hate_recall': 0.17391304347826086, 'best_rel_th': 0.47000000000000003, 'best_hate_th': 0.73, 'total_loss': 0.09085420928331035, 'lr': 2.784090909090909e-06}
2026-03-29 06:08:51,786 - INFO - Epoch 1 优化后结果: {'rel_f1': 0.5358851674641149, 'hate_f1': 0.27586206896551724, 'combined_f1': 0.40587361821481605, 'hate_recall': 0.17391304347826086, 'best_rel_th': 0.51, 'best_hate_th': 0.74, 'total_loss': 0.09124616045279033, 'lr': 2.803030303030303e-06}
2026-03-29 06:08:52,438 - INFO - Epoch 1 优化后结果: {'rel_f1': 0.5358851674641149, 'hate_f1': 0.27586206896551724, 'combined_f1': 0.40587361821481605, 'hate_recall': 0.17391304347826086, 'best_rel_th': 0.51, 'best_hate_th': 0.74, 'total_loss': 0.09157253694579456, 'lr': 2.8219696969696973e-06}
2026-03-29 06:08:53,097 - INFO - Epoch 1 优化后结果: {'rel_f1': 0.5358851674641149, 'hate_f1': 0.27586206896551724, 'combined_f1': 0.40587361821481605, 'hate_recall': 0.17391304347826086, 'best_rel_th': 0.51, 'best_hate_th': 0.74, 'total_loss': 0.09192564479555144, 'lr': 2.8409090909090916e-06}
2026-03-29 06:08:53,751 - INFO - Epoch 1 优化后结果: {'rel_f1': 0.5358851674641149, 'hate_f1': 0.27586206896551724, 'combined_f1': 0.40587361821481605, 'hate_recall': 0.17391304347826086, 'best_rel_th': 0.51, 'best_hate_th': 0.75, 'total_loss': 0.09222756918858398, 'lr': 2.8598484848484854e-06}
2026-03-29 06:08:54,410 - INFO - Epoch 1 优化后结果: {'rel_f1': 0.5308056872037915, 'hate_f1': 0.27586206896551724, 'combined_f1': 0.4033338780846544, 'hate_recall': 0.17391304347826086, 'best_rel_th': 0.51, 'best_hate_th': 0.75, 'total_loss': 0.09282289010783036, 'lr': 2.8787878787878793e-06}
2026-03-29 06:08:55,065 - INFO - Epoch 1 优化后结果: {'rel_f1': 0.5314009661835749, 'hate_f1': 0.27586206896551724, 'combined_f1': 0.4036315175745461, 'hate_recall': 0.17391304347826086, 'best_rel_th': 0.52, 'best_hate_th': 0.75, 'total_loss': 0.09317841996071917, 'lr': 2.897727272727273e-06}
2026-03-29 06:08:55,721 - INFO - Epoch 1 优化后结果: {'rel_f1': 0.5384615384615384, 'hate_f1': 0.26666666666666666, 'combined_f1': 0.4025641025641026, 'hate_recall': 0.17391304347826086, 'best_rel_th': 0.52, 'best_hate_th': 0.74, 'total_loss': 0.09348559410621722, 'lr': 2.916666666666667e-06}
2026-03-29 06:08:56,461 - INFO - Epoch 1 优化后结果: {'rel_f1': 0.5333333333333333, 'hate_f1': 0.26666666666666666, 'combined_f1': 0.4, 'hate_recall': 0.17391304347826086, 'best_rel_th': 0.52, 'best_hate_th': 0.75, 'total_loss': 0.09378952160477638, 'lr': 2.935606060606061e-06}
2026-03-29 06:08:57,211 - INFO - Epoch 1 优化后结果: {'rel_f1': 0.5333333333333333, 'hate_f1': 0.26666666666666666, 'combined_f1': 0.4, 'hate_recall': 0.17391304347826086, 'best_rel_th': 0.52, 'best_hate_th': 0.75, 'total_loss': 0.09406555127916914, 'lr': 2.954545454545455e-06}
2026-03-29 06:08:57,864 - INFO - Epoch 1 优化后结果: {'rel_f1': 0.5308056872037915, 'hate_f1': 0.26666666666666666, 'combined_f1': 0.3987361769352291, 'hate_recall': 0.17391304347826086, 'best_rel_th': 0.52, 'best_hate_th': 0.75, 'total_loss': 0.09470458187614426, 'lr': 2.973484848484849e-06}
2026-03-29 06:08:58,517 - INFO - Epoch 1 优化后结果: {'rel_f1': 0.5358851674641149, 'hate_f1': 0.26666666666666666, 'combined_f1': 0.4012759170653908, 'hate_recall': 0.17391304347826086, 'best_rel_th': 0.53, 'best_hate_th': 0.75, 'total_loss': 0.09507814664958102, 'lr': 2.992424242424243e-06}
2026-03-29 06:08:59,175 - INFO - Epoch 1 优化后结果: {'rel_f1': 0.5380710659898477, 'hate_f1': 0.26666666666666666, 'combined_f1': 0.4023688663282572, 'hate_recall': 0.17391304347826086, 'best_rel_th': 0.55, 'best_hate_th': 0.75, 'total_loss': 0.09534954166773593, 'lr': 3.0113636363636366e-06}
2026-03-29 06:08:59,831 - INFO - Epoch 1 优化后结果: {'rel_f1': 0.542713567839196, 'hate_f1': 0.26666666666666666, 'combined_f1': 0.40469011725293136, 'hate_recall': 0.17391304347826086, 'best_rel_th': 0.55, 'best_hate_th': 0.76, 'total_loss': 0.09592070424872817, 'lr': 3.0303030303030305e-06}
2026-03-29 06:09:00,489 - INFO - Epoch 1 优化后结果: {'rel_f1': 0.5360824742268041, 'hate_f1': 0.26666666666666666, 'combined_f1': 0.4013745704467354, 'hate_recall': 0.17391304347826086, 'best_rel_th': 0.56, 'best_hate_th': 0.76, 'total_loss': 0.0961955784058029, 'lr': 3.0492424242424248e-06}
2026-03-29 06:09:01,149 - INFO - Epoch 1 优化后结果: {'rel_f1': 0.5358851674641149, 'hate_f1': 0.26229508196721313, 'combined_f1': 0.39909012471566396, 'hate_recall': 0.34782608695652173, 'best_rel_th': 0.54, 'best_hate_th': 0.6, 'total_loss': 0.09652623311249596, 'lr': 3.0681818181818186e-06}
2026-03-29 06:09:01,808 - INFO - Epoch 1 优化后结果: {'rel_f1': 0.5360824742268041, 'hate_f1': 0.25806451612903225, 'combined_f1': 0.3970734951779182, 'hate_recall': 0.17391304347826086, 'best_rel_th': 0.56, 'best_hate_th': 0.75, 'total_loss': 0.09684169837132547, 'lr': 3.0871212121212125e-06}
2026-03-29 06:09:02,469 - INFO - Epoch 1 优化后结果: {'rel_f1': 0.5435897435897435, 'hate_f1': 0.25806451612903225, 'combined_f1': 0.4008271298593879, 'hate_recall': 0.17391304347826086, 'best_rel_th': 0.56, 'best_hate_th': 0.75, 'total_loss': 0.09723074372970697, 'lr': 3.1060606060606063e-06}
2026-03-29 06:09:03,126 - INFO - Epoch 1 优化后结果: {'rel_f1': 0.5435897435897435, 'hate_f1': 0.25806451612903225, 'combined_f1': 0.4008271298593879, 'hate_recall': 0.17391304347826086, 'best_rel_th': 0.56, 'best_hate_th': 0.75, 'total_loss': 0.09753407080742446, 'lr': 3.125e-06}
2026-03-29 06:09:03,783 - INFO - Epoch 1 优化后结果: {'rel_f1': 0.5492227979274611, 'hate_f1': 0.25806451612903225, 'combined_f1': 0.40364365702824667, 'hate_recall': 0.17391304347826086, 'best_rel_th': 0.56, 'best_hate_th': 0.74, 'total_loss': 0.09804559036186247, 'lr': 3.143939393939394e-06}
2026-03-29 06:09:04,440 - INFO - Epoch 1 优化后结果: {'rel_f1': 0.5368421052631579, 'hate_f1': 0.25806451612903225, 'combined_f1': 0.3974533106960951, 'hate_recall': 0.17391304347826086, 'best_rel_th': 0.56, 'best_hate_th': 0.74, 'total_loss': 0.09836777437929854, 'lr': 3.1628787878787883e-06}
2026-03-29 06:09:05,099 - INFO - Epoch 1 优化后结果: {'rel_f1': 0.538860103626943, 'hate_f1': 0.25806451612903225, 'combined_f1': 0.39846230987798764, 'hate_recall': 0.17391304347826086, 'best_rel_th': 0.56, 'best_hate_th': 0.74, 'total_loss': 0.09900965499268337, 'lr': 3.181818181818182e-06}
2026-03-29 06:09:05,756 - INFO - Epoch 1 优化后结果: {'rel_f1': 0.5373134328358209, 'hate_f1': 0.25806451612903225, 'combined_f1': 0.39768897448242657, 'hate_recall': 0.17391304347826086, 'best_rel_th': 0.55, 'best_hate_th': 0.74, 'total_loss': 0.09924989089256886, 'lr': 3.200757575757576e-06}
2026-03-29 06:09:06,412 - INFO - Epoch 1 优化后结果: {'rel_f1': 0.542713567839196, 'hate_f1': 0.25806451612903225, 'combined_f1': 0.4003890419841141, 'hate_recall': 0.17391304347826086, 'best_rel_th': 0.55, 'best_hate_th': 0.74, 'total_loss': 0.09959894144964038, 'lr': 3.21969696969697e-06}
2026-03-29 06:09:07,071 - INFO - Epoch 1 优化后结果: {'rel_f1': 0.5392156862745098, 'hate_f1': 0.25806451612903225, 'combined_f1': 0.398640101201771, 'hate_recall': 0.17391304347826086, 'best_rel_th': 0.54, 'best_hate_th': 0.74, 'total_loss': 0.10003338392936822, 'lr': 3.2386363636363637e-06}
2026-03-29 06:09:07,724 - INFO - Epoch 1 优化后结果: {'rel_f1': 0.5380710659898477, 'hate_f1': 0.25, 'combined_f1': 0.39403553299492383, 'hate_recall': 0.5217391304347826, 'best_rel_th': 0.55, 'best_hate_th': 0.51, 'total_loss': 0.100451939711065, 'lr': 3.257575757575758e-06}
2026-03-29 06:09:08,384 - INFO - Epoch 1 优化后结果: {'rel_f1': 0.5365853658536586, 'hate_f1': 0.25, 'combined_f1': 0.3932926829268293, 'hate_recall': 0.17391304347826086, 'best_rel_th': 0.54, 'best_hate_th': 0.74, 'total_loss': 0.10089999273645156, 'lr': 3.2765151515151518e-06}
2026-03-29 06:09:09,044 - INFO - Epoch 1 优化后结果: {'rel_f1': 0.5370370370370371, 'hate_f1': 0.25, 'combined_f1': 0.39351851851851855, 'hate_recall': 0.17391304347826086, 'best_rel_th': 0.52, 'best_hate_th': 0.74, 'total_loss': 0.10121492011416139, 'lr': 3.2954545454545456e-06}
2026-03-29 06:09:09,785 - INFO - Epoch 1 优化后结果: {'rel_f1': 0.5370370370370371, 'hate_f1': 0.24242424242424243, 'combined_f1': 0.38973063973063976, 'hate_recall': 0.17391304347826086, 'best_rel_th': 0.52, 'best_hate_th': 0.74, 'total_loss': 0.101633788340471, 'lr': 3.3143939393939395e-06}
2026-03-29 06:09:10,495 - INFO - Epoch 1 优化后结果: {'rel_f1': 0.5339366515837104, 'hate_f1': 0.25, 'combined_f1': 0.3919683257918552, 'hate_recall': 0.17391304347826086, 'best_rel_th': 0.51, 'best_hate_th': 0.75, 'total_loss': 0.101897511461919, 'lr': 3.3333333333333333e-06}
2026-03-29 06:09:11,157 - INFO - Epoch 1 优化后结果: {'rel_f1': 0.5339366515837104, 'hate_f1': 0.25, 'combined_f1': 0.3919683257918552, 'hate_recall': 0.17391304347826086, 'best_rel_th': 0.51, 'best_hate_th': 0.75, 'total_loss': 0.10227819650687954, 'lr': 3.352272727272727e-06}
2026-03-29 06:09:11,815 - INFO - Epoch 1 优化后结果: {'rel_f1': 0.5339366515837104, 'hate_f1': 0.25, 'combined_f1': 0.3919683257918552, 'hate_recall': 0.17391304347826086, 'best_rel_th': 0.51, 'best_hate_th': 0.75, 'total_loss': 0.10263185722358299, 'lr': 3.3712121212121214e-06}
2026-03-29 06:09:12,471 - INFO - Epoch 1 优化后结果: {'rel_f1': 0.5365853658536586, 'hate_f1': 0.25, 'combined_f1': 0.3932926829268293, 'hate_recall': 0.17391304347826086, 'best_rel_th': 0.54, 'best_hate_th': 0.75, 'total_loss': 0.1030127125594652, 'lr': 3.3901515151515153e-06}
2026-03-29 06:09:13,134 - INFO - Epoch 1 优化后结果: {'rel_f1': 0.5365853658536586, 'hate_f1': 0.25, 'combined_f1': 0.3932926829268293, 'hate_recall': 0.4782608695652174, 'best_rel_th': 0.54, 'best_hate_th': 0.55, 'total_loss': 0.10348538591554671, 'lr': 3.409090909090909e-06}
2026-03-29 06:09:13,797 - INFO - Epoch 1 优化后结果: {'rel_f1': 0.5365853658536586, 'hate_f1': 0.25, 'combined_f1': 0.3932926829268293, 'hate_recall': 0.391304347826087, 'best_rel_th': 0.54, 'best_hate_th': 0.6, 'total_loss': 0.10370442924569502, 'lr': 3.428030303030303e-06}
2026-03-29 06:09:14,466 - INFO - Epoch 1 优化后结果: {'rel_f1': 0.5388127853881278, 'hate_f1': 0.25, 'combined_f1': 0.3944063926940639, 'hate_recall': 0.391304347826087, 'best_rel_th': 0.51, 'best_hate_th': 0.6, 'total_loss': 0.10396355535891472, 'lr': 3.4469696969696977e-06}
2026-03-29 06:09:15,114 - INFO - Epoch 1 优化后结果: {'rel_f1': 0.5412844036697247, 'hate_f1': 0.24242424242424243, 'combined_f1': 0.3918543230469836, 'hate_recall': 0.17391304347826086, 'best_rel_th': 0.51, 'best_hate_th': 0.75, 'total_loss': 0.10437933670243982, 'lr': 3.4659090909090915e-06}
2026-03-29 06:09:15,761 - INFO - Epoch 1 优化后结果: {'rel_f1': 0.5384615384615384, 'hate_f1': 0.25, 'combined_f1': 0.3942307692307692, 'hate_recall': 0.17391304347826086, 'best_rel_th': 0.53, 'best_hate_th': 0.75, 'total_loss': 0.1045582404388397, 'lr': 3.4848484848484854e-06}
2026-03-29 06:09:16,414 - INFO - Epoch 1 优化后结果: {'rel_f1': 0.5388127853881278, 'hate_f1': 0.25, 'combined_f1': 0.3944063926940639, 'hate_recall': 0.17391304347826086, 'best_rel_th': 0.5, 'best_hate_th': 0.75, 'total_loss': 0.10503690084442496, 'lr': 3.5037878787878792e-06}
2026-03-29 06:09:17,060 - INFO - Epoch 1 优化后结果: {'rel_f1': 0.5388127853881278, 'hate_f1': 0.25, 'combined_f1': 0.3944063926940639, 'hate_recall': 0.17391304347826086, 'best_rel_th': 0.5, 'best_hate_th': 0.75, 'total_loss': 0.10534282365926739, 'lr': 3.522727272727273e-06}
2026-03-29 06:09:17,716 - INFO - Epoch 1 优化后结果: {'rel_f1': 0.5412844036697247, 'hate_f1': 0.25, 'combined_f1': 0.3956422018348624, 'hate_recall': 0.17391304347826086, 'best_rel_th': 0.5, 'best_hate_th': 0.74, 'total_loss': 0.10566701936168653, 'lr': 3.5416666666666673e-06}
2026-03-29 06:09:18,371 - INFO - Epoch 1 优化后结果: {'rel_f1': 0.5363636363636364, 'hate_f1': 0.25806451612903225, 'combined_f1': 0.3972140762463343, 'hate_recall': 0.17391304347826086, 'best_rel_th': 0.49, 'best_hate_th': 0.75, 'total_loss': 0.10600523928631887, 'lr': 3.560606060606061e-06}
2026-03-29 06:09:19,032 - INFO - Epoch 1 优化后结果: {'rel_f1': 0.543778801843318, 'hate_f1': 0.25, 'combined_f1': 0.396889400921659, 'hate_recall': 0.17391304347826086, 'best_rel_th': 0.49, 'best_hate_th': 0.73, 'total_loss': 0.10628545740054864, 'lr': 3.579545454545455e-06}
2026-03-29 06:09:19,681 - INFO - Epoch 1 优化后结果: {'rel_f1': 0.5462962962962963, 'hate_f1': 0.25, 'combined_f1': 0.39814814814814814, 'hate_recall': 0.17391304347826086, 'best_rel_th': 0.49, 'best_hate_th': 0.73, 'total_loss': 0.10699947532548597, 'lr': 3.598484848484849e-06}
2026-03-29 06:09:20,330 - INFO - Epoch 1 优化后结果: {'rel_f1': 0.5446009389671361, 'hate_f1': 0.25806451612903225, 'combined_f1': 0.4013327275480842, 'hate_recall': 0.17391304347826086, 'best_rel_th': 0.49, 'best_hate_th': 0.74, 'total_loss': 0.10718963265588338, 'lr': 3.6174242424242427e-06}
2026-03-29 06:09:20,981 - INFO - Epoch 1 优化后结果: {'rel_f1': 0.5388127853881278, 'hate_f1': 0.25806451612903225, 'combined_f1': 0.39843865075858004, 'hate_recall': 0.17391304347826086, 'best_rel_th': 0.48000000000000004, 'best_hate_th': 0.74, 'total_loss': 0.107358677242177, 'lr': 3.6363636363636366e-06}
2026-03-29 06:09:21,641 - INFO - Epoch 1 优化后结果: {'rel_f1': 0.5412844036697247, 'hate_f1': 0.25806451612903225, 'combined_f1': 0.3996744598993785, 'hate_recall': 0.17391304347826086, 'best_rel_th': 0.48000000000000004, 'best_hate_th': 0.74, 'total_loss': 0.10763367374117176, 'lr': 3.655303030303031e-06}
2026-03-29 06:09:22,303 - INFO - Epoch 1 优化后结果: {'rel_f1': 0.5316455696202531, 'hate_f1': 0.25806451612903225, 'combined_f1': 0.3948550428746427, 'hate_recall': 0.17391304347826086, 'best_rel_th': 0.5800000000000001, 'best_hate_th': 0.74, 'total_loss': 0.10780805967409503, 'lr': 3.6742424242424247e-06}
2026-03-29 06:09:22,959 - INFO - Epoch 1 优化后结果: {'rel_f1': 0.5316455696202531, 'hate_f1': 0.25806451612903225, 'combined_f1': 0.3948550428746427, 'hate_recall': 0.17391304347826086, 'best_rel_th': 0.5800000000000001, 'best_hate_th': 0.73, 'total_loss': 0.10811142166229812, 'lr': 3.6931818181818186e-06}
2026-03-29 06:09:23,618 - INFO - Epoch 1 优化后结果: {'rel_f1': 0.5352112676056338, 'hate_f1': 0.25806451612903225, 'combined_f1': 0.396637891867333, 'hate_recall': 0.17391304347826086, 'best_rel_th': 0.48000000000000004, 'best_hate_th': 0.73, 'total_loss': 0.10844957664834731, 'lr': 3.7121212121212124e-06}
2026-03-29 06:09:24,274 - INFO - Epoch 1 优化后结果: {'rel_f1': 0.5375, 'hate_f1': 0.25806451612903225, 'combined_f1': 0.3977822580645161, 'hate_recall': 0.17391304347826086, 'best_rel_th': 0.5700000000000001, 'best_hate_th': 0.73, 'total_loss': 0.10876435492977951, 'lr': 3.7310606060606062e-06}
2026-03-29 06:09:24,931 - INFO - Epoch 1 优化后结果: {'rel_f1': 0.5316455696202531, 'hate_f1': 0.25806451612903225, 'combined_f1': 0.3948550428746427, 'hate_recall': 0.17391304347826086, 'best_rel_th': 0.5800000000000001, 'best_hate_th': 0.72, 'total_loss': 0.10894748176250493, 'lr': 3.7500000000000005e-06}
2026-03-29 06:09:25,591 - INFO - Epoch 1 优化后结果: {'rel_f1': 0.5316455696202531, 'hate_f1': 0.25806451612903225, 'combined_f1': 0.3948550428746427, 'hate_recall': 0.17391304347826086, 'best_rel_th': 0.5800000000000001, 'best_hate_th': 0.72, 'total_loss': 0.10925534201052153, 'lr': 3.7689393939393944e-06}
2026-03-29 06:09:26,249 - INFO - Epoch 1 优化后结果: {'rel_f1': 0.5375, 'hate_f1': 0.25806451612903225, 'combined_f1': 0.3977822580645161, 'hate_recall': 0.17391304347826086, 'best_rel_th': 0.5700000000000001, 'best_hate_th': 0.7100000000000001, 'total_loss': 0.10955364045433023, 'lr': 3.7878787878787882e-06}
2026-03-29 06:09:26,907 - INFO - Epoch 1 优化后结果: {'rel_f1': 0.5375, 'hate_f1': 0.26666666666666666, 'combined_f1': 0.40208333333333335, 'hate_recall': 0.17391304347826086, 'best_rel_th': 0.5700000000000001, 'best_hate_th': 0.72, 'total_loss': 0.10979489866418368, 'lr': 3.806818181818182e-06}
2026-03-29 06:09:27,566 - INFO - Epoch 1 优化后结果: {'rel_f1': 0.5375, 'hate_f1': 0.25806451612903225, 'combined_f1': 0.3977822580645161, 'hate_recall': 0.17391304347826086, 'best_rel_th': 0.5700000000000001, 'best_hate_th': 0.6900000000000001, 'total_loss': 0.11009500107981941, 'lr': 3.825757575757576e-06}
2026-03-29 06:09:28,225 - INFO - Epoch 1 优化后结果: {'rel_f1': 0.5375, 'hate_f1': 0.26666666666666666, 'combined_f1': 0.40208333333333335, 'hate_recall': 0.17391304347826086, 'best_rel_th': 0.5700000000000001, 'best_hate_th': 0.7000000000000001, 'total_loss': 0.11052655360915443, 'lr': 3.84469696969697e-06}
2026-03-29 06:09:28,880 - INFO - Epoch 1 优化后结果: {'rel_f1': 0.5375, 'hate_f1': 0.26666666666666666, 'combined_f1': 0.40208333333333335, 'hate_recall': 0.17391304347826086, 'best_rel_th': 0.5700000000000001, 'best_hate_th': 0.6900000000000001, 'total_loss': 0.11120956774913904, 'lr': 3.863636363636364e-06}
2026-03-29 06:09:29,539 - INFO - Epoch 1 优化后结果: {'rel_f1': 0.5419354838709678, 'hate_f1': 0.27586206896551724, 'combined_f1': 0.4088987764182425, 'hate_recall': 0.17391304347826086, 'best_rel_th': 0.59, 'best_hate_th': 0.7000000000000001, 'total_loss': 0.11160457360021996, 'lr': 3.882575757575758e-06}
2026-03-29 06:09:30,197 - INFO - Epoch 1 优化后结果: {'rel_f1': 0.5408805031446541, 'hate_f1': 0.27586206896551724, 'combined_f1': 0.40837128605508566, 'hate_recall': 0.17391304347826086, 'best_rel_th': 0.5800000000000001, 'best_hate_th': 0.7000000000000001, 'total_loss': 0.11223211274905638, 'lr': 3.901515151515151e-06}
2026-03-29 06:09:30,854 - INFO - Epoch 1 优化后结果: {'rel_f1': 0.5443037974683544, 'hate_f1': 0.27586206896551724, 'combined_f1': 0.41008293321693584, 'hate_recall': 0.17391304347826086, 'best_rel_th': 0.59, 'best_hate_th': 0.7000000000000001, 'total_loss': 0.11249454257388909, 'lr': 3.9204545454545456e-06}
2026-03-29 06:09:31,515 - INFO - Epoch 1 优化后结果: {'rel_f1': 0.5408805031446541, 'hate_f1': 0.27586206896551724, 'combined_f1': 0.40837128605508566, 'hate_recall': 0.17391304347826086, 'best_rel_th': 0.59, 'best_hate_th': 0.7000000000000001, 'total_loss': 0.11306069672785023, 'lr': 3.93939393939394e-06}
2026-03-29 06:09:32,174 - INFO - Epoch 1 优化后结果: {'rel_f1': 0.5443037974683544, 'hate_f1': 0.27586206896551724, 'combined_f1': 0.41008293321693584, 'hate_recall': 0.17391304347826086, 'best_rel_th': 0.59, 'best_hate_th': 0.7000000000000001, 'total_loss': 0.11336359847337008, 'lr': 3.958333333333333e-06}
2026-03-29 06:09:32,833 - INFO - Epoch 1 优化后结果: {'rel_f1': 0.5443037974683544, 'hate_f1': 0.27586206896551724, 'combined_f1': 0.41008293321693584, 'hate_recall': 0.17391304347826086, 'best_rel_th': 0.59, 'best_hate_th': 0.7100000000000001, 'total_loss': 0.11382934702278087, 'lr': 3.9772727272727275e-06}
2026-03-29 06:09:33,492 - INFO - Epoch 1 优化后结果: {'rel_f1': 0.5443037974683544, 'hate_f1': 0.27586206896551724, 'combined_f1': 0.41008293321693584, 'hate_recall': 0.17391304347826086, 'best_rel_th': 0.59, 'best_hate_th': 0.7100000000000001, 'total_loss': 0.11407190569761125, 'lr': 3.996212121212121e-06}
2026-03-29 06:09:34,152 - INFO - Epoch 1 优化后结果: {'rel_f1': 0.5443037974683544, 'hate_f1': 0.27586206896551724, 'combined_f1': 0.41008293321693584, 'hate_recall': 0.17391304347826086, 'best_rel_th': 0.59, 'best_hate_th': 0.7100000000000001, 'total_loss': 0.11448163635125666, 'lr': 4.015151515151515e-06}
2026-03-29 06:09:34,811 - INFO - Epoch 1 优化后结果: {'rel_f1': 0.5477707006369427, 'hate_f1': 0.26666666666666666, 'combined_f1': 0.4072186836518047, 'hate_recall': 0.17391304347826086, 'best_rel_th': 0.59, 'best_hate_th': 0.7100000000000001, 'total_loss': 0.11480415747924284, 'lr': 4.0340909090909095e-06}
2026-03-29 06:09:35,467 - INFO - Epoch 1 优化后结果: {'rel_f1': 0.5477707006369427, 'hate_f1': 0.27586206896551724, 'combined_f1': 0.41181638480122995, 'hate_recall': 0.17391304347826086, 'best_rel_th': 0.59, 'best_hate_th': 0.72, 'total_loss': 0.11503116948755854, 'lr': 4.053030303030303e-06}
2026-03-29 06:09:36,126 - INFO - Epoch 1 优化后结果: {'rel_f1': 0.5408805031446541, 'hate_f1': 0.26666666666666666, 'combined_f1': 0.4037735849056604, 'hate_recall': 0.17391304347826086, 'best_rel_th': 0.59, 'best_hate_th': 0.72, 'total_loss': 0.11532842846248638, 'lr': 4.071969696969697e-06}
2026-03-29 06:09:36,781 - INFO - Epoch 1 优化后结果: {'rel_f1': 0.5396825396825397, 'hate_f1': 0.26666666666666666, 'combined_f1': 0.4031746031746032, 'hate_recall': 0.17391304347826086, 'best_rel_th': 0.55, 'best_hate_th': 0.72, 'total_loss': 0.11555772030613187, 'lr': 4.0909090909090915e-06}
2026-03-29 06:09:37,440 - INFO - Epoch 1 优化后结果: {'rel_f1': 0.5473684210526316, 'hate_f1': 0.25806451612903225, 'combined_f1': 0.40271646859083193, 'hate_recall': 0.17391304347826086, 'best_rel_th': 0.55, 'best_hate_th': 0.72, 'total_loss': 0.11574796235866168, 'lr': 4.109848484848486e-06}
2026-03-29 06:09:38,097 - INFO - Epoch 1 优化后结果: {'rel_f1': 0.5477707006369427, 'hate_f1': 0.26666666666666666, 'combined_f1': 0.4072186836518047, 'hate_recall': 0.17391304347826086, 'best_rel_th': 0.6, 'best_hate_th': 0.73, 'total_loss': 0.11611919126219371, 'lr': 4.128787878787879e-06}
2026-03-29 06:09:38,758 - INFO - Epoch 1 优化后结果: {'rel_f1': 0.5473684210526316, 'hate_f1': 0.26666666666666666, 'combined_f1': 0.40701754385964917, 'hate_recall': 0.17391304347826086, 'best_rel_th': 0.55, 'best_hate_th': 0.73, 'total_loss': 0.11648031760176475, 'lr': 4.1477272727272734e-06}
2026-03-29 06:09:39,415 - INFO - Epoch 1 优化后结果: {'rel_f1': 0.5454545454545454, 'hate_f1': 0.26666666666666666, 'combined_f1': 0.406060606060606, 'hate_recall': 0.17391304347826086, 'best_rel_th': 0.61, 'best_hate_th': 0.73, 'total_loss': 0.11670339007325696, 'lr': 4.166666666666667e-06}
2026-03-29 06:09:40,062 - INFO - Epoch 1 优化后结果: {'rel_f1': 0.5454545454545454, 'hate_f1': 0.24528301886792453, 'combined_f1': 0.39536878216123494, 'hate_recall': 0.5652173913043478, 'best_rel_th': 0.61, 'best_hate_th': 0.5, 'total_loss': 0.1169648117272917, 'lr': 4.185606060606061e-06}
2026-03-29 06:09:40,716 - INFO - Epoch 1 优化后结果: {'rel_f1': 0.5502645502645502, 'hate_f1': 0.26666666666666666, 'combined_f1': 0.4084656084656084, 'hate_recall': 0.17391304347826086, 'best_rel_th': 0.55, 'best_hate_th': 0.74, 'total_loss': 0.11734799898201317, 'lr': 4.204545454545455e-06}
2026-03-29 06:09:41,368 - INFO - Epoch 1 优化后结果: {'rel_f1': 0.5473684210526316, 'hate_f1': 0.2524271844660194, 'combined_f1': 0.3998978027593255, 'hate_recall': 0.5652173913043478, 'best_rel_th': 0.55, 'best_hate_th': 0.52, 'total_loss': 0.11751603161577474, 'lr': 4.223484848484849e-06}
2026-03-29 06:09:42,023 - INFO - Epoch 1 优化后结果: {'rel_f1': 0.5502645502645502, 'hate_f1': 0.2524271844660194, 'combined_f1': 0.4013458673652848, 'hate_recall': 0.5652173913043478, 'best_rel_th': 0.55, 'best_hate_th': 0.52, 'total_loss': 0.11790740604258397, 'lr': 4.242424242424243e-06}
2026-03-29 06:09:42,677 - INFO - Epoch 1 优化后结果: {'rel_f1': 0.5454545454545454, 'hate_f1': 0.25806451612903225, 'combined_f1': 0.40175953079178883, 'hate_recall': 0.6956521739130435, 'best_rel_th': 0.55, 'best_hate_th': 0.47000000000000003, 'total_loss': 0.11819457156922329, 'lr': 4.2613636363636365e-06}
2026-03-29 06:09:43,331 - INFO - Epoch 1 优化后结果: {'rel_f1': 0.5454545454545454, 'hate_f1': 0.25806451612903225, 'combined_f1': 0.40175953079178883, 'hate_recall': 0.17391304347826086, 'best_rel_th': 0.56, 'best_hate_th': 0.74, 'total_loss': 0.11855521449593431, 'lr': 4.280303030303031e-06}
2026-03-29 06:09:43,986 - INFO - Epoch 1 优化后结果: {'rel_f1': 0.5485714285714286, 'hate_f1': 0.25806451612903225, 'combined_f1': 0.4033179723502304, 'hate_recall': 0.6956521739130435, 'best_rel_th': 0.56, 'best_hate_th': 0.46, 'total_loss': 0.1186645751974235, 'lr': 4.299242424242425e-06}
2026-03-29 06:09:44,639 - INFO - Epoch 1 优化后结果: {'rel_f1': 0.5454545454545454, 'hate_f1': 0.25806451612903225, 'combined_f1': 0.40175953079178883, 'hate_recall': 0.17391304347826086, 'best_rel_th': 0.54, 'best_hate_th': 0.74, 'total_loss': 0.11892429667976544, 'lr': 4.3181818181818185e-06}
2026-03-29 06:09:45,294 - INFO - Epoch 1 优化后结果: {'rel_f1': 0.5494505494505495, 'hate_f1': 0.25806451612903225, 'combined_f1': 0.4037575327897909, 'hate_recall': 0.6956521739130435, 'best_rel_th': 0.54, 'best_hate_th': 0.45, 'total_loss': 0.11917000723240728, 'lr': 4.337121212121213e-06}
2026-03-29 06:09:45,949 - INFO - Epoch 1 优化后结果: {'rel_f1': 0.5529411764705883, 'hate_f1': 0.25806451612903225, 'combined_f1': 0.40550284629981026, 'hate_recall': 0.17391304347826086, 'best_rel_th': 0.55, 'best_hate_th': 0.73, 'total_loss': 0.11935129137286409, 'lr': 4.356060606060606e-06}
2026-03-29 06:09:46,608 - INFO - Epoch 1 优化后结果: {'rel_f1': 0.5524861878453039, 'hate_f1': 0.26666666666666666, 'combined_f1': 0.4095764272559853, 'hate_recall': 0.17391304347826086, 'best_rel_th': 0.53, 'best_hate_th': 0.73, 'total_loss': 0.11971338247795674, 'lr': 4.3750000000000005e-06}
2026-03-29 06:09:47,263 - INFO - Epoch 1 优化后结果: {'rel_f1': 0.5581395348837209, 'hate_f1': 0.26666666666666666, 'combined_f1': 0.4124031007751938, 'hate_recall': 0.17391304347826086, 'best_rel_th': 0.54, 'best_hate_th': 0.72, 'total_loss': 0.12020698016876298, 'lr': 4.393939393939394e-06}
2026-03-29 06:09:47,916 - INFO - Epoch 1 优化后结果: {'rel_f1': 0.5604395604395604, 'hate_f1': 0.26666666666666666, 'combined_f1': 0.4135531135531135, 'hate_recall': 0.17391304347826086, 'best_rel_th': 0.52, 'best_hate_th': 0.72, 'total_loss': 0.12031126355357243, 'lr': 4.412878787878788e-06}
2026-03-29 06:09:48,572 - INFO - Epoch 1 优化后结果: {'rel_f1': 0.5581395348837209, 'hate_f1': 0.27586206896551724, 'combined_f1': 0.4170008019246191, 'hate_recall': 0.17391304347826086, 'best_rel_th': 0.53, 'best_hate_th': 0.72, 'total_loss': 0.12054315277121284, 'lr': 4.4318181818181824e-06}
2026-03-29 06:09:49,229 - INFO - Epoch 1 优化后结果: {'rel_f1': 0.5604395604395604, 'hate_f1': 0.27586206896551724, 'combined_f1': 0.41815081470253884, 'hate_recall': 0.17391304347826086, 'best_rel_th': 0.51, 'best_hate_th': 0.72, 'total_loss': 0.12084147853381706, 'lr': 4.450757575757576e-06}
2026-03-29 06:09:49,883 - INFO - Epoch 1 优化后结果: {'rel_f1': 0.5604395604395604, 'hate_f1': 0.27586206896551724, 'combined_f1': 0.41815081470253884, 'hate_recall': 0.17391304347826086, 'best_rel_th': 0.51, 'best_hate_th': 0.72, 'total_loss': 0.12124539592839552, 'lr': 4.46969696969697e-06}
2026-03-29 06:09:50,536 - INFO - Epoch 1 优化后结果: {'rel_f1': 0.5586592178770949, 'hate_f1': 0.27586206896551724, 'combined_f1': 0.4172606434213061, 'hate_recall': 0.17391304347826086, 'best_rel_th': 0.52, 'best_hate_th': 0.72, 'total_loss': 0.12153392372596444, 'lr': 4.4886363636363636e-06}
2026-03-29 06:09:51,192 - INFO - Epoch 1 优化后结果: {'rel_f1': 0.5614035087719298, 'hate_f1': 0.265625, 'combined_f1': 0.4135142543859649, 'hate_recall': 0.7391304347826086, 'best_rel_th': 0.55, 'best_hate_th': 0.42000000000000004, 'total_loss': 0.12221659897741946, 'lr': 4.507575757575758e-06}
2026-03-29 06:09:51,846 - INFO - Epoch 1 优化后结果: {'rel_f1': 0.5714285714285714, 'hate_f1': 0.26666666666666666, 'combined_f1': 0.419047619047619, 'hate_recall': 0.17391304347826086, 'best_rel_th': 0.55, 'best_hate_th': 0.73, 'total_loss': 0.12232571898141142, 'lr': 4.526515151515152e-06}
2026-03-29 06:09:52,547 - INFO - Epoch 1 优化后结果: {'rel_f1': 0.5586592178770949, 'hate_f1': 0.2727272727272727, 'combined_f1': 0.4156932453021838, 'hate_recall': 0.5217391304347826, 'best_rel_th': 0.56, 'best_hate_th': 0.52, 'total_loss': 0.12256945064291358, 'lr': 4.5454545454545455e-06}
2026-03-29 06:09:53,204 - INFO - Epoch 1 优化后结果: {'rel_f1': 0.5591397849462365, 'hate_f1': 0.26666666666666666, 'combined_f1': 0.41290322580645156, 'hate_recall': 0.6956521739130435, 'best_rel_th': 0.56, 'best_hate_th': 0.48000000000000004, 'total_loss': 0.12285626664136846, 'lr': 4.56439393939394e-06}
2026-03-29 06:09:53,865 - INFO - Epoch 1 优化后结果: {'rel_f1': 0.5638297872340425, 'hate_f1': 0.2727272727272727, 'combined_f1': 0.4182785299806576, 'hate_recall': 0.5217391304347826, 'best_rel_th': 0.5700000000000001, 'best_hate_th': 0.54, 'total_loss': 0.12323266178877516, 'lr': 4.583333333333333e-06}
2026-03-29 06:09:54,521 - INFO - Epoch 1 优化后结果: {'rel_f1': 0.5654450261780105, 'hate_f1': 0.2803738317757009, 'combined_f1': 0.4229094289768557, 'hate_recall': 0.6521739130434783, 'best_rel_th': 0.5700000000000001, 'best_hate_th': 0.51, 'total_loss': 0.12357572642521876, 'lr': 4.6022727272727275e-06}
2026-03-29 06:09:55,180 - INFO - Epoch 1 优化后结果: {'rel_f1': 0.5595854922279793, 'hate_f1': 0.28846153846153844, 'combined_f1': 0.42402351534475885, 'hate_recall': 0.6521739130434783, 'best_rel_th': 0.5800000000000001, 'best_hate_th': 0.52, 'total_loss': 0.12410501871878903, 'lr': 4.621212121212122e-06}
2026-03-29 06:09:55,853 - INFO - Epoch 1 优化后结果: {'rel_f1': 0.5604395604395604, 'hate_f1': 0.2803738317757009, 'combined_f1': 0.4204066961076307, 'hate_recall': 0.6521739130434783, 'best_rel_th': 0.61, 'best_hate_th': 0.52, 'total_loss': 0.1245116322639991, 'lr': 4.640151515151515e-06}
2026-03-29 06:09:56,506 - INFO - Epoch 1 优化后结果: {'rel_f1': 0.5608465608465608, 'hate_f1': 0.27906976744186046, 'combined_f1': 0.4199581641442106, 'hate_recall': 0.5217391304347826, 'best_rel_th': 0.6, 'best_hate_th': 0.56, 'total_loss': 0.12494759666592334, 'lr': 4.6590909090909095e-06}
2026-03-29 06:09:57,159 - INFO - Epoch 1 优化后结果: {'rel_f1': 0.5684210526315789, 'hate_f1': 0.2857142857142857, 'combined_f1': 0.4270676691729323, 'hate_recall': 0.6521739130434783, 'best_rel_th': 0.6, 'best_hate_th': 0.52, 'total_loss': 0.1252676364965737, 'lr': 4.678030303030303e-06}
2026-03-29 06:09:57,814 - INFO - Epoch 1 优化后结果: {'rel_f1': 0.5654450261780105, 'hate_f1': 0.27956989247311825, 'combined_f1': 0.4225074593255644, 'hate_recall': 0.5652173913043478, 'best_rel_th': 0.6, 'best_hate_th': 0.54, 'total_loss': 0.12537696953354913, 'lr': 4.696969696969698e-06}
2026-03-29 06:09:58,481 - INFO - Epoch 1 优化后结果: {'rel_f1': 0.5625, 'hate_f1': 0.2765957446808511, 'combined_f1': 0.41954787234042556, 'hate_recall': 0.5652173913043478, 'best_rel_th': 0.59, 'best_hate_th': 0.53, 'total_loss': 0.12567076700824228, 'lr': 4.715909090909091e-06}
2026-03-29 06:09:59,127 - INFO - Epoch 1 优化后结果: {'rel_f1': 0.5625, 'hate_f1': 0.2777777777777778, 'combined_f1': 0.4201388888888889, 'hate_recall': 0.21739130434782608, 'best_rel_th': 0.5800000000000001, 'best_hate_th': 0.72, 'total_loss': 0.12601276485700952, 'lr': 4.734848484848486e-06}
2026-03-29 06:09:59,779 - INFO - Epoch 1 优化后结果: {'rel_f1': 0.5595854922279793, 'hate_f1': 0.30303030303030304, 'combined_f1': 0.4313078976291411, 'hate_recall': 0.21739130434782608, 'best_rel_th': 0.5700000000000001, 'best_hate_th': 0.72, 'total_loss': 0.12619598530176462, 'lr': 4.753787878787879e-06}
2026-03-29 06:10:00,433 - INFO - Epoch 1 优化后结果: {'rel_f1': 0.5591397849462365, 'hate_f1': 0.3125, 'combined_f1': 0.43581989247311825, 'hate_recall': 0.21739130434782608, 'best_rel_th': 0.5800000000000001, 'best_hate_th': 0.72, 'total_loss': 0.1264538102726819, 'lr': 4.772727272727273e-06}
2026-03-29 06:10:01,085 - INFO - Epoch 1 优化后结果: {'rel_f1': 0.5608465608465608, 'hate_f1': 0.3125, 'combined_f1': 0.4366732804232804, 'hate_recall': 0.21739130434782608, 'best_rel_th': 0.5700000000000001, 'best_hate_th': 0.72, 'total_loss': 0.1266741627460402, 'lr': 4.791666666666668e-06}
2026-03-29 06:10:01,734 - INFO - Epoch 1 优化后结果: {'rel_f1': 0.5555555555555556, 'hate_f1': 0.3125, 'combined_f1': 0.4340277777777778, 'hate_recall': 0.21739130434782608, 'best_rel_th': 0.5700000000000001, 'best_hate_th': 0.7100000000000001, 'total_loss': 0.12699659785368678, 'lr': 4.810606060606061e-06}
2026-03-29 06:10:02,377 - INFO - Epoch 1 优化后结果: {'rel_f1': 0.5542168674698795, 'hate_f1': 0.3125, 'combined_f1': 0.43335843373493976, 'hate_recall': 0.21739130434782608, 'best_rel_th': 0.6, 'best_hate_th': 0.7100000000000001, 'total_loss': 0.12720665969236783, 'lr': 4.829545454545455e-06}
2026-03-29 06:10:03,027 - INFO - Epoch 1 优化后结果: {'rel_f1': 0.5549738219895288, 'hate_f1': 0.3125, 'combined_f1': 0.4337369109947644, 'hate_recall': 0.21739130434782608, 'best_rel_th': 0.54, 'best_hate_th': 0.7000000000000001, 'total_loss': 0.12766381106198285, 'lr': 4.848484848484849e-06}
2026-03-29 06:10:03,676 - INFO - Epoch 1 优化后结果: {'rel_f1': 0.5531914893617021, 'hate_f1': 0.3125, 'combined_f1': 0.4328457446808511, 'hate_recall': 0.21739130434782608, 'best_rel_th': 0.54, 'best_hate_th': 0.7000000000000001, 'total_loss': 0.1278058745982972, 'lr': 4.867424242424243e-06}
2026-03-29 06:10:04,326 - INFO - Epoch 1 优化后结果: {'rel_f1': 0.5561497326203209, 'hate_f1': 0.3125, 'combined_f1': 0.43432486631016043, 'hate_recall': 0.21739130434782608, 'best_rel_th': 0.54, 'best_hate_th': 0.7000000000000001, 'total_loss': 0.12866739375573216, 'lr': 4.8863636363636365e-06}
2026-03-29 06:10:04,978 - INFO - Epoch 1 优化后结果: {'rel_f1': 0.5497630331753555, 'hate_f1': 0.3125, 'combined_f1': 0.43113151658767773, 'hate_recall': 0.21739130434782608, 'best_rel_th': 0.48000000000000004, 'best_hate_th': 0.7000000000000001, 'total_loss': 0.12877219476539528, 'lr': 4.905303030303031e-06}
2026-03-29 06:10:05,631 - INFO - Epoch 1 优化后结果: {'rel_f1': 0.5502645502645502, 'hate_f1': 0.3125, 'combined_f1': 0.4313822751322751, 'hate_recall': 0.21739130434782608, 'best_rel_th': 0.53, 'best_hate_th': 0.7000000000000001, 'total_loss': 0.1289510534455379, 'lr': 4.924242424242425e-06}
2026-03-29 06:10:06,276 - INFO - Epoch 1 优化后结果: {'rel_f1': 0.5471698113207547, 'hate_f1': 0.3125, 'combined_f1': 0.42983490566037735, 'hate_recall': 0.21739130434782608, 'best_rel_th': 0.47000000000000003, 'best_hate_th': 0.7000000000000001, 'total_loss': 0.12917981841460321, 'lr': 4.9431818181818184e-06}
2026-03-29 06:10:06,928 - INFO - Epoch 1 优化后结果: {'rel_f1': 0.5482233502538071, 'hate_f1': 0.3125, 'combined_f1': 0.43036167512690354, 'hate_recall': 0.21739130434782608, 'best_rel_th': 0.51, 'best_hate_th': 0.7100000000000001, 'total_loss': 0.12950054141269488, 'lr': 4.962121212121213e-06}
2026-03-29 06:10:07,588 - INFO - Epoch 1 优化后结果: {'rel_f1': 0.5482233502538071, 'hate_f1': 0.3125, 'combined_f1': 0.43036167512690354, 'hate_recall': 0.21739130434782608, 'best_rel_th': 0.51, 'best_hate_th': 0.72, 'total_loss': 0.12966676227127513, 'lr': 4.981060606060606e-06}
2026-03-29 06:10:08,242 - INFO - Epoch 1 优化后结果: {'rel_f1': 0.5538461538461539, 'hate_f1': 0.3125, 'combined_f1': 0.43317307692307694, 'hate_recall': 0.21739130434782608, 'best_rel_th': 0.52, 'best_hate_th': 0.72, 'total_loss': 0.12985096966396226, 'lr': 5e-06}
2026-03-29 06:10:09,010 - INFO - >>> 指标提升，模型已保存。
2026-03-29 06:10:09,010 - ERROR - !!! 训练过程中发生崩溃 !!!
2026-03-29 06:10:09,010 - ERROR - 'hate_pred'
Traceback (most recent call last):
  File "/root/autodl-tmp/Master_Thesis/model_train/classifier/train.py", line 234, in <module>
    train()
  File "/root/autodl-tmp/Master_Thesis/model_train/classifier/train.py", line 207, in train
    for t, true_val, pred_val in zip(val_results["texts"], val_results["hate_true"], val_results["hate_pred"]):
                                                                                     ~~~~~~~~~~~^^^^^^^^^^^^^
KeyError: 'hate_pred'
