2026-03-02 03:08:27,538 - INFO - 开始训练流程...
2026-03-02 03:08:27,538 - INFO - 日志将保存至: /root/autodl-tmp/Master_Thesis/model_train/classifier/logs/20260302_030827_train.log
2026-03-02 03:08:27,556 - INFO - 训练集大小: 2358, 验证集大小: 263
2026-03-02 03:08:27,769 - INFO - 自动设置仇恨分类权重 (pos_weight): 15.84
2026-03-02 03:08:34,678 - INFO - 本次微调的基座模型是hfl/chinese-roberta-wwm-ext-large
2026-03-02 03:10:20,891 - INFO - 我们使用该设备cuda
2026-03-02 03:10:32,353 - INFO - Epoch 1 结果: {'rel_acc': 0.8212927756653993, 'rel_f1': 0.43373493975903615, 'hate_acc': 0.908745247148289, 'hate_f1': 0.42857142857142855, 'hate_recall': 0.5625, 'total_loss': 1.3592373499193706}
2026-03-02 03:10:33,583 - INFO - >>> 检测到更好的 hate_f1: 0.4286, 模型已保存。
2026-03-02 03:10:33,589 - INFO - !!! 已导出错误样本至: model_train/classifier/Chinese/error_analysis_epoch_1.csv
2026-03-02 03:10:44,172 - INFO - Epoch 2 结果: {'rel_acc': 0.8212927756653993, 'rel_f1': 0.4050632911392405, 'hate_acc': 0.9163498098859315, 'hate_f1': 0.35294117647058826, 'hate_recall': 0.375, 'total_loss': 0.6766893260583684}
2026-03-02 03:10:55,436 - INFO - Epoch 3 结果: {'rel_acc': 0.8326996197718631, 'rel_f1': 0.45, 'hate_acc': 0.9239543726235742, 'hate_f1': 0.47368421052631576, 'hate_recall': 0.5625, 'total_loss': 0.4185215115194788}
2026-03-02 03:10:58,175 - INFO - >>> 检测到更好的 hate_f1: 0.4737, 模型已保存。
2026-03-02 03:10:58,206 - INFO - !!! 已导出错误样本至: model_train/classifier/Chinese/error_analysis_epoch_3.csv
2026-03-02 03:11:09,715 - INFO - Epoch 4 结果: {'rel_acc': 0.7680608365019012, 'rel_f1': 0.49586776859504134, 'hate_acc': 0.9277566539923955, 'hate_f1': 0.42424242424242425, 'hate_recall': 0.4375, 'total_loss': 0.19037788854030943}
2026-03-02 03:11:20,502 - INFO - Epoch 5 结果: {'rel_acc': 0.8174904942965779, 'rel_f1': 0.4146341463414634, 'hate_acc': 0.9505703422053232, 'hate_f1': 0.5185185185185185, 'hate_recall': 0.4375, 'total_loss': 0.09431028115323971}
2026-03-02 03:11:22,883 - INFO - >>> 检测到更好的 hate_f1: 0.5185, 模型已保存。
2026-03-02 03:11:22,885 - INFO - !!! 已导出错误样本至: model_train/classifier/Chinese/error_analysis_epoch_5.csv
2026-03-02 03:11:35,512 - INFO - Epoch 6 结果: {'rel_acc': 0.7984790874524715, 'rel_f1': 0.49523809523809526, 'hate_acc': 0.9467680608365019, 'hate_f1': 0.5, 'hate_recall': 0.4375, 'total_loss': 0.042591558424818855}
2026-03-02 03:11:48,589 - INFO - Epoch 7 结果: {'rel_acc': 0.8212927756653993, 'rel_f1': 0.38961038961038963, 'hate_acc': 0.9391634980988594, 'hate_f1': 0.42857142857142855, 'hate_recall': 0.375, 'total_loss': 0.020286619257358078}
2026-03-02 03:12:01,373 - INFO - Epoch 8 结果: {'rel_acc': 0.8174904942965779, 'rel_f1': 0.4418604651162791, 'hate_acc': 0.9467680608365019, 'hate_f1': 0.46153846153846156, 'hate_recall': 0.375, 'total_loss': 0.009373310191959545}
2026-03-02 03:12:14,052 - INFO - Epoch 9 结果: {'rel_acc': 0.8174904942965779, 'rel_f1': 0.48936170212765956, 'hate_acc': 0.9429657794676806, 'hate_f1': 0.4444444444444444, 'hate_recall': 0.375, 'total_loss': 0.013114098727709387}
2026-03-02 03:12:25,051 - INFO - Epoch 10 结果: {'rel_acc': 0.8288973384030418, 'rel_f1': 0.4444444444444444, 'hate_acc': 0.9429657794676806, 'hate_f1': 0.4444444444444444, 'hate_recall': 0.375, 'total_loss': 0.008620353054956885}
2026-03-02 03:12:36,162 - INFO - Epoch 11 结果: {'rel_acc': 0.8098859315589354, 'rel_f1': 0.4186046511627907, 'hate_acc': 0.9467680608365019, 'hate_f1': 0.5, 'hate_recall': 0.4375, 'total_loss': 0.020386854117827466}
2026-03-02 03:12:46,817 - INFO - Epoch 12 结果: {'rel_acc': 0.8136882129277566, 'rel_f1': 0.449438202247191, 'hate_acc': 0.9429657794676806, 'hate_f1': 0.4444444444444444, 'hate_recall': 0.375, 'total_loss': 0.025021032514789997}
2026-03-02 03:12:57,742 - INFO - Epoch 13 结果: {'rel_acc': 0.8403041825095057, 'rel_f1': 0.4, 'hate_acc': 0.9277566539923955, 'hate_f1': 0.3448275862068966, 'hate_recall': 0.3125, 'total_loss': 0.5342904670042854}
2026-03-02 03:13:10,442 - INFO - Epoch 14 结果: {'rel_acc': 0.7908745247148289, 'rel_f1': 0.45544554455445546, 'hate_acc': 0.8859315589353612, 'hate_f1': 0.4642857142857143, 'hate_recall': 0.8125, 'total_loss': 0.05651697479707592}
2026-03-02 03:13:21,888 - INFO - Epoch 15 结果: {'rel_acc': 0.7832699619771863, 'rel_f1': 0.44660194174757284, 'hate_acc': 0.9391634980988594, 'hate_f1': 0.5294117647058824, 'hate_recall': 0.5625, 'total_loss': 0.08515439289260178}
2026-03-02 03:13:24,347 - INFO - >>> 检测到更好的 hate_f1: 0.5294, 模型已保存。
2026-03-02 03:13:24,349 - INFO - !!! 已导出错误样本至: model_train/classifier/Chinese/error_analysis_epoch_15.csv
2026-03-02 03:13:34,876 - INFO - Epoch 16 结果: {'rel_acc': 0.8365019011406845, 'rel_f1': 0.5376344086021505, 'hate_acc': 0.9315589353612167, 'hate_f1': 0.47058823529411764, 'hate_recall': 0.5, 'total_loss': 0.016700967237419397}
2026-03-02 03:13:45,142 - INFO - Epoch 17 结果: {'rel_acc': 0.8022813688212928, 'rel_f1': 0.48, 'hate_acc': 0.9315589353612167, 'hate_f1': 0.4375, 'hate_recall': 0.4375, 'total_loss': 0.00640410150328928}
2026-03-02 03:13:55,425 - INFO - Epoch 18 结果: {'rel_acc': 0.8250950570342205, 'rel_f1': 0.30303030303030304, 'hate_acc': 0.935361216730038, 'hate_f1': 0.45161290322580644, 'hate_recall': 0.4375, 'total_loss': 0.10441912824250255}
2026-03-02 03:14:07,059 - INFO - Epoch 19 结果: {'rel_acc': 0.8098859315589354, 'rel_f1': 0.45652173913043476, 'hate_acc': 0.9467680608365019, 'hate_f1': 0.46153846153846156, 'hate_recall': 0.375, 'total_loss': 0.05092094271959787}
2026-03-02 03:14:19,469 - INFO - Epoch 20 结果: {'rel_acc': 0.8060836501901141, 'rel_f1': 0.43956043956043955, 'hate_acc': 0.9315589353612167, 'hate_f1': 0.4, 'hate_recall': 0.375, 'total_loss': 0.025059359941027454}
2026-03-02 03:14:19,475 - INFO - 训练正常结束。
