2026-03-02 02:17:37,808 - INFO - 开始训练流程...
2026-03-02 02:17:37,808 - INFO - 日志将保存至: /root/autodl-tmp/Master_Thesis/model_train/classifier/logs/20260302_021737_train.log
2026-03-02 02:17:37,837 - INFO - 训练集大小: 2488, 验证集大小: 277
2026-03-02 02:17:38,053 - INFO - 自动设置仇恨分类权重 (pos_weight): 20.45
2026-03-02 02:17:47,491 - INFO - 本次微调的基座模型是kubota/luke-large-defamation-detection-japanese
2026-03-02 02:20:44,417 - INFO - Epoch 1 结果: {'rel_acc': 0.8483754512635379, 'rel_f1': 0.43243243243243246, 'hate_acc': 0.9638989169675091, 'hate_f1': 0.6875, 'hate_recall': 0.8461538461538461, 'total_loss': 1.1723159484756298}
2026-03-02 02:20:46,851 - INFO - >>> 检测到更好的 hate_f1: 0.6875, 模型已保存。
2026-03-02 02:20:58,206 - INFO - Epoch 2 结果: {'rel_acc': 0.8483754512635379, 'rel_f1': 0.6181818181818182, 'hate_acc': 0.9675090252707581, 'hate_f1': 0.7096774193548387, 'hate_recall': 0.8461538461538461, 'total_loss': 0.7631480124516364}
2026-03-02 02:21:03,119 - INFO - >>> 检测到更好的 hate_f1: 0.7097, 模型已保存。
2026-03-02 02:21:14,407 - INFO - Epoch 3 结果: {'rel_acc': 0.855595667870036, 'rel_f1': 0.5454545454545454, 'hate_acc': 0.9350180505415162, 'hate_f1': 0.55, 'hate_recall': 0.8461538461538461, 'total_loss': 0.6652836030205855}
2026-03-02 02:21:25,714 - INFO - Epoch 4 结果: {'rel_acc': 0.8375451263537906, 'rel_f1': 0.64, 'hate_acc': 0.9314079422382672, 'hate_f1': 0.5581395348837209, 'hate_recall': 0.9230769230769231, 'total_loss': 0.6605165953246447}
2026-03-02 02:21:37,077 - INFO - Epoch 5 结果: {'rel_acc': 0.8375451263537906, 'rel_f1': 0.6616541353383458, 'hate_acc': 0.9530685920577617, 'hate_f1': 0.6486486486486487, 'hate_recall': 0.9230769230769231, 'total_loss': 0.5267378987792211}
2026-03-02 02:21:48,623 - INFO - Epoch 6 结果: {'rel_acc': 0.8700361010830325, 'rel_f1': 0.7142857142857143, 'hate_acc': 0.9747292418772563, 'hate_f1': 0.7741935483870968, 'hate_recall': 0.9230769230769231, 'total_loss': 0.47337473007157826}
2026-03-02 02:21:53,038 - INFO - >>> 检测到更好的 hate_f1: 0.7742, 模型已保存。
2026-03-02 02:22:04,402 - INFO - Epoch 7 结果: {'rel_acc': 0.8339350180505415, 'rel_f1': 0.6714285714285714, 'hate_acc': 0.9602888086642599, 'hate_f1': 0.6666666666666666, 'hate_recall': 0.8461538461538461, 'total_loss': 0.4687226888460991}
2026-03-02 02:22:15,790 - INFO - Epoch 8 结果: {'rel_acc': 0.8736462093862816, 'rel_f1': 0.6728971962616822, 'hate_acc': 0.9711191335740073, 'hate_f1': 0.7333333333333333, 'hate_recall': 0.8461538461538461, 'total_loss': 0.3612683641318327}
2026-03-02 02:22:27,250 - INFO - Epoch 9 结果: {'rel_acc': 0.8303249097472925, 'rel_f1': 0.6758620689655173, 'hate_acc': 0.9747292418772563, 'hate_f1': 0.7407407407407407, 'hate_recall': 0.7692307692307693, 'total_loss': 0.3987590989623314}
2026-03-02 02:22:38,688 - INFO - Epoch 10 结果: {'rel_acc': 0.8231046931407943, 'rel_f1': 0.6474820143884892, 'hate_acc': 0.9061371841155235, 'hate_f1': 0.48, 'hate_recall': 0.9230769230769231, 'total_loss': 0.44800447189034176}
2026-03-02 02:22:50,270 - INFO - Epoch 11 结果: {'rel_acc': 0.8700361010830325, 'rel_f1': 0.6949152542372882, 'hate_acc': 0.9566787003610109, 'hate_f1': 0.6666666666666666, 'hate_recall': 0.9230769230769231, 'total_loss': 0.5306838312401221}
2026-03-02 02:23:01,760 - INFO - Epoch 12 结果: {'rel_acc': 0.8375451263537906, 'rel_f1': 0.6564885496183206, 'hate_acc': 0.8989169675090253, 'hate_f1': 0.46153846153846156, 'hate_recall': 0.9230769230769231, 'total_loss': 0.27159115081676877}
2026-03-02 02:23:13,129 - INFO - Epoch 13 结果: {'rel_acc': 0.851985559566787, 'rel_f1': 0.6771653543307087, 'hate_acc': 0.9711191335740073, 'hate_f1': 0.7333333333333333, 'hate_recall': 0.8461538461538461, 'total_loss': 0.2572378723953779}
2026-03-02 02:23:24,400 - INFO - Epoch 14 结果: {'rel_acc': 0.8447653429602888, 'rel_f1': 0.6446280991735537, 'hate_acc': 0.9747292418772563, 'hate_f1': 0.72, 'hate_recall': 0.6923076923076923, 'total_loss': 0.15076004426615933}
2026-03-02 02:23:35,812 - INFO - Epoch 15 结果: {'rel_acc': 0.8339350180505415, 'rel_f1': 0.5964912280701754, 'hate_acc': 0.9638989169675091, 'hate_f1': 0.6428571428571429, 'hate_recall': 0.6923076923076923, 'total_loss': 0.12381756508675142}
2026-03-02 02:23:47,136 - INFO - Epoch 16 结果: {'rel_acc': 0.851985559566787, 'rel_f1': 0.6611570247933884, 'hate_acc': 0.9711191335740073, 'hate_f1': 0.6923076923076923, 'hate_recall': 0.6923076923076923, 'total_loss': 0.10948796467019771}
2026-03-02 02:23:59,880 - INFO - Epoch 17 结果: {'rel_acc': 0.8808664259927798, 'rel_f1': 0.6915887850467289, 'hate_acc': 0.9747292418772563, 'hate_f1': 0.7586206896551724, 'hate_recall': 0.8461538461538461, 'total_loss': 0.09668732854501846}
2026-03-02 02:24:11,264 - INFO - Epoch 18 结果: {'rel_acc': 0.851985559566787, 'rel_f1': 0.6554621848739496, 'hate_acc': 0.9783393501805054, 'hate_f1': 0.7692307692307693, 'hate_recall': 0.7692307692307693, 'total_loss': 0.07621237772325866}
2026-03-02 02:24:22,599 - INFO - Epoch 19 结果: {'rel_acc': 0.8664259927797834, 'rel_f1': 0.6666666666666666, 'hate_acc': 0.9783393501805054, 'hate_f1': 0.7857142857142857, 'hate_recall': 0.8461538461538461, 'total_loss': 0.07007312723614562}
2026-03-02 02:24:27,393 - INFO - >>> 检测到更好的 hate_f1: 0.7857, 模型已保存。
2026-03-02 02:24:38,659 - INFO - Epoch 20 结果: {'rel_acc': 0.8628158844765343, 'rel_f1': 0.6724137931034483, 'hate_acc': 0.9747292418772563, 'hate_f1': 0.7586206896551724, 'hate_recall': 0.8461538461538461, 'total_loss': 0.08291024224271472}
2026-03-02 02:24:38,697 - INFO - 训练正常结束。
