2026-03-27 21:04:15,265 - INFO - 开始训练流程...
2026-03-27 21:04:15,265 - INFO - 日志将保存至: /root/autodl-tmp/Master_Thesis/model_train/classifier/logs/20260327_210415_train.log
2026-03-27 21:04:15,294 - INFO - 训练集大小: 4655, 验证集大小: 600
2026-03-27 21:04:35,389 - INFO - Epoch 1 结果: {'rel_f1': 0.5153374233128835, 'hate_f1': 0.17647058823529413, 'combined_f1': 0.3459040057740888, 'hate_recall': 0.9375, 'total_loss': 0.06005921558544193, 'lr': 8e-06}
2026-03-27 21:04:36,173 - INFO - >>> 指标提升，模型已保存。
2026-03-27 21:04:36,183 - INFO - !!! 已导出错误样本至: model_train/classifier/Chinese/error_analysis_epoch_1.csv
2026-03-27 21:04:47,035 - INFO - Epoch 2 结果: {'rel_f1': 0.6198347107438017, 'hate_f1': 0.22393822393822393, 'combined_f1': 0.4218864673410128, 'hate_recall': 0.90625, 'total_loss': 0.027191984198373004, 'lr': 7.11111111111111e-06}
2026-03-27 21:04:47,710 - INFO - >>> 指标提升，模型已保存。
2026-03-27 21:04:47,714 - INFO - !!! 已导出错误样本至: model_train/classifier/Chinese/error_analysis_epoch_2.csv
2026-03-27 21:04:58,726 - INFO - Epoch 3 结果: {'rel_f1': 0.5688888888888889, 'hate_f1': 0.3087248322147651, 'combined_f1': 0.438806860551827, 'hate_recall': 0.71875, 'total_loss': 0.015853771012551646, 'lr': 6.222222222222222e-06}
2026-03-27 21:04:59,427 - INFO - >>> 指标提升，模型已保存。
2026-03-27 21:04:59,436 - INFO - !!! 已导出错误样本至: model_train/classifier/Chinese/error_analysis_epoch_3.csv
2026-03-27 21:05:10,344 - INFO - Epoch 4 结果: {'rel_f1': 0.5959595959595959, 'hate_f1': 0.35398230088495575, 'combined_f1': 0.47497094842227583, 'hate_recall': 0.625, 'total_loss': 0.009837304587400746, 'lr': 5.333333333333333e-06}
2026-03-27 21:05:11,035 - INFO - >>> 指标提升，模型已保存。
2026-03-27 21:05:11,038 - INFO - !!! 已导出错误样本至: model_train/classifier/Chinese/error_analysis_epoch_4.csv
2026-03-27 21:05:21,903 - INFO - Epoch 5 结果: {'rel_f1': 0.5760869565217391, 'hate_f1': 0.35555555555555557, 'combined_f1': 0.4658212560386473, 'hate_recall': 0.5, 'total_loss': 0.006758720972663259, 'lr': 4.444444444444444e-06}
2026-03-27 21:05:21,903 - INFO - --- 指标未提升 (已持续 1 轮) ---
2026-03-27 21:05:32,848 - INFO - Epoch 6 结果: {'rel_f1': 0.5898617511520737, 'hate_f1': 0.3368421052631579, 'combined_f1': 0.46335192820761584, 'hate_recall': 0.5, 'total_loss': 0.004598048652235828, 'lr': 3.555555555555555e-06}
2026-03-27 21:05:32,848 - INFO - --- 指标未提升 (已持续 2 轮) ---
2026-03-27 21:05:44,013 - INFO - Epoch 7 结果: {'rel_f1': 0.5841584158415841, 'hate_f1': 0.38636363636363635, 'combined_f1': 0.48526102610261024, 'hate_recall': 0.53125, 'total_loss': 0.002824659990987867, 'lr': 2.6666666666666664e-06}
2026-03-27 21:05:44,761 - INFO - >>> 指标提升，模型已保存。
2026-03-27 21:05:44,764 - INFO - !!! 已导出错误样本至: model_train/classifier/Chinese/error_analysis_epoch_7.csv
2026-03-27 21:05:55,667 - INFO - Epoch 8 结果: {'rel_f1': 0.5918367346938775, 'hate_f1': 0.38461538461538464, 'combined_f1': 0.48822605965463106, 'hate_recall': 0.46875, 'total_loss': 0.002262647237089727, 'lr': 1.7777777777777775e-06}
2026-03-27 21:05:56,439 - INFO - >>> 指标提升，模型已保存。
2026-03-27 21:05:56,451 - INFO - !!! 已导出错误样本至: model_train/classifier/Chinese/error_analysis_epoch_8.csv
2026-03-27 21:06:07,497 - INFO - Epoch 9 结果: {'rel_f1': 0.5829145728643216, 'hate_f1': 0.36585365853658536, 'combined_f1': 0.47438411570045347, 'hate_recall': 0.46875, 'total_loss': 0.0017040955129097924, 'lr': 8.888888888888888e-07}
2026-03-27 21:06:07,497 - INFO - --- 指标未提升 (已持续 1 轮) ---
2026-03-27 21:06:18,394 - INFO - Epoch 10 结果: {'rel_f1': 0.5816326530612245, 'hate_f1': 0.34210526315789475, 'combined_f1': 0.46186895810955964, 'hate_recall': 0.40625, 'total_loss': 0.0013819728337756468, 'lr': 0.0}
2026-03-27 21:06:18,394 - INFO - --- 指标未提升 (已持续 2 轮) ---
2026-03-27 21:06:18,399 - INFO - 训练正常结束。
