2026-03-06 07:09:30,305 - INFO - 开始训练流程...
2026-03-06 07:09:30,305 - INFO - 日志将保存至: /root/autodl-tmp/Master_Thesis/model_train/classifier/logs/20260306_070930_train.log
2026-03-06 07:09:30,332 - INFO - 训练集大小: 3828, 验证集大小: 427
2026-03-06 07:09:43,308 - INFO - Epoch 1 结果: {'rel_f1': 0.8102564102564103, 'hate_f1': 0.31295843520782396, 'combined_f1': 0.5616074227321171, 'hate_recall': 1.0, 'total_loss': 0.056521138983468215, 'lr': 8e-06}
2026-03-06 07:09:43,718 - INFO - >>> 指标提升，模型已保存。
2026-03-06 07:09:43,723 - INFO - !!! 已导出错误样本至: model_train/classifier/Chinese/error_analysis_epoch_1.csv
2026-03-06 07:09:54,233 - INFO - Epoch 2 结果: {'rel_f1': 0.8201058201058201, 'hate_f1': 0.4338235294117647, 'combined_f1': 0.6269646747587925, 'hate_recall': 0.921875, 'total_loss': 0.031779532084086286, 'lr': 7.11111111111111e-06}
2026-03-06 07:09:55,033 - INFO - >>> 指标提升，模型已保存。
2026-03-06 07:09:55,036 - INFO - !!! 已导出错误样本至: model_train/classifier/Chinese/error_analysis_epoch_2.csv
2026-03-06 07:10:05,565 - INFO - Epoch 3 结果: {'rel_f1': 0.8097826086956522, 'hate_f1': 0.527363184079602, 'combined_f1': 0.6685728963876272, 'hate_recall': 0.828125, 'total_loss': 0.0187581617385149, 'lr': 6.222222222222222e-06}
2026-03-06 07:10:05,998 - INFO - >>> 指标提升，模型已保存。
2026-03-06 07:10:06,000 - INFO - !!! 已导出错误样本至: model_train/classifier/Chinese/error_analysis_epoch_3.csv
2026-03-06 07:10:16,560 - INFO - Epoch 4 结果: {'rel_f1': 0.8119891008174387, 'hate_f1': 0.5604395604395604, 'combined_f1': 0.6862143306284996, 'hate_recall': 0.796875, 'total_loss': 0.011082262653993287, 'lr': 5.333333333333333e-06}
2026-03-06 07:10:17,371 - INFO - >>> 指标提升，模型已保存。
2026-03-06 07:10:17,373 - INFO - !!! 已导出错误样本至: model_train/classifier/Chinese/error_analysis_epoch_4.csv
2026-03-06 07:10:28,003 - INFO - Epoch 5 结果: {'rel_f1': 0.824468085106383, 'hate_f1': 0.5714285714285714, 'combined_f1': 0.6979483282674772, 'hate_recall': 0.84375, 'total_loss': 0.005599372094366117, 'lr': 4.444444444444444e-06}
2026-03-06 07:10:28,472 - INFO - >>> 指标提升，模型已保存。
2026-03-06 07:10:28,475 - INFO - !!! 已导出错误样本至: model_train/classifier/Chinese/error_analysis_epoch_5.csv
2026-03-06 07:10:39,155 - INFO - Epoch 6 结果: {'rel_f1': 0.8097826086956522, 'hate_f1': 0.5987261146496815, 'combined_f1': 0.7042543616726669, 'hate_recall': 0.734375, 'total_loss': 0.0034385704692491952, 'lr': 3.555555555555555e-06}
2026-03-06 07:10:39,924 - INFO - >>> 指标提升，模型已保存。
2026-03-06 07:10:39,926 - INFO - !!! 已导出错误样本至: model_train/classifier/Chinese/error_analysis_epoch_6.csv
2026-03-06 07:10:50,561 - INFO - Epoch 7 结果: {'rel_f1': 0.7989276139410187, 'hate_f1': 0.5945945945945946, 'combined_f1': 0.6967611042678067, 'hate_recall': 0.6875, 'total_loss': 0.0021544907969655467, 'lr': 2.6666666666666664e-06}
2026-03-06 07:10:50,561 - INFO - --- 指标未提升 (已持续 1 轮) ---
2026-03-06 07:11:01,165 - INFO - Epoch 8 结果: {'rel_f1': 0.7967479674796748, 'hate_f1': 0.5714285714285714, 'combined_f1': 0.684088269454123, 'hate_recall': 0.65625, 'total_loss': 0.0013994174484347848, 'lr': 1.7777777777777775e-06}
2026-03-06 07:11:01,165 - INFO - --- 指标未提升 (已持续 2 轮) ---
2026-03-06 07:11:11,708 - INFO - Epoch 9 结果: {'rel_f1': 0.7934782608695652, 'hate_f1': 0.5753424657534246, 'combined_f1': 0.6844103633114949, 'hate_recall': 0.65625, 'total_loss': 0.0009882464887596143, 'lr': 8.888888888888888e-07}
2026-03-06 07:11:11,708 - INFO - --- 指标未提升 (已持续 3 轮) ---
2026-03-06 07:11:11,708 - INFO - 早停触发！连续 3 轮没有进步，停止训练以防过拟合。
2026-03-06 07:11:11,712 - INFO - 训练正常结束。
