2026-03-02 02:47:52,500 - INFO - 开始训练流程...
2026-03-02 02:47:52,500 - INFO - 日志将保存至: /root/autodl-tmp/Master_Thesis/model_train/classifier/logs/20260302_024752_train.log
2026-03-02 02:47:52,521 - INFO - 训练集大小: 2358, 验证集大小: 263
2026-03-02 02:47:52,743 - INFO - 自动设置仇恨分类权重 (pos_weight): 15.84
2026-03-02 02:47:54,228 - INFO - 本次微调的基座模型是thu-coai/roberta-base-cold
2026-03-02 02:47:55,119 - INFO - 我们使用该设备cuda
2026-03-02 02:48:02,274 - INFO - Epoch 1 结果: {'rel_acc': 0.8365019011406845, 'rel_f1': 0.4266666666666667, 'hate_acc': 0.752851711026616, 'hate_f1': 0.2857142857142857, 'hate_recall': 0.8125, 'total_loss': 1.3160357455144058}
2026-03-02 02:48:03,088 - INFO - >>> 检测到更好的 hate_f1: 0.2857, 模型已保存。
2026-03-02 02:48:03,092 - INFO - !!! 已导出错误样本至: model_train/classifier/Chinese/error_analysis_epoch_1.csv
2026-03-02 02:48:08,793 - INFO - Epoch 2 结果: {'rel_acc': 0.8022813688212928, 'rel_f1': 0.46938775510204084, 'hate_acc': 0.8669201520912547, 'hate_f1': 0.33962264150943394, 'hate_recall': 0.5625, 'total_loss': 0.8092151707088625}
2026-03-02 02:48:09,590 - INFO - >>> 检测到更好的 hate_f1: 0.3396, 模型已保存。
2026-03-02 02:48:09,593 - INFO - !!! 已导出错误样本至: model_train/classifier/Chinese/error_analysis_epoch_2.csv
2026-03-02 02:48:14,542 - INFO - Epoch 3 结果: {'rel_acc': 0.8403041825095057, 'rel_f1': 0.43243243243243246, 'hate_acc': 0.8935361216730038, 'hate_f1': 0.36363636363636365, 'hate_recall': 0.5, 'total_loss': 0.5154235514535291}
2026-03-02 02:48:15,424 - INFO - >>> 检测到更好的 hate_f1: 0.3636, 模型已保存。
2026-03-02 02:48:15,435 - INFO - !!! 已导出错误样本至: model_train/classifier/Chinese/error_analysis_epoch_3.csv
2026-03-02 02:48:20,526 - INFO - Epoch 4 结果: {'rel_acc': 0.8250950570342205, 'rel_f1': 0.4772727272727273, 'hate_acc': 0.9277566539923955, 'hate_f1': 0.45714285714285713, 'hate_recall': 0.5, 'total_loss': 0.30399661355123325}
2026-03-02 02:48:21,543 - INFO - >>> 检测到更好的 hate_f1: 0.4571, 模型已保存。
2026-03-02 02:48:21,553 - INFO - !!! 已导出错误样本至: model_train/classifier/Chinese/error_analysis_epoch_4.csv
2026-03-02 02:48:26,610 - INFO - Epoch 5 结果: {'rel_acc': 0.8136882129277566, 'rel_f1': 0.4731182795698925, 'hate_acc': 0.9201520912547528, 'hate_f1': 0.46153846153846156, 'hate_recall': 0.5625, 'total_loss': 0.21816039104266344}
2026-03-02 02:48:27,577 - INFO - >>> 检测到更好的 hate_f1: 0.4615, 模型已保存。
2026-03-02 02:48:27,592 - INFO - !!! 已导出错误样本至: model_train/classifier/Chinese/error_analysis_epoch_5.csv
2026-03-02 02:48:33,602 - INFO - Epoch 6 结果: {'rel_acc': 0.8136882129277566, 'rel_f1': 0.4731182795698925, 'hate_acc': 0.9277566539923955, 'hate_f1': 0.42424242424242425, 'hate_recall': 0.4375, 'total_loss': 0.3026373999797412}
2026-03-02 02:48:39,946 - INFO - Epoch 7 结果: {'rel_acc': 0.8250950570342205, 'rel_f1': 0.4772727272727273, 'hate_acc': 0.9391634980988594, 'hate_f1': 0.4666666666666667, 'hate_recall': 0.4375, 'total_loss': 0.12622572169513316}
2026-03-02 02:48:40,913 - INFO - >>> 检测到更好的 hate_f1: 0.4667, 模型已保存。
2026-03-02 02:48:40,925 - INFO - !!! 已导出错误样本至: model_train/classifier/Chinese/error_analysis_epoch_7.csv
2026-03-02 02:48:48,087 - INFO - Epoch 8 结果: {'rel_acc': 0.8250950570342205, 'rel_f1': 0.4772727272727273, 'hate_acc': 0.935361216730038, 'hate_f1': 0.48484848484848486, 'hate_recall': 0.5, 'total_loss': 0.06816007865819375}
2026-03-02 02:48:48,975 - INFO - >>> 检测到更好的 hate_f1: 0.4848, 模型已保存。
2026-03-02 02:48:48,986 - INFO - !!! 已导出错误样本至: model_train/classifier/Chinese/error_analysis_epoch_8.csv
2026-03-02 02:48:53,730 - INFO - Epoch 9 结果: {'rel_acc': 0.8250950570342205, 'rel_f1': 0.46511627906976744, 'hate_acc': 0.9467680608365019, 'hate_f1': 0.5333333333333333, 'hate_recall': 0.5, 'total_loss': 0.028906362049432623}
2026-03-02 02:48:54,723 - INFO - >>> 检测到更好的 hate_f1: 0.5333, 模型已保存。
2026-03-02 02:48:54,733 - INFO - !!! 已导出错误样本至: model_train/classifier/Chinese/error_analysis_epoch_9.csv
2026-03-02 02:48:59,841 - INFO - Epoch 10 结果: {'rel_acc': 0.8250950570342205, 'rel_f1': 0.4523809523809524, 'hate_acc': 0.9391634980988594, 'hate_f1': 0.4666666666666667, 'hate_recall': 0.4375, 'total_loss': 0.02333948904384129}
2026-03-02 02:49:05,903 - INFO - Epoch 11 结果: {'rel_acc': 0.8136882129277566, 'rel_f1': 0.46153846153846156, 'hate_acc': 0.9391634980988594, 'hate_f1': 0.4666666666666667, 'hate_recall': 0.4375, 'total_loss': 0.01707659224268502}
2026-03-02 02:49:11,043 - INFO - Epoch 12 结果: {'rel_acc': 0.8250950570342205, 'rel_f1': 0.46511627906976744, 'hate_acc': 0.9429657794676806, 'hate_f1': 0.4827586206896552, 'hate_recall': 0.4375, 'total_loss': 0.009087960298701719}
2026-03-02 02:49:16,355 - INFO - Epoch 13 结果: {'rel_acc': 0.8098859315589354, 'rel_f1': 0.46808510638297873, 'hate_acc': 0.9391634980988594, 'hate_f1': 0.4666666666666667, 'hate_recall': 0.4375, 'total_loss': 0.009723428344964428}
2026-03-02 02:49:21,889 - INFO - Epoch 14 结果: {'rel_acc': 0.8250950570342205, 'rel_f1': 0.4772727272727273, 'hate_acc': 0.9467680608365019, 'hate_f1': 0.5333333333333333, 'hate_recall': 0.5, 'total_loss': 0.010554245687278642}
2026-03-02 02:49:30,337 - INFO - Epoch 15 结果: {'rel_acc': 0.8326996197718631, 'rel_f1': 0.4883720930232558, 'hate_acc': 0.935361216730038, 'hate_f1': 0.45161290322580644, 'hate_recall': 0.4375, 'total_loss': 0.014181664309502151}
2026-03-02 02:49:38,786 - INFO - Epoch 16 结果: {'rel_acc': 0.7908745247148289, 'rel_f1': 0.4329896907216495, 'hate_acc': 0.9391634980988594, 'hate_f1': 0.4666666666666667, 'hate_recall': 0.4375, 'total_loss': 0.014219103715338468}
2026-03-02 02:49:43,867 - INFO - Epoch 17 结果: {'rel_acc': 0.8060836501901141, 'rel_f1': 0.43956043956043955, 'hate_acc': 0.9391634980988594, 'hate_f1': 0.5, 'hate_recall': 0.5, 'total_loss': 0.012379524652764352}
2026-03-02 02:49:49,879 - INFO - Epoch 18 结果: {'rel_acc': 0.8174904942965779, 'rel_f1': 0.5, 'hate_acc': 0.9505703422053232, 'hate_f1': 0.5517241379310345, 'hate_recall': 0.5, 'total_loss': 0.028159427067195694}
2026-03-02 02:49:50,782 - INFO - >>> 检测到更好的 hate_f1: 0.5517, 模型已保存。
2026-03-02 02:49:50,796 - INFO - !!! 已导出错误样本至: model_train/classifier/Chinese/error_analysis_epoch_18.csv
2026-03-02 02:49:58,141 - INFO - Epoch 19 结果: {'rel_acc': 0.8479087452471483, 'rel_f1': 0.47368421052631576, 'hate_acc': 0.9429657794676806, 'hate_f1': 0.5161290322580645, 'hate_recall': 0.5, 'total_loss': 0.020765533912266175}
2026-03-02 02:50:06,322 - INFO - Epoch 20 结果: {'rel_acc': 0.8212927756653993, 'rel_f1': 0.4835164835164835, 'hate_acc': 0.935361216730038, 'hate_f1': 0.45161290322580644, 'hate_recall': 0.4375, 'total_loss': 0.0237441566816808}
2026-03-02 02:50:06,326 - INFO - 训练正常结束。
