2026-03-06 20:40:13,032 - INFO - 开始训练流程...
2026-03-06 20:40:13,032 - INFO - 日志将保存至: /root/autodl-tmp/Master_Thesis/model_train/classifier/logs/20260306_204013_train.log
2026-03-06 20:40:13,075 - INFO - 训练集大小: 3925, 验证集大小: 439
2026-03-06 20:40:52,037 - INFO - Epoch 1 结果: {'rel_f1': 0.8991228070175439, 'hate_f1': 0.38095238095238093, 'combined_f1': 0.6400375939849624, 'hate_recall': 0.9230769230769231, 'total_loss': 0.04004476205029381, 'lr': 8e-06}
2026-03-06 20:40:56,083 - INFO - >>> 指标提升，模型已保存。
2026-03-06 20:40:56,088 - INFO - !!! 已导出错误样本至: model_train/classifier/Japanese/error_analysis_epoch_1.csv
2026-03-06 20:41:28,955 - INFO - Epoch 2 结果: {'rel_f1': 0.8919540229885058, 'hate_f1': 0.5317919075144508, 'combined_f1': 0.7118729652514784, 'hate_recall': 0.8846153846153846, 'total_loss': 0.0234743963162286, 'lr': 7.11111111111111e-06}
2026-03-06 20:41:33,301 - INFO - >>> 指标提升，模型已保存。
2026-03-06 20:41:33,304 - INFO - !!! 已导出错误样本至: model_train/classifier/Japanese/error_analysis_epoch_2.csv
2026-03-06 20:42:06,219 - INFO - Epoch 3 结果: {'rel_f1': 0.8926014319809069, 'hate_f1': 0.5785123966942148, 'combined_f1': 0.7355569143375609, 'hate_recall': 0.6730769230769231, 'total_loss': 0.014604290588607452, 'lr': 6.222222222222222e-06}
2026-03-06 20:42:10,739 - INFO - >>> 指标提升，模型已保存。
2026-03-06 20:42:10,742 - INFO - !!! 已导出错误样本至: model_train/classifier/Japanese/error_analysis_epoch_3.csv
2026-03-06 20:42:43,784 - INFO - Epoch 4 结果: {'rel_f1': 0.8893905191873589, 'hate_f1': 0.5528455284552846, 'combined_f1': 0.7211180238213217, 'hate_recall': 0.6538461538461539, 'total_loss': 0.008765126720952945, 'lr': 5.333333333333333e-06}
2026-03-06 20:42:43,784 - INFO - --- 指标未提升 (已持续 1 轮) ---
2026-03-06 20:43:16,709 - INFO - Epoch 5 结果: {'rel_f1': 0.8779342723004695, 'hate_f1': 0.5619834710743802, 'combined_f1': 0.7199588716874248, 'hate_recall': 0.6538461538461539, 'total_loss': 0.004571400523754556, 'lr': 4.444444444444444e-06}
2026-03-06 20:43:16,709 - INFO - --- 指标未提升 (已持续 2 轮) ---
2026-03-06 20:43:49,646 - INFO - Epoch 6 结果: {'rel_f1': 0.8773584905660378, 'hate_f1': 0.5185185185185185, 'combined_f1': 0.6979385045422781, 'hate_recall': 0.5384615384615384, 'total_loss': 0.003292433697528232, 'lr': 3.555555555555555e-06}
2026-03-06 20:43:49,646 - INFO - --- 指标未提升 (已持续 3 轮) ---
2026-03-06 20:43:49,646 - INFO - 早停触发！连续 3 轮没有进步，停止训练以防过拟合。
2026-03-06 20:43:49,684 - INFO - 训练正常结束。
