2026-03-29 06:45:21,643 - INFO - 开始训练流程...
2026-03-29 06:45:21,643 - INFO - 日志将保存至: /root/autodl-tmp/Master_Thesis/model_train/classifier/logs/20260329_064521_train.log
2026-03-29 06:45:21,666 - INFO - 训练集大小: 3400, 验证集大小: 600
2026-03-29 06:45:45,061 - INFO - Epoch 1 优化后结果: {'rel_f1': 0.5573770491803278, 'hate_f1': 0.4117647058823529, 'combined_f1': 0.48457087753134037, 'hate_recall': 0.30434782608695654, 'best_rel_th': 0.51, 'best_hate_th': 0.9, 'total_loss': 0.09022360061981997, 'lr': 1e-05}
2026-03-29 06:45:45,679 - INFO - >>> 指标提升，模型已保存。
2026-03-29 06:45:45,682 - INFO - !!! 已导出错误样本至: model_train/classifier/Chinese/error_analysis_epoch_1.csv
2026-03-29 06:46:06,183 - INFO - Epoch 2 优化后结果: {'rel_f1': 0.5698324022346368, 'hate_f1': 0.4262295081967213, 'combined_f1': 0.4980309552156791, 'hate_recall': 0.5652173913043478, 'best_rel_th': 0.6, 'best_hate_th': 0.5, 'total_loss': 0.02303286685711083, 'lr': 8.888888888888888e-06}
2026-03-29 06:46:06,997 - INFO - >>> 指标提升，模型已保存。
2026-03-29 06:46:07,010 - INFO - !!! 已导出错误样本至: model_train/classifier/Chinese/error_analysis_epoch_2.csv
2026-03-29 06:46:27,977 - INFO - Epoch 3 优化后结果: {'rel_f1': 0.5844748858447488, 'hate_f1': 0.38461538461538464, 'combined_f1': 0.4845451352300667, 'hate_recall': 0.43478260869565216, 'best_rel_th': 0.33, 'best_hate_th': 0.37, 'total_loss': 0.009716570448045147, 'lr': 7.77777777777778e-06}
2026-03-29 06:46:27,977 - INFO - --- 指标未提升 (已持续 1 轮) ---
2026-03-29 06:46:48,235 - INFO - Epoch 4 优化后结果: {'rel_f1': 0.5869565217391305, 'hate_f1': 0.39344262295081966, 'combined_f1': 0.4901995723449751, 'hate_recall': 0.5217391304347826, 'best_rel_th': 0.61, 'best_hate_th': 0.32, 'total_loss': 0.0038427845934508272, 'lr': 6.666666666666667e-06}
2026-03-29 06:46:48,235 - INFO - --- 指标未提升 (已持续 2 轮) ---
2026-03-29 06:47:09,152 - INFO - Epoch 5 优化后结果: {'rel_f1': 0.5980392156862745, 'hate_f1': 0.3673469387755102, 'combined_f1': 0.4826930772308924, 'hate_recall': 0.391304347826087, 'best_rel_th': 0.31, 'best_hate_th': 0.26, 'total_loss': 0.00181954925988058, 'lr': 5.555555555555557e-06}
2026-03-29 06:47:09,153 - INFO - --- 指标未提升 (已持续 3 轮) ---
2026-03-29 06:47:29,661 - INFO - Epoch 6 优化后结果: {'rel_f1': 0.5814977973568282, 'hate_f1': 0.41379310344827586, 'combined_f1': 0.49764545040255204, 'hate_recall': 0.5217391304347826, 'best_rel_th': 0.16, 'best_hate_th': 0.17, 'total_loss': 0.0009732880465127092, 'lr': 4.444444444444444e-06}
2026-03-29 06:47:29,661 - INFO - --- 指标未提升 (已持续 4 轮) ---
2026-03-29 06:47:49,942 - INFO - Epoch 7 优化后结果: {'rel_f1': 0.6095238095238096, 'hate_f1': 0.42105263157894735, 'combined_f1': 0.5152882205513785, 'hate_recall': 0.5217391304347826, 'best_rel_th': 0.19, 'best_hate_th': 0.18000000000000002, 'total_loss': 0.0007743854444103201, 'lr': 3.3333333333333333e-06}
2026-03-29 06:47:50,623 - INFO - >>> 指标提升，模型已保存。
2026-03-29 06:47:50,626 - INFO - !!! 已导出错误样本至: model_train/classifier/Chinese/error_analysis_epoch_7.csv
2026-03-29 06:48:11,670 - INFO - Epoch 8 优化后结果: {'rel_f1': 0.59375, 'hate_f1': 0.4, 'combined_f1': 0.496875, 'hate_recall': 0.43478260869565216, 'best_rel_th': 0.34, 'best_hate_th': 0.19, 'total_loss': 0.0005102261002137856, 'lr': 2.222222222222222e-06}
2026-03-29 06:48:11,670 - INFO - --- 指标未提升 (已持续 1 轮) ---
2026-03-29 06:48:32,455 - INFO - Epoch 9 优化后结果: {'rel_f1': 0.5876777251184834, 'hate_f1': 0.39215686274509803, 'combined_f1': 0.48991729393179073, 'hate_recall': 0.43478260869565216, 'best_rel_th': 0.18000000000000002, 'best_hate_th': 0.15000000000000002, 'total_loss': 0.0003279939473742239, 'lr': 1.111111111111111e-06}
2026-03-29 06:48:32,455 - INFO - --- 指标未提升 (已持续 2 轮) ---
2026-03-29 06:48:53,387 - INFO - Epoch 10 优化后结果: {'rel_f1': 0.6051282051282051, 'hate_f1': 0.4, 'combined_f1': 0.5025641025641026, 'hate_recall': 0.43478260869565216, 'best_rel_th': 0.26, 'best_hate_th': 0.19, 'total_loss': 0.0002244668261404682, 'lr': 0.0}
2026-03-29 06:48:53,387 - INFO - --- 指标未提升 (已持续 3 轮) ---
2026-03-29 06:48:53,391 - INFO - 训练正常结束。
