2026-03-06 06:21:27,824 - INFO - 开始训练流程...
2026-03-06 06:21:27,824 - INFO - 日志将保存至: /root/autodl-tmp/Master_Thesis/model_train/classifier/logs/20260306_062127_train.log
2026-03-06 06:21:27,860 - INFO - 训练集大小: 5246, 验证集大小: 586
2026-03-06 06:21:29,216 - INFO - 本次微调的基座模型是thu-coai/roberta-base-cold
2026-03-06 06:21:30,004 - INFO - 我们使用该设备cuda
2026-03-06 06:21:30,008 - INFO - 自动计算的 Alpha -> Rel: 0.3948, Hate: 0.7953
2026-03-06 06:21:44,790 - INFO - Epoch 1 结果: {'rel_acc': 0.8088737201365188, 'rel_f1': 0.8323353293413174, 'hate_acc': 0.8344709897610921, 'hate_f1': 0.5314009661835749, 'combined_f1': 0.6818681477624462, 'hate_recall': 0.4435483870967742, 'total_loss': 0.06552904335463919}
2026-03-06 06:21:45,359 - INFO - >>> 检测到更好的 combined_f1: 0.6819, 模型已保存。
2026-03-06 06:21:45,372 - INFO - !!! 已导出错误样本至: model_train/classifier/Chinese/error_analysis_epoch_1.csv
2026-03-06 06:21:59,793 - INFO - Epoch 2 结果: {'rel_acc': 0.7798634812286689, 'rel_f1': 0.7936, 'hate_acc': 0.8310580204778157, 'hate_f1': 0.4406779661016949, 'combined_f1': 0.6171389830508475, 'hate_recall': 0.31451612903225806, 'total_loss': 0.015531495657874407}
2026-03-06 06:22:14,298 - INFO - Epoch 3 结果: {'rel_acc': 0.78839590443686, 'rel_f1': 0.80625, 'hate_acc': 0.8174061433447098, 'hate_f1': 0.3742690058479532, 'combined_f1': 0.5902595029239766, 'hate_recall': 0.25806451612903225, 'total_loss': 0.005832486880580091}
2026-03-06 06:22:28,781 - INFO - Epoch 4 结果: {'rel_acc': 0.8122866894197952, 'rel_f1': 0.835820895522388, 'hate_acc': 0.8225255972696246, 'hate_f1': 0.44086021505376344, 'combined_f1': 0.6383405552880758, 'hate_recall': 0.33064516129032256, 'total_loss': 0.0024345222277810446}
2026-03-06 06:22:43,292 - INFO - Epoch 5 结果: {'rel_acc': 0.8276450511945392, 'rel_f1': 0.8503703703703703, 'hate_acc': 0.8225255972696246, 'hate_f1': 0.44086021505376344, 'combined_f1': 0.6456152927120669, 'hate_recall': 0.33064516129032256, 'total_loss': 0.0017627350265595342}
2026-03-06 06:22:57,932 - INFO - Epoch 6 结果: {'rel_acc': 0.8003412969283277, 'rel_f1': 0.8174726989079563, 'hate_acc': 0.8276450511945392, 'hate_f1': 0.4540540540540541, 'combined_f1': 0.6357633764810051, 'hate_recall': 0.3387096774193548, 'total_loss': 0.0003638512480670104}
2026-03-06 06:23:12,527 - INFO - Epoch 7 结果: {'rel_acc': 0.7679180887372014, 'rel_f1': 0.782051282051282, 'hate_acc': 0.825938566552901, 'hate_f1': 0.43333333333333335, 'combined_f1': 0.6076923076923078, 'hate_recall': 0.31451612903225806, 'total_loss': 0.0053877573911377775}
2026-03-06 06:23:27,102 - INFO - Epoch 8 结果: {'rel_acc': 0.7218430034129693, 'rel_f1': 0.7184801381692574, 'hate_acc': 0.8344709897610921, 'hate_f1': 0.4581005586592179, 'combined_f1': 0.5882903484142377, 'hate_recall': 0.33064516129032256, 'total_loss': 0.0024742309145722174}
2026-03-06 06:23:41,599 - INFO - Epoch 9 结果: {'rel_acc': 0.7935153583617748, 'rel_f1': 0.8112324492979719, 'hate_acc': 0.8208191126279863, 'hate_f1': 0.43243243243243246, 'combined_f1': 0.6218324408652022, 'hate_recall': 0.3225806451612903, 'total_loss': 0.0015906640834456507}
2026-03-06 06:23:56,121 - INFO - Epoch 10 结果: {'rel_acc': 0.7798634812286689, 'rel_f1': 0.7936, 'hate_acc': 0.8191126279863481, 'hate_f1': 0.4111111111111111, 'combined_f1': 0.6023555555555555, 'hate_recall': 0.29838709677419356, 'total_loss': 0.0002015973767486951}
2026-03-06 06:24:10,621 - INFO - Epoch 11 结果: {'rel_acc': 0.7901023890784983, 'rel_f1': 0.8056872037914692, 'hate_acc': 0.8242320819112628, 'hate_f1': 0.430939226519337, 'combined_f1': 0.6183132151554032, 'hate_recall': 0.31451612903225806, 'total_loss': 5.1075455548412694e-05}
2026-03-06 06:24:25,118 - INFO - Epoch 12 结果: {'rel_acc': 0.7866894197952219, 'rel_f1': 0.8025276461295419, 'hate_acc': 0.8191126279863481, 'hate_f1': 0.42391304347826086, 'combined_f1': 0.6132203448039013, 'hate_recall': 0.31451612903225806, 'total_loss': 4.334470376724168e-05}
2026-03-06 06:24:39,726 - INFO - Epoch 13 结果: {'rel_acc': 0.7781569965870307, 'rel_f1': 0.7916666666666666, 'hate_acc': 0.8208191126279863, 'hate_f1': 0.3930635838150289, 'combined_f1': 0.5923651252408477, 'hate_recall': 0.27419354838709675, 'total_loss': 1.8272318701575364e-05}
2026-03-06 06:24:54,396 - INFO - Epoch 14 结果: {'rel_acc': 0.7798634812286689, 'rel_f1': 0.7936, 'hate_acc': 0.8242320819112628, 'hate_f1': 0.4180790960451977, 'combined_f1': 0.6058395480225989, 'hate_recall': 0.29838709677419356, 'total_loss': 1.3331824040177452e-05}
