2026-03-02 02:31:28,705 - INFO - 开始训练流程...
2026-03-02 02:31:28,705 - INFO - 日志将保存至: /root/autodl-tmp/Master_Thesis/model_train/classifier/logs/20260302_023128_train.log
2026-03-02 02:31:28,726 - INFO - 训练集大小: 2358, 验证集大小: 263
2026-03-02 02:31:28,937 - INFO - 自动设置仇恨分类权重 (pos_weight): 15.84
2026-03-02 02:31:34,388 - INFO - 本次微调的基座模型是thu-coai/roberta-base-cold
2026-03-02 02:32:08,731 - INFO - 我们使用该设备cuda
2026-03-02 02:32:15,309 - INFO - Epoch 1 结果: {'rel_acc': 0.8174904942965779, 'rel_f1': 0.3684210526315789, 'hate_acc': 0.688212927756654, 'hate_f1': 0.2545454545454545, 'hate_recall': 0.875, 'total_loss': 1.3054305423755903}
2026-03-02 02:32:15,738 - INFO - >>> 检测到更好的 hate_f1: 0.2545, 模型已保存。
2026-03-02 02:32:21,353 - INFO - Epoch 2 结果: {'rel_acc': 0.844106463878327, 'rel_f1': 0.3050847457627119, 'hate_acc': 0.8935361216730038, 'hate_f1': 0.4166666666666667, 'hate_recall': 0.625, 'total_loss': 0.7930522611415064}
2026-03-02 02:32:22,231 - INFO - >>> 检测到更好的 hate_f1: 0.4167, 模型已保存。
2026-03-02 02:32:28,292 - INFO - Epoch 3 结果: {'rel_acc': 0.844106463878327, 'rel_f1': 0.3880597014925373, 'hate_acc': 0.9239543726235742, 'hate_f1': 0.4444444444444444, 'hate_recall': 0.5, 'total_loss': 0.5375818402279873}
2026-03-02 02:32:29,191 - INFO - >>> 检测到更好的 hate_f1: 0.4444, 模型已保存。
2026-03-02 02:32:35,494 - INFO - Epoch 4 结果: {'rel_acc': 0.8365019011406845, 'rel_f1': 0.4266666666666667, 'hate_acc': 0.9391634980988594, 'hate_f1': 0.5, 'hate_recall': 0.5, 'total_loss': 0.3281157214848979}
2026-03-02 02:32:36,432 - INFO - >>> 检测到更好的 hate_f1: 0.5000, 模型已保存。
2026-03-02 02:32:41,500 - INFO - Epoch 5 结果: {'rel_acc': 0.8212927756653993, 'rel_f1': 0.5154639175257731, 'hate_acc': 0.9239543726235742, 'hate_f1': 0.4444444444444444, 'hate_recall': 0.5, 'total_loss': 0.1912267823527391}
2026-03-02 02:32:46,549 - INFO - Epoch 6 结果: {'rel_acc': 0.8136882129277566, 'rel_f1': 0.4731182795698925, 'hate_acc': 0.9467680608365019, 'hate_f1': 0.5333333333333333, 'hate_recall': 0.5, 'total_loss': 0.11142606175554967}
2026-03-02 02:32:47,396 - INFO - >>> 检测到更好的 hate_f1: 0.5333, 模型已保存。
2026-03-02 02:32:52,491 - INFO - Epoch 7 结果: {'rel_acc': 0.8479087452471483, 'rel_f1': 0.47368421052631576, 'hate_acc': 0.9429657794676806, 'hate_f1': 0.5161290322580645, 'hate_recall': 0.5, 'total_loss': 0.07042309616352557}
2026-03-02 02:32:57,755 - INFO - Epoch 8 结果: {'rel_acc': 0.8365019011406845, 'rel_f1': 0.49411764705882355, 'hate_acc': 0.9429657794676806, 'hate_f1': 0.5454545454545454, 'hate_recall': 0.5625, 'total_loss': 0.04908440148495641}
2026-03-02 02:32:58,665 - INFO - >>> 检测到更好的 hate_f1: 0.5455, 模型已保存。
2026-03-02 02:33:04,430 - INFO - Epoch 9 结果: {'rel_acc': 0.8365019011406845, 'rel_f1': 0.5274725274725275, 'hate_acc': 0.9505703422053232, 'hate_f1': 0.5806451612903226, 'hate_recall': 0.5625, 'total_loss': 0.02620193604820383}
2026-03-02 02:33:05,375 - INFO - >>> 检测到更好的 hate_f1: 0.5806, 模型已保存。
2026-03-02 02:33:10,443 - INFO - Epoch 10 结果: {'rel_acc': 0.8250950570342205, 'rel_f1': 0.5, 'hate_acc': 0.9391634980988594, 'hate_f1': 0.5, 'hate_recall': 0.5, 'total_loss': 0.017766408211664874}
2026-03-02 02:33:16,895 - INFO - Epoch 11 结果: {'rel_acc': 0.8365019011406845, 'rel_f1': 0.5057471264367817, 'hate_acc': 0.9429657794676806, 'hate_f1': 0.4827586206896552, 'hate_recall': 0.4375, 'total_loss': 0.0141802948138148}
2026-03-02 02:33:23,422 - INFO - Epoch 12 结果: {'rel_acc': 0.8326996197718631, 'rel_f1': 0.5111111111111111, 'hate_acc': 0.9429657794676806, 'hate_f1': 0.4827586206896552, 'hate_recall': 0.4375, 'total_loss': 0.007047598774079233}
2026-03-02 02:33:28,453 - INFO - Epoch 13 结果: {'rel_acc': 0.8326996197718631, 'rel_f1': 0.47619047619047616, 'hate_acc': 0.9429657794676806, 'hate_f1': 0.4827586206896552, 'hate_recall': 0.4375, 'total_loss': 0.0063138375423747945}
2026-03-02 02:33:34,888 - INFO - Epoch 14 结果: {'rel_acc': 0.844106463878327, 'rel_f1': 0.4383561643835616, 'hate_acc': 0.9505703422053232, 'hate_f1': 0.5517241379310345, 'hate_recall': 0.5, 'total_loss': 0.02295261841720423}
2026-03-02 02:33:40,822 - INFO - Epoch 15 结果: {'rel_acc': 0.8250950570342205, 'rel_f1': 0.4888888888888889, 'hate_acc': 0.8973384030418251, 'hate_f1': 0.34146341463414637, 'hate_recall': 0.4375, 'total_loss': 0.14132907062554984}
2026-03-02 02:33:45,880 - INFO - Epoch 16 结果: {'rel_acc': 0.8593155893536122, 'rel_f1': 0.5542168674698795, 'hate_acc': 0.935361216730038, 'hate_f1': 0.37037037037037035, 'hate_recall': 0.3125, 'total_loss': 0.12222382708805034}
2026-03-02 02:33:51,146 - INFO - Epoch 17 结果: {'rel_acc': 0.8403041825095057, 'rel_f1': 0.5333333333333333, 'hate_acc': 0.8973384030418251, 'hate_f1': 0.425531914893617, 'hate_recall': 0.625, 'total_loss': 0.08421508082176081}
2026-03-02 02:33:57,081 - INFO - Epoch 18 结果: {'rel_acc': 0.8631178707224335, 'rel_f1': 0.5609756097560976, 'hate_acc': 0.9429657794676806, 'hate_f1': 0.4444444444444444, 'hate_recall': 0.375, 'total_loss': 0.039419582341734725}
2026-03-02 02:34:03,143 - INFO - Epoch 19 结果: {'rel_acc': 0.8517110266159695, 'rel_f1': 0.4, 'hate_acc': 0.935361216730038, 'hate_f1': 0.41379310344827586, 'hate_recall': 0.375, 'total_loss': 0.05478770451343341}
2026-03-02 02:34:08,082 - INFO - Epoch 20 结果: {'rel_acc': 0.844106463878327, 'rel_f1': 0.5060240963855421, 'hate_acc': 0.9391634980988594, 'hate_f1': 0.38461538461538464, 'hate_recall': 0.3125, 'total_loss': 0.06403407425229513}
2026-03-02 02:34:08,087 - INFO - 训练正常结束。
