2026-03-29 06:35:47,588 - INFO - 开始训练流程...
2026-03-29 06:35:47,588 - INFO - 日志将保存至: /root/autodl-tmp/Master_Thesis/model_train/classifier/logs/20260329_063547_train.log
2026-03-29 06:35:47,613 - INFO - 训练集大小: 3400, 验证集大小: 600
2026-03-29 06:36:00,508 - INFO - Epoch 1 优化后结果: {'rel_f1': 0.5575757575757576, 'hate_f1': 0.3333333333333333, 'combined_f1': 0.44545454545454544, 'hate_recall': 0.2608695652173913, 'best_rel_th': 0.68, 'best_hate_th': 0.8400000000000001, 'total_loss': 0.09703025228988665, 'lr': 5e-06}
2026-03-29 06:36:01,216 - INFO - >>> 指标提升，模型已保存。
2026-03-29 06:36:01,228 - INFO - !!! 已导出错误样本至: model_train/classifier/Chinese/error_analysis_epoch_1.csv
2026-03-29 06:36:11,911 - INFO - Epoch 2 优化后结果: {'rel_f1': 0.5619047619047619, 'hate_f1': 0.34782608695652173, 'combined_f1': 0.4548654244306418, 'hate_recall': 0.34782608695652173, 'best_rel_th': 0.63, 'best_hate_th': 0.8300000000000001, 'total_loss': 0.042423147796099625, 'lr': 4.444444444444444e-06}
2026-03-29 06:36:12,497 - INFO - >>> 指标提升，模型已保存。
2026-03-29 06:36:12,500 - INFO - !!! 已导出错误样本至: model_train/classifier/Chinese/error_analysis_epoch_2.csv
2026-03-29 06:36:23,176 - INFO - Epoch 3 优化后结果: {'rel_f1': 0.5797101449275363, 'hate_f1': 0.35294117647058826, 'combined_f1': 0.4663256606990622, 'hate_recall': 0.2608695652173913, 'best_rel_th': 0.54, 'best_hate_th': 0.88, 'total_loss': 0.027389333261033662, 'lr': 3.88888888888889e-06}
2026-03-29 06:36:23,790 - INFO - >>> 指标提升，模型已保存。
2026-03-29 06:36:23,793 - INFO - !!! 已导出错误样本至: model_train/classifier/Chinese/error_analysis_epoch_3.csv
2026-03-29 06:36:34,331 - INFO - Epoch 4 优化后结果: {'rel_f1': 0.5968586387434555, 'hate_f1': 0.34285714285714286, 'combined_f1': 0.46985789080029916, 'hate_recall': 0.2608695652173913, 'best_rel_th': 0.63, 'best_hate_th': 0.88, 'total_loss': 0.019610078230343917, 'lr': 3.3333333333333333e-06}
2026-03-29 06:36:34,963 - INFO - >>> 指标提升，模型已保存。
2026-03-29 06:36:34,966 - INFO - !!! 已导出错误样本至: model_train/classifier/Chinese/error_analysis_epoch_4.csv
2026-03-29 06:36:45,435 - INFO - Epoch 5 优化后结果: {'rel_f1': 0.5948717948717949, 'hate_f1': 0.32432432432432434, 'combined_f1': 0.4595980595980596, 'hate_recall': 0.2608695652173913, 'best_rel_th': 0.55, 'best_hate_th': 0.85, 'total_loss': 0.014520027504589122, 'lr': 2.7777777777777783e-06}
2026-03-29 06:36:45,435 - INFO - --- 指标未提升 (已持续 1 轮) ---
2026-03-29 06:36:56,183 - INFO - Epoch 6 优化后结果: {'rel_f1': 0.6069651741293532, 'hate_f1': 0.34615384615384615, 'combined_f1': 0.4765595101415997, 'hate_recall': 0.391304347826087, 'best_rel_th': 0.55, 'best_hate_th': 0.65, 'total_loss': 0.010829495182787996, 'lr': 2.222222222222222e-06}
2026-03-29 06:36:56,860 - INFO - >>> 指标提升，模型已保存。
2026-03-29 06:36:56,863 - INFO - !!! 已导出错误样本至: model_train/classifier/Chinese/error_analysis_epoch_6.csv
2026-03-29 06:37:07,620 - INFO - Epoch 7 优化后结果: {'rel_f1': 0.5948717948717949, 'hate_f1': 0.35294117647058826, 'combined_f1': 0.47390648567119154, 'hate_recall': 0.391304347826087, 'best_rel_th': 0.5700000000000001, 'best_hate_th': 0.65, 'total_loss': 0.008064034374771066, 'lr': 1.6666666666666667e-06}
2026-03-29 06:37:07,620 - INFO - --- 指标未提升 (已持续 1 轮) ---
2026-03-29 06:37:18,240 - INFO - Epoch 8 优化后结果: {'rel_f1': 0.6051282051282051, 'hate_f1': 0.34615384615384615, 'combined_f1': 0.4756410256410256, 'hate_recall': 0.391304347826087, 'best_rel_th': 0.51, 'best_hate_th': 0.62, 'total_loss': 0.006707252036223279, 'lr': 1.111111111111111e-06}
2026-03-29 06:37:18,241 - INFO - --- 指标未提升 (已持续 2 轮) ---
2026-03-29 06:37:28,875 - INFO - Epoch 9 优化后结果: {'rel_f1': 0.6060606060606061, 'hate_f1': 0.34615384615384615, 'combined_f1': 0.4761072261072261, 'hate_recall': 0.391304347826087, 'best_rel_th': 0.45, 'best_hate_th': 0.59, 'total_loss': 0.005545029237071033, 'lr': 5.555555555555555e-07}
2026-03-29 06:37:28,875 - INFO - --- 指标未提升 (已持续 3 轮) ---
2026-03-29 06:37:39,286 - INFO - Epoch 10 优化后结果: {'rel_f1': 0.6030150753768844, 'hate_f1': 0.33962264150943394, 'combined_f1': 0.4713188584431591, 'hate_recall': 0.391304347826087, 'best_rel_th': 0.47000000000000003, 'best_hate_th': 0.62, 'total_loss': 0.005014522685799617, 'lr': 0.0}
2026-03-29 06:37:39,286 - INFO - --- 指标未提升 (已持续 4 轮) ---
2026-03-29 06:37:39,290 - INFO - 训练正常结束。
