2026-03-05 15:21:46,367 - INFO - 开始训练流程...
2026-03-05 15:21:46,367 - INFO - 日志将保存至: /root/autodl-tmp/Master_Thesis/model_train/classifier/logs/20260305_152146_train.log
2026-03-05 15:21:46,389 - INFO - 训练集大小: 3175, 验证集大小: 353
2026-03-05 15:21:46,547 - INFO - 自动设置仇恨分类权重 (pos_weight): 2.32
2026-03-05 15:21:48,270 - INFO - 本次微调的基座模型是thu-coai/roberta-base-cold
2026-03-05 15:21:49,174 - INFO - 我们使用该设备cuda
2026-03-05 15:21:58,307 - INFO - Epoch 1 结果: {'rel_acc': 0.8725212464589235, 'rel_f1': 0.0, 'hate_acc': 0.9320113314447592, 'hate_f1': 0.8947368421052632, 'combined_f1': 0.4473684210526316, 'hate_recall': 0.9622641509433962, 'total_loss': 0.7257383697895549}
2026-03-05 15:21:58,722 - INFO - >>> 检测到更好的 combined_f1: 0.4474, 模型已保存。
2026-03-05 15:21:58,727 - INFO - !!! 已导出错误样本至: model_train/classifier/Chinese/error_analysis_epoch_1.csv
2026-03-05 15:22:07,507 - INFO - Epoch 2 结果: {'rel_acc': 0.8753541076487252, 'rel_f1': 0.2413793103448276, 'hate_acc': 0.9603399433427762, 'hate_f1': 0.9369369369369369, 'combined_f1': 0.5891581236408823, 'hate_recall': 0.9811320754716981, 'total_loss': 0.35354141559657737}
2026-03-05 15:22:08,545 - INFO - >>> 检测到更好的 combined_f1: 0.5892, 模型已保存。
2026-03-05 15:22:08,549 - INFO - !!! 已导出错误样本至: model_train/classifier/Chinese/error_analysis_epoch_2.csv
2026-03-05 15:22:17,400 - INFO - Epoch 3 结果: {'rel_acc': 0.8668555240793201, 'rel_f1': 0.45977011494252873, 'hate_acc': 0.9575070821529745, 'hate_f1': 0.9282296650717703, 'combined_f1': 0.6939998900071496, 'hate_recall': 0.9150943396226415, 'total_loss': 0.20947364336768887}
2026-03-05 15:22:18,368 - INFO - >>> 检测到更好的 combined_f1: 0.6940, 模型已保存。
2026-03-05 15:22:18,377 - INFO - !!! 已导出错误样本至: model_train/classifier/Chinese/error_analysis_epoch_3.csv
2026-03-05 15:22:27,287 - INFO - Epoch 4 结果: {'rel_acc': 0.9036827195467422, 'rel_f1': 0.5, 'hate_acc': 0.9603399433427762, 'hate_f1': 0.9369369369369369, 'combined_f1': 0.7184684684684685, 'hate_recall': 0.9811320754716981, 'total_loss': 0.14684105209126394}
2026-03-05 15:22:28,088 - INFO - >>> 检测到更好的 combined_f1: 0.7185, 模型已保存。
2026-03-05 15:22:28,090 - INFO - !!! 已导出错误样本至: model_train/classifier/Chinese/error_analysis_epoch_4.csv
2026-03-05 15:22:36,824 - INFO - Epoch 5 结果: {'rel_acc': 0.886685552407932, 'rel_f1': 0.5454545454545454, 'hate_acc': 0.9631728045325779, 'hate_f1': 0.9389671361502347, 'combined_f1': 0.7422108408023901, 'hate_recall': 0.9433962264150944, 'total_loss': 0.08028716072861349}
2026-03-05 15:22:37,673 - INFO - >>> 检测到更好的 combined_f1: 0.7422, 模型已保存。
2026-03-05 15:22:37,677 - INFO - !!! 已导出错误样本至: model_train/classifier/Chinese/error_analysis_epoch_5.csv
2026-03-05 15:22:46,477 - INFO - Epoch 6 结果: {'rel_acc': 0.8725212464589235, 'rel_f1': 0.4444444444444444, 'hate_acc': 0.9603399433427762, 'hate_f1': 0.9369369369369369, 'combined_f1': 0.6906906906906907, 'hate_recall': 0.9811320754716981, 'total_loss': 0.043203079759438136}
2026-03-05 15:22:55,292 - INFO - Epoch 7 结果: {'rel_acc': 0.8696883852691218, 'rel_f1': 0.3783783783783784, 'hate_acc': 0.9631728045325779, 'hate_f1': 0.9389671361502347, 'combined_f1': 0.6586727572643065, 'hate_recall': 0.9433962264150944, 'total_loss': 0.036424719959020094}
2026-03-05 15:23:04,157 - INFO - Epoch 8 结果: {'rel_acc': 0.8611898016997167, 'rel_f1': 0.4235294117647059, 'hate_acc': 0.9631728045325779, 'hate_f1': 0.9406392694063926, 'combined_f1': 0.6820843405855492, 'hate_recall': 0.9716981132075472, 'total_loss': 0.04206170634034291}
2026-03-05 15:23:12,981 - INFO - Epoch 9 结果: {'rel_acc': 0.8413597733711048, 'rel_f1': 0.391304347826087, 'hate_acc': 0.9688385269121813, 'hate_f1': 0.9488372093023256, 'combined_f1': 0.6700707785642063, 'hate_recall': 0.9622641509433962, 'total_loss': 0.022181115254769148}
2026-03-05 15:23:21,826 - INFO - Epoch 10 结果: {'rel_acc': 0.8753541076487252, 'rel_f1': 0.3125, 'hate_acc': 0.9660056657223796, 'hate_f1': 0.9433962264150944, 'combined_f1': 0.6279481132075472, 'hate_recall': 0.9433962264150944, 'total_loss': 0.017355520216790238}
2026-03-05 15:23:30,639 - INFO - Epoch 11 结果: {'rel_acc': 0.8725212464589235, 'rel_f1': 0.3283582089552239, 'hate_acc': 0.9603399433427762, 'hate_f1': 0.9345794392523364, 'combined_f1': 0.6314688241037801, 'hate_recall': 0.9433962264150944, 'total_loss': 0.012160923829227312}
2026-03-05 15:23:39,461 - INFO - Epoch 12 结果: {'rel_acc': 0.8838526912181303, 'rel_f1': 0.4225352112676056, 'hate_acc': 0.9631728045325779, 'hate_f1': 0.9383886255924171, 'combined_f1': 0.6804619184300114, 'hate_recall': 0.9339622641509434, 'total_loss': 0.01176593606079456}
2026-03-05 15:23:48,303 - INFO - Epoch 13 结果: {'rel_acc': 0.8725212464589235, 'rel_f1': 0.47058823529411764, 'hate_acc': 0.9490084985835694, 'hate_f1': 0.918918918918919, 'combined_f1': 0.6947535771065183, 'hate_recall': 0.9622641509433962, 'total_loss': 0.06302375871870648}
2026-03-05 15:23:57,169 - INFO - Epoch 14 结果: {'rel_acc': 0.8441926345609065, 'rel_f1': 0.40860215053763443, 'hate_acc': 0.9575070821529745, 'hate_f1': 0.926829268292683, 'combined_f1': 0.6677157094151587, 'hate_recall': 0.8962264150943396, 'total_loss': 0.049457964407228605}
2026-03-05 15:24:06,051 - INFO - Epoch 15 结果: {'rel_acc': 0.8470254957507082, 'rel_f1': 0.47058823529411764, 'hate_acc': 0.9688385269121813, 'hate_f1': 0.9483568075117371, 'combined_f1': 0.7094725214029274, 'hate_recall': 0.9528301886792453, 'total_loss': 0.022850697667071193}
2026-03-05 15:24:14,837 - INFO - Epoch 16 结果: {'rel_acc': 0.8696883852691218, 'rel_f1': 0.43902439024390244, 'hate_acc': 0.9631728045325779, 'hate_f1': 0.9395348837209302, 'combined_f1': 0.6892796369824163, 'hate_recall': 0.9528301886792453, 'total_loss': 0.01029955736366124}
2026-03-05 15:24:23,664 - INFO - Epoch 17 结果: {'rel_acc': 0.8696883852691218, 'rel_f1': 0.425, 'hate_acc': 0.9660056657223796, 'hate_f1': 0.9439252336448598, 'combined_f1': 0.6844626168224299, 'hate_recall': 0.9528301886792453, 'total_loss': 0.0032432428485100816}
2026-03-05 15:24:32,492 - INFO - Epoch 18 结果: {'rel_acc': 0.8781869688385269, 'rel_f1': 0.4266666666666667, 'hate_acc': 0.9631728045325779, 'hate_f1': 0.9395348837209302, 'combined_f1': 0.6831007751937984, 'hate_recall': 0.9528301886792453, 'total_loss': 0.0032318934763725564}
2026-03-05 15:24:41,227 - INFO - Epoch 19 结果: {'rel_acc': 0.8753541076487252, 'rel_f1': 0.45, 'hate_acc': 0.9688385269121813, 'hate_f1': 0.9488372093023256, 'combined_f1': 0.6994186046511628, 'hate_recall': 0.9622641509433962, 'total_loss': 0.004630144533698901}
2026-03-05 15:24:50,024 - INFO - Epoch 20 结果: {'rel_acc': 0.8810198300283286, 'rel_f1': 0.3225806451612903, 'hate_acc': 0.9490084985835694, 'hate_f1': 0.9150943396226415, 'combined_f1': 0.618837492391966, 'hate_recall': 0.9150943396226415, 'total_loss': 0.029941563710954095}
2026-03-05 15:24:50,029 - INFO - 训练正常结束。
