2026-03-29 06:24:38,490 - INFO - 开始训练流程...
2026-03-29 06:24:38,490 - INFO - 日志将保存至: /root/autodl-tmp/Master_Thesis/model_train/classifier/logs/20260329_062438_train.log
2026-03-29 06:24:38,513 - INFO - 训练集大小: 3400, 验证集大小: 600
2026-03-29 06:24:50,351 - INFO - Epoch 1 优化后结果: {'rel_f1': 0.5537190082644629, 'hate_f1': 0.358974358974359, 'combined_f1': 0.4563466836194109, 'hate_recall': 0.30434782608695654, 'best_rel_th': 0.5700000000000001, 'best_hate_th': 0.81, 'total_loss': 0.08671139668749303, 'lr': 5e-06}
2026-03-29 06:24:50,937 - INFO - >>> 指标提升，模型已保存。
2026-03-29 06:24:50,940 - INFO - !!! 已导出错误样本至: model_train/classifier/Chinese/error_analysis_epoch_1.csv
2026-03-29 06:24:59,952 - INFO - Epoch 2 优化后结果: {'rel_f1': 0.5971563981042654, 'hate_f1': 0.391304347826087, 'combined_f1': 0.49423037296517613, 'hate_recall': 0.391304347826087, 'best_rel_th': 0.56, 'best_hate_th': 0.8, 'total_loss': 0.04591689337881244, 'lr': 4.444444444444444e-06}
2026-03-29 06:25:00,564 - INFO - >>> 指标提升，模型已保存。
2026-03-29 06:25:00,566 - INFO - !!! 已导出错误样本至: model_train/classifier/Chinese/error_analysis_epoch_2.csv
2026-03-29 06:25:09,652 - INFO - Epoch 3 优化后结果: {'rel_f1': 0.593607305936073, 'hate_f1': 0.3783783783783784, 'combined_f1': 0.4859928421572257, 'hate_recall': 0.30434782608695654, 'best_rel_th': 0.48000000000000004, 'best_hate_th': 0.79, 'total_loss': 0.030800987780094147, 'lr': 3.88888888888889e-06}
2026-03-29 06:25:09,652 - INFO - --- 指标未提升 (已持续 1 轮) ---
2026-03-29 06:25:19,059 - INFO - Epoch 4 优化后结果: {'rel_f1': 0.5915492957746479, 'hate_f1': 0.3783783783783784, 'combined_f1': 0.48496383707651314, 'hate_recall': 0.30434782608695654, 'best_rel_th': 0.5, 'best_hate_th': 0.8200000000000001, 'total_loss': 0.023592353918190513, 'lr': 3.3333333333333333e-06}
2026-03-29 06:25:19,060 - INFO - --- 指标未提升 (已持续 2 轮) ---
2026-03-29 06:25:28,097 - INFO - Epoch 5 优化后结果: {'rel_f1': 0.6106194690265486, 'hate_f1': 0.3870967741935484, 'combined_f1': 0.4988581216100485, 'hate_recall': 0.5217391304347826, 'best_rel_th': 0.45, 'best_hate_th': 0.53, 'total_loss': 0.01779323348547427, 'lr': 2.7777777777777783e-06}
2026-03-29 06:25:28,723 - INFO - >>> 指标提升，模型已保存。
2026-03-29 06:25:28,727 - INFO - !!! 已导出错误样本至: model_train/classifier/Chinese/error_analysis_epoch_5.csv
2026-03-29 06:25:37,531 - INFO - Epoch 6 优化后结果: {'rel_f1': 0.6040816326530613, 'hate_f1': 0.39344262295081966, 'combined_f1': 0.49876212780194046, 'hate_recall': 0.5217391304347826, 'best_rel_th': 0.44, 'best_hate_th': 0.55, 'total_loss': 0.014070702938134876, 'lr': 2.222222222222222e-06}
2026-03-29 06:25:37,531 - INFO - --- 指标未提升 (已持续 1 轮) ---
2026-03-29 06:25:46,564 - INFO - Epoch 7 优化后结果: {'rel_f1': 0.6132075471698113, 'hate_f1': 0.4067796610169492, 'combined_f1': 0.5099936040933802, 'hate_recall': 0.5217391304347826, 'best_rel_th': 0.51, 'best_hate_th': 0.51, 'total_loss': 0.011148870636575988, 'lr': 1.6666666666666667e-06}
2026-03-29 06:25:47,270 - INFO - >>> 指标提升，模型已保存。
2026-03-29 06:25:47,282 - INFO - !!! 已导出错误样本至: model_train/classifier/Chinese/error_analysis_epoch_7.csv
2026-03-29 06:25:56,514 - INFO - Epoch 8 优化后结果: {'rel_f1': 0.6057692307692307, 'hate_f1': 0.42105263157894735, 'combined_f1': 0.5134109311740891, 'hate_recall': 0.5217391304347826, 'best_rel_th': 0.48000000000000004, 'best_hate_th': 0.48000000000000004, 'total_loss': 0.008514460750703452, 'lr': 1.111111111111111e-06}
2026-03-29 06:25:57,232 - INFO - >>> 指标提升，模型已保存。
2026-03-29 06:25:57,249 - INFO - !!! 已导出错误样本至: model_train/classifier/Chinese/error_analysis_epoch_8.csv
2026-03-29 06:26:06,480 - INFO - Epoch 9 优化后结果: {'rel_f1': 0.5990338164251208, 'hate_f1': 0.4, 'combined_f1': 0.4995169082125604, 'hate_recall': 0.5217391304347826, 'best_rel_th': 0.46, 'best_hate_th': 0.48000000000000004, 'total_loss': 0.008027727081801514, 'lr': 5.555555555555555e-07}
2026-03-29 06:26:06,480 - INFO - --- 指标未提升 (已持续 1 轮) ---
2026-03-29 06:26:15,589 - INFO - Epoch 10 优化后结果: {'rel_f1': 0.5990338164251208, 'hate_f1': 0.4, 'combined_f1': 0.4995169082125604, 'hate_recall': 0.5217391304347826, 'best_rel_th': 0.45, 'best_hate_th': 0.45, 'total_loss': 0.00661288903270639, 'lr': 0.0}
2026-03-29 06:26:15,589 - INFO - --- 指标未提升 (已持续 2 轮) ---
2026-03-29 06:26:15,593 - INFO - 训练正常结束。
