2026-03-29 06:49:33,739 - INFO - 开始训练流程...
2026-03-29 06:49:33,739 - INFO - 日志将保存至: /root/autodl-tmp/Master_Thesis/model_train/classifier/logs/20260329_064933_train.log
2026-03-29 06:49:33,762 - INFO - 训练集大小: 3400, 验证集大小: 600
2026-03-29 06:49:56,998 - INFO - Epoch 1 优化后结果: {'rel_f1': 0.5555555555555556, 'hate_f1': 0.4, 'combined_f1': 0.4777777777777778, 'hate_recall': 0.30434782608695654, 'best_rel_th': 0.52, 'best_hate_th': 0.88, 'total_loss': 0.08053903995757032, 'lr': 5e-06}
2026-03-29 06:49:57,285 - INFO - >>> 指标提升，模型已保存。
2026-03-29 06:49:57,288 - INFO - !!! 已导出错误样本至: model_train/classifier/Chinese/error_analysis_epoch_1.csv
2026-03-29 06:50:17,412 - INFO - Epoch 2 优化后结果: {'rel_f1': 0.5992217898832685, 'hate_f1': 0.36065573770491804, 'combined_f1': 0.4799387637940933, 'hate_recall': 0.4782608695652174, 'best_rel_th': 0.46, 'best_hate_th': 0.65, 'total_loss': 0.027109689494324178, 'lr': 4.444444444444444e-06}
2026-03-29 06:50:18,211 - INFO - >>> 指标提升，模型已保存。
2026-03-29 06:50:18,223 - INFO - !!! 已导出错误样本至: model_train/classifier/Chinese/error_analysis_epoch_2.csv
2026-03-29 06:50:38,189 - INFO - Epoch 3 优化后结果: {'rel_f1': 0.6046511627906976, 'hate_f1': 0.34210526315789475, 'combined_f1': 0.47337821297429616, 'hate_recall': 0.5652173913043478, 'best_rel_th': 0.72, 'best_hate_th': 0.38, 'total_loss': 0.013326739637921654, 'lr': 3.88888888888889e-06}
2026-03-29 06:50:38,189 - INFO - --- 指标未提升 (已持续 1 轮) ---
2026-03-29 06:50:58,075 - INFO - Epoch 4 优化后结果: {'rel_f1': 0.6063829787234043, 'hate_f1': 0.3404255319148936, 'combined_f1': 0.473404255319149, 'hate_recall': 0.34782608695652173, 'best_rel_th': 0.5700000000000001, 'best_hate_th': 0.65, 'total_loss': 0.007184147482225192, 'lr': 3.3333333333333333e-06}
2026-03-29 06:50:58,075 - INFO - --- 指标未提升 (已持续 2 轮) ---
2026-03-29 06:51:18,114 - INFO - Epoch 5 优化后结果: {'rel_f1': 0.5798816568047337, 'hate_f1': 0.32653061224489793, 'combined_f1': 0.45320613452481584, 'hate_recall': 0.34782608695652173, 'best_rel_th': 0.66, 'best_hate_th': 0.47000000000000003, 'total_loss': 0.003826286299390663, 'lr': 2.7777777777777783e-06}
2026-03-29 06:51:18,114 - INFO - --- 指标未提升 (已持续 3 轮) ---
2026-03-29 06:51:38,589 - INFO - Epoch 6 优化后结果: {'rel_f1': 0.5943396226415094, 'hate_f1': 0.375, 'combined_f1': 0.4846698113207547, 'hate_recall': 0.391304347826087, 'best_rel_th': 0.28, 'best_hate_th': 0.5, 'total_loss': 0.0023887363289004384, 'lr': 2.222222222222222e-06}
2026-03-29 06:51:39,242 - INFO - >>> 指标提升，模型已保存。
2026-03-29 06:51:39,244 - INFO - !!! 已导出错误样本至: model_train/classifier/Chinese/error_analysis_epoch_6.csv
2026-03-29 06:51:59,748 - INFO - Epoch 7 优化后结果: {'rel_f1': 0.5895953757225434, 'hate_f1': 0.3829787234042553, 'combined_f1': 0.48628704956339935, 'hate_recall': 0.391304347826087, 'best_rel_th': 0.56, 'best_hate_th': 0.55, 'total_loss': 0.001419322570537045, 'lr': 1.6666666666666667e-06}
2026-03-29 06:52:00,428 - INFO - >>> 指标提升，模型已保存。
2026-03-29 06:52:00,430 - INFO - !!! 已导出错误样本至: model_train/classifier/Chinese/error_analysis_epoch_7.csv
2026-03-29 06:52:20,789 - INFO - Epoch 8 优化后结果: {'rel_f1': 0.5862068965517241, 'hate_f1': 0.3673469387755102, 'combined_f1': 0.4767769176636172, 'hate_recall': 0.391304347826087, 'best_rel_th': 0.55, 'best_hate_th': 0.38, 'total_loss': 0.000861389902450669, 'lr': 1.111111111111111e-06}
2026-03-29 06:52:20,790 - INFO - --- 指标未提升 (已持续 1 轮) ---
2026-03-29 06:52:40,989 - INFO - Epoch 9 优化后结果: {'rel_f1': 0.582010582010582, 'hate_f1': 0.3673469387755102, 'combined_f1': 0.47467876039304613, 'hate_recall': 0.391304347826087, 'best_rel_th': 0.41000000000000003, 'best_hate_th': 0.44, 'total_loss': 0.0006363415403383252, 'lr': 5.555555555555555e-07}
2026-03-29 06:52:40,989 - INFO - --- 指标未提升 (已持续 2 轮) ---
2026-03-29 06:53:01,478 - INFO - Epoch 10 优化后结果: {'rel_f1': 0.5777777777777777, 'hate_f1': 0.3673469387755102, 'combined_f1': 0.47256235827664395, 'hate_recall': 0.391304347826087, 'best_rel_th': 0.49, 'best_hate_th': 0.45, 'total_loss': 0.0006063151089287181, 'lr': 0.0}
2026-03-29 06:53:01,478 - INFO - --- 指标未提升 (已持续 3 轮) ---
2026-03-29 06:53:01,482 - INFO - 训练正常结束。
