2026-03-29 06:33:11,778 - INFO - 开始训练流程...
2026-03-29 06:33:11,779 - INFO - 日志将保存至: /root/autodl-tmp/Master_Thesis/model_train/classifier/logs/20260329_063311_train.log
2026-03-29 06:33:11,802 - INFO - 训练集大小: 3400, 验证集大小: 600
2026-03-29 06:33:26,171 - INFO - Epoch 1 优化后结果: {'rel_f1': 0.5346534653465347, 'hate_f1': 0.358974358974359, 'combined_f1': 0.44681391216044686, 'hate_recall': 0.30434782608695654, 'best_rel_th': 0.6, 'best_hate_th': 0.88, 'total_loss': 0.12659173585657327, 'lr': 5e-06}
2026-03-29 06:33:26,795 - INFO - >>> 指标提升，模型已保存。
2026-03-29 06:33:26,799 - INFO - !!! 已导出错误样本至: model_train/classifier/Chinese/error_analysis_epoch_1.csv
2026-03-29 06:33:38,594 - INFO - Epoch 2 优化后结果: {'rel_f1': 0.5529411764705883, 'hate_f1': 0.3684210526315789, 'combined_f1': 0.4606811145510836, 'hate_recall': 0.30434782608695654, 'best_rel_th': 0.67, 'best_hate_th': 0.89, 'total_loss': 0.04384277167907156, 'lr': 4.444444444444444e-06}
2026-03-29 06:33:39,333 - INFO - >>> 指标提升，模型已保存。
2026-03-29 06:33:39,352 - INFO - !!! 已导出错误样本至: model_train/classifier/Chinese/error_analysis_epoch_2.csv
2026-03-29 06:33:51,293 - INFO - Epoch 3 优化后结果: {'rel_f1': 0.5714285714285714, 'hate_f1': 0.3783783783783784, 'combined_f1': 0.4749034749034749, 'hate_recall': 0.30434782608695654, 'best_rel_th': 0.56, 'best_hate_th': 0.89, 'total_loss': 0.027609088453835598, 'lr': 3.88888888888889e-06}
2026-03-29 06:33:51,953 - INFO - >>> 指标提升，模型已保存。
2026-03-29 06:33:51,955 - INFO - !!! 已导出错误样本至: model_train/classifier/Chinese/error_analysis_epoch_3.csv
2026-03-29 06:34:03,858 - INFO - Epoch 4 优化后结果: {'rel_f1': 0.5730337078651685, 'hate_f1': 0.3783783783783784, 'combined_f1': 0.47570604312177345, 'hate_recall': 0.30434782608695654, 'best_rel_th': 0.62, 'best_hate_th': 0.91, 'total_loss': 0.019777871626914918, 'lr': 3.3333333333333333e-06}
2026-03-29 06:34:04,431 - INFO - >>> 指标提升，模型已保存。
2026-03-29 06:34:04,434 - INFO - !!! 已导出错误样本至: model_train/classifier/Chinese/error_analysis_epoch_4.csv
2026-03-29 06:34:16,327 - INFO - Epoch 5 优化后结果: {'rel_f1': 0.5833333333333334, 'hate_f1': 0.3728813559322034, 'combined_f1': 0.4781073446327684, 'hate_recall': 0.4782608695652174, 'best_rel_th': 0.5700000000000001, 'best_hate_th': 0.66, 'total_loss': 0.01475499625934825, 'lr': 2.7777777777777783e-06}
2026-03-29 06:34:17,009 - INFO - >>> 指标提升，模型已保存。
2026-03-29 06:34:17,021 - INFO - !!! 已导出错误样本至: model_train/classifier/Chinese/error_analysis_epoch_5.csv
2026-03-29 06:34:28,815 - INFO - Epoch 6 优化后结果: {'rel_f1': 0.5765765765765766, 'hate_f1': 0.3793103448275862, 'combined_f1': 0.4779434607020814, 'hate_recall': 0.4782608695652174, 'best_rel_th': 0.51, 'best_hate_th': 0.5800000000000001, 'total_loss': 0.011089348623477654, 'lr': 2.222222222222222e-06}
2026-03-29 06:34:28,815 - INFO - --- 指标未提升 (已持续 1 轮) ---
2026-03-29 06:34:40,559 - INFO - Epoch 7 优化后结果: {'rel_f1': 0.5833333333333334, 'hate_f1': 0.36666666666666664, 'combined_f1': 0.475, 'hate_recall': 0.4782608695652174, 'best_rel_th': 0.5, 'best_hate_th': 0.5, 'total_loss': 0.008547145130178475, 'lr': 1.6666666666666667e-06}
2026-03-29 06:34:40,559 - INFO - --- 指标未提升 (已持续 2 轮) ---
2026-03-29 06:34:52,450 - INFO - Epoch 8 优化后结果: {'rel_f1': 0.5833333333333334, 'hate_f1': 0.3793103448275862, 'combined_f1': 0.4813218390804598, 'hate_recall': 0.4782608695652174, 'best_rel_th': 0.46, 'best_hate_th': 0.5700000000000001, 'total_loss': 0.0074243319823093816, 'lr': 1.111111111111111e-06}
2026-03-29 06:34:53,082 - INFO - >>> 指标提升，模型已保存。
2026-03-29 06:34:53,084 - INFO - !!! 已导出错误样本至: model_train/classifier/Chinese/error_analysis_epoch_8.csv
2026-03-29 06:35:04,764 - INFO - Epoch 9 优化后结果: {'rel_f1': 0.5847457627118644, 'hate_f1': 0.3793103448275862, 'combined_f1': 0.4820280537697253, 'hate_recall': 0.4782608695652174, 'best_rel_th': 0.34, 'best_hate_th': 0.54, 'total_loss': 0.006099505747716297, 'lr': 5.555555555555555e-07}
2026-03-29 06:35:05,426 - INFO - >>> 指标提升，模型已保存。
2026-03-29 06:35:05,428 - INFO - !!! 已导出错误样本至: model_train/classifier/Chinese/error_analysis_epoch_9.csv
2026-03-29 06:35:17,019 - INFO - Epoch 10 优化后结果: {'rel_f1': 0.5892857142857143, 'hate_f1': 0.3793103448275862, 'combined_f1': 0.48429802955665024, 'hate_recall': 0.4782608695652174, 'best_rel_th': 0.37, 'best_hate_th': 0.52, 'total_loss': 0.005700359543416924, 'lr': 0.0}
2026-03-29 06:35:17,619 - INFO - >>> 指标提升，模型已保存。
2026-03-29 06:35:17,623 - INFO - !!! 已导出错误样本至: model_train/classifier/Chinese/error_analysis_epoch_10.csv
2026-03-29 06:35:17,628 - INFO - 训练正常结束。
