2026-03-27 21:21:32,593 - INFO - 开始训练流程...
2026-03-27 21:21:32,593 - INFO - 日志将保存至: /root/autodl-tmp/Master_Thesis/model_train/classifier/logs/20260327_212132_train.log
2026-03-27 21:21:32,620 - INFO - 训练集大小: 4655, 验证集大小: 600
2026-03-27 21:21:51,011 - INFO - Epoch 1 结果: {'rel_f1': 0.5426356589147286, 'hate_f1': 0.17563739376770537, 'combined_f1': 0.359136526341217, 'hate_recall': 0.96875, 'total_loss': 0.06263787775937327, 'lr': 5e-06}
2026-03-27 21:21:51,326 - INFO - >>> 指标提升，模型已保存。
2026-03-27 21:21:51,479 - INFO - !!! 已导出错误样本至: model_train/classifier/Chinese/error_analysis_epoch_1.csv
2026-03-27 21:22:02,514 - INFO - Epoch 2 结果: {'rel_f1': 0.5142857142857142, 'hate_f1': 0.3236994219653179, 'combined_f1': 0.4189925681255161, 'hate_recall': 0.875, 'total_loss': 0.03098508679624839, 'lr': 4.444444444444444e-06}
2026-03-27 21:22:03,240 - INFO - >>> 指标提升，模型已保存。
2026-03-27 21:22:03,249 - INFO - !!! 已导出错误样本至: model_train/classifier/Chinese/error_analysis_epoch_2.csv
2026-03-27 21:22:14,407 - INFO - Epoch 3 结果: {'rel_f1': 0.5866666666666667, 'hate_f1': 0.3170731707317073, 'combined_f1': 0.451869918699187, 'hate_recall': 0.8125, 'total_loss': 0.01990414397387775, 'lr': 3.88888888888889e-06}
2026-03-27 21:22:15,074 - INFO - >>> 指标提升，模型已保存。
2026-03-27 21:22:15,108 - INFO - !!! 已导出错误样本至: model_train/classifier/Chinese/error_analysis_epoch_3.csv
2026-03-27 21:22:26,276 - INFO - Epoch 4 结果: {'rel_f1': 0.6026200873362445, 'hate_f1': 0.3188405797101449, 'combined_f1': 0.4607303335231947, 'hate_recall': 0.6875, 'total_loss': 0.012993423821071732, 'lr': 3.3333333333333333e-06}
2026-03-27 21:22:27,010 - INFO - >>> 指标提升，模型已保存。
2026-03-27 21:22:27,013 - INFO - !!! 已导出错误样本至: model_train/classifier/Chinese/error_analysis_epoch_4.csv
2026-03-27 21:22:38,270 - INFO - Epoch 5 结果: {'rel_f1': 0.5728643216080402, 'hate_f1': 0.3247863247863248, 'combined_f1': 0.4488253231971825, 'hate_recall': 0.59375, 'total_loss': 0.009827928424571222, 'lr': 2.7777777777777783e-06}
2026-03-27 21:22:38,270 - INFO - --- 指标未提升 (已持续 1 轮) ---
2026-03-27 21:22:49,299 - INFO - Epoch 6 结果: {'rel_f1': 0.5955555555555555, 'hate_f1': 0.35514018691588783, 'combined_f1': 0.47534787123572164, 'hate_recall': 0.59375, 'total_loss': 0.006917227745693037, 'lr': 2.222222222222222e-06}
2026-03-27 21:22:49,997 - INFO - >>> 指标提升，模型已保存。
2026-03-27 21:22:50,000 - INFO - !!! 已导出错误样本至: model_train/classifier/Chinese/error_analysis_epoch_6.csv
2026-03-27 21:23:01,260 - INFO - Epoch 7 结果: {'rel_f1': 0.6078431372549019, 'hate_f1': 0.3711340206185567, 'combined_f1': 0.4894885789367293, 'hate_recall': 0.5625, 'total_loss': 0.005514454950468096, 'lr': 1.6666666666666667e-06}
2026-03-27 21:23:01,997 - INFO - >>> 指标提升，模型已保存。
2026-03-27 21:23:02,000 - INFO - !!! 已导出错误样本至: model_train/classifier/Chinese/error_analysis_epoch_7.csv
2026-03-27 21:23:13,008 - INFO - Epoch 8 结果: {'rel_f1': 0.5853658536585366, 'hate_f1': 0.375, 'combined_f1': 0.4801829268292683, 'hate_recall': 0.5625, 'total_loss': 0.004229019651090633, 'lr': 1.111111111111111e-06}
2026-03-27 21:23:13,008 - INFO - --- 指标未提升 (已持续 1 轮) ---
2026-03-27 21:23:23,810 - INFO - Epoch 9 结果: {'rel_f1': 0.5911330049261084, 'hate_f1': 0.37894736842105264, 'combined_f1': 0.4850401866735805, 'hate_recall': 0.5625, 'total_loss': 0.0035746938869424317, 'lr': 5.555555555555555e-07}
2026-03-27 21:23:23,810 - INFO - --- 指标未提升 (已持续 2 轮) ---
2026-03-27 21:23:34,538 - INFO - Epoch 10 结果: {'rel_f1': 0.5911330049261084, 'hate_f1': 0.37894736842105264, 'combined_f1': 0.4850401866735805, 'hate_recall': 0.5625, 'total_loss': 0.003354712117273725, 'lr': 0.0}
2026-03-27 21:23:34,538 - INFO - --- 指标未提升 (已持续 3 轮) ---
2026-03-27 21:23:34,538 - INFO - 早停触发！连续 3 轮没有进步，停止训练以防过拟合。
2026-03-27 21:23:34,542 - INFO - 训练正常结束。
