2026-03-29 06:37:54,457 - INFO - 开始训练流程...
2026-03-29 06:37:54,457 - INFO - 日志将保存至: /root/autodl-tmp/Master_Thesis/model_train/classifier/logs/20260329_063754_train.log
2026-03-29 06:37:54,482 - INFO - 训练集大小: 3400, 验证集大小: 600
2026-03-29 06:38:05,967 - INFO - Epoch 1 优化后结果: {'rel_f1': 0.5543478260869565, 'hate_f1': 0.38095238095238093, 'combined_f1': 0.46765010351966874, 'hate_recall': 0.34782608695652173, 'best_rel_th': 0.64, 'best_hate_th': 0.8, 'total_loss': 0.08608560359143481, 'lr': 8e-06}
2026-03-29 06:38:06,761 - INFO - >>> 指标提升，模型已保存。
2026-03-29 06:38:06,775 - INFO - !!! 已导出错误样本至: model_train/classifier/Chinese/error_analysis_epoch_1.csv
2026-03-29 06:38:16,120 - INFO - Epoch 2 优化后结果: {'rel_f1': 0.5714285714285714, 'hate_f1': 0.358974358974359, 'combined_f1': 0.4652014652014652, 'hate_recall': 0.30434782608695654, 'best_rel_th': 0.48000000000000004, 'best_hate_th': 0.8400000000000001, 'total_loss': 0.04161142166323808, 'lr': 7.11111111111111e-06}
2026-03-29 06:38:16,120 - INFO - --- 指标未提升 (已持续 1 轮) ---
2026-03-29 06:38:25,041 - INFO - Epoch 3 优化后结果: {'rel_f1': 0.58, 'hate_f1': 0.35, 'combined_f1': 0.46499999999999997, 'hate_recall': 0.30434782608695654, 'best_rel_th': 0.59, 'best_hate_th': 0.81, 'total_loss': 0.025919707151776064, 'lr': 6.222222222222222e-06}
2026-03-29 06:38:25,041 - INFO - --- 指标未提升 (已持续 2 轮) ---
2026-03-29 06:38:34,032 - INFO - Epoch 4 优化后结果: {'rel_f1': 0.5846153846153846, 'hate_f1': 0.36, 'combined_f1': 0.4723076923076923, 'hate_recall': 0.391304347826087, 'best_rel_th': 0.52, 'best_hate_th': 0.63, 'total_loss': 0.01742761476269486, 'lr': 5.333333333333333e-06}
2026-03-29 06:38:34,675 - INFO - >>> 指标提升，模型已保存。
2026-03-29 06:38:34,680 - INFO - !!! 已导出错误样本至: model_train/classifier/Chinese/error_analysis_epoch_4.csv
2026-03-29 06:38:44,016 - INFO - Epoch 5 优化后结果: {'rel_f1': 0.6265060240963856, 'hate_f1': 0.37735849056603776, 'combined_f1': 0.5019322573312117, 'hate_recall': 0.43478260869565216, 'best_rel_th': 0.63, 'best_hate_th': 0.62, 'total_loss': 0.011803097170967685, 'lr': 4.444444444444444e-06}
2026-03-29 06:38:44,765 - INFO - >>> 指标提升，模型已保存。
2026-03-29 06:38:44,778 - INFO - !!! 已导出错误样本至: model_train/classifier/Chinese/error_analysis_epoch_5.csv
2026-03-29 06:38:54,031 - INFO - Epoch 6 优化后结果: {'rel_f1': 0.5903614457831325, 'hate_f1': 0.4, 'combined_f1': 0.4951807228915663, 'hate_recall': 0.43478260869565216, 'best_rel_th': 0.6, 'best_hate_th': 0.54, 'total_loss': 0.008182656771874018, 'lr': 3.555555555555555e-06}
2026-03-29 06:38:54,031 - INFO - --- 指标未提升 (已持续 1 轮) ---
2026-03-29 06:39:03,307 - INFO - Epoch 7 优化后结果: {'rel_f1': 0.6035502958579881, 'hate_f1': 0.3673469387755102, 'combined_f1': 0.48544861731674915, 'hate_recall': 0.391304347826087, 'best_rel_th': 0.55, 'best_hate_th': 0.53, 'total_loss': 0.005667877512418532, 'lr': 2.6666666666666664e-06}
2026-03-29 06:39:03,307 - INFO - --- 指标未提升 (已持续 2 轮) ---
2026-03-29 06:39:12,484 - INFO - Epoch 8 优化后结果: {'rel_f1': 0.6054054054054054, 'hate_f1': 0.38461538461538464, 'combined_f1': 0.495010395010395, 'hate_recall': 0.43478260869565216, 'best_rel_th': 0.49, 'best_hate_th': 0.5, 'total_loss': 0.004262103427947518, 'lr': 1.7777777777777775e-06}
2026-03-29 06:39:12,484 - INFO - --- 指标未提升 (已持续 3 轮) ---
2026-03-29 06:39:21,461 - INFO - Epoch 9 优化后结果: {'rel_f1': 0.6145833333333334, 'hate_f1': 0.37735849056603776, 'combined_f1': 0.49597091194968557, 'hate_recall': 0.43478260869565216, 'best_rel_th': 0.41000000000000003, 'best_hate_th': 0.42000000000000004, 'total_loss': 0.0032394770554228856, 'lr': 8.888888888888888e-07}
2026-03-29 06:39:21,461 - INFO - --- 指标未提升 (已持续 4 轮) ---
2026-03-29 06:39:30,592 - INFO - Epoch 10 优化后结果: {'rel_f1': 0.6043956043956044, 'hate_f1': 0.3673469387755102, 'combined_f1': 0.4858712715855573, 'hate_recall': 0.391304347826087, 'best_rel_th': 0.44, 'best_hate_th': 0.49, 'total_loss': 0.002537371520320077, 'lr': 0.0}
2026-03-29 06:39:30,592 - INFO - --- 指标未提升 (已持续 5 轮) ---
2026-03-29 06:39:30,592 - INFO - 早停触发！连续 5 轮没有进步，停止训练以防过拟合。
2026-03-29 06:39:30,597 - INFO - 训练正常结束。
