2026-03-05 19:36:22,756 - INFO - 开始训练流程...
2026-03-05 19:36:22,756 - INFO - 日志将保存至: /root/autodl-tmp/Master_Thesis/model_train/classifier/logs/20260305_193622_train.log
2026-03-05 19:36:22,788 - INFO - 训练集大小: 5249, 验证集大小: 584
2026-03-05 19:36:24,692 - INFO - 本次微调的基座模型是thu-coai/roberta-base-cold
2026-03-05 19:36:27,160 - INFO - 我们使用该设备cuda
2026-03-05 19:36:41,951 - INFO - Epoch 1 结果: {'rel_acc': 0.898972602739726, 'rel_f1': 0.914616497829233, 'hate_acc': 0.928082191780822, 'hate_f1': 0.7961165048543689, 'combined_f1': 0.855366501341801, 'hate_recall': 0.6833333333333333, 'total_loss': 0.1459918046316364}
2026-03-05 19:36:42,380 - INFO - >>> 检测到更好的 combined_f1: 0.8554, 模型已保存。
2026-03-05 19:36:42,384 - INFO - !!! 已导出错误样本至: model_train/classifier/Chinese/error_analysis_epoch_1.csv
2026-03-05 19:36:56,971 - INFO - Epoch 2 结果: {'rel_acc': 0.9486301369863014, 'rel_f1': 0.957983193277311, 'hate_acc': 0.9811643835616438, 'hate_f1': 0.9543568464730291, 'combined_f1': 0.95617001987517, 'hate_recall': 0.9583333333333334, 'total_loss': 0.03755429401883351}
2026-03-05 19:36:57,806 - INFO - >>> 检测到更好的 combined_f1: 0.9562, 模型已保存。
2026-03-05 19:36:57,809 - INFO - !!! 已导出错误样本至: model_train/classifier/Chinese/error_analysis_epoch_2.csv
2026-03-05 19:37:12,375 - INFO - Epoch 3 结果: {'rel_acc': 0.9452054794520548, 'rel_f1': 0.9562841530054644, 'hate_acc': 0.9743150684931506, 'hate_f1': 0.935064935064935, 'combined_f1': 0.9456745440351997, 'hate_recall': 0.9, 'total_loss': 0.018873827047430198}
2026-03-05 19:37:26,942 - INFO - Epoch 4 结果: {'rel_acc': 0.9503424657534246, 'rel_f1': 0.9601100412654745, 'hate_acc': 0.9794520547945206, 'hate_f1': 0.952, 'combined_f1': 0.9560550206327372, 'hate_recall': 0.9916666666666667, 'total_loss': 0.005663071894587479}
2026-03-05 19:37:41,415 - INFO - Epoch 5 结果: {'rel_acc': 0.8784246575342466, 'rel_f1': 0.9088575096277278, 'hate_acc': 0.9794520547945206, 'hate_f1': 0.9516129032258065, 'combined_f1': 0.9302352064267672, 'hate_recall': 0.9833333333333333, 'total_loss': 0.005481720717627722}
2026-03-05 19:37:55,876 - INFO - Epoch 6 结果: {'rel_acc': 0.9537671232876712, 'rel_f1': 0.9626556016597511, 'hate_acc': 0.9845890410958904, 'hate_f1': 0.9635627530364372, 'combined_f1': 0.9631091773480942, 'hate_recall': 0.9916666666666667, 'total_loss': 0.006183289321180413}
2026-03-05 19:37:56,845 - INFO - >>> 检测到更好的 combined_f1: 0.9631, 模型已保存。
2026-03-05 19:37:56,855 - INFO - !!! 已导出错误样本至: model_train/classifier/Chinese/error_analysis_epoch_6.csv
2026-03-05 19:38:11,319 - INFO - Epoch 7 结果: {'rel_acc': 0.9503424657534246, 'rel_f1': 0.9602194787379973, 'hate_acc': 0.988013698630137, 'hate_f1': 0.9711934156378601, 'combined_f1': 0.9657064471879286, 'hate_recall': 0.9833333333333333, 'total_loss': 0.004345467282600025}
2026-03-05 19:38:12,184 - INFO - >>> 检测到更好的 combined_f1: 0.9657, 模型已保存。
2026-03-05 19:38:12,194 - INFO - !!! 已导出错误样本至: model_train/classifier/Chinese/error_analysis_epoch_7.csv
2026-03-05 19:38:26,630 - INFO - Epoch 8 结果: {'rel_acc': 0.9315068493150684, 'rel_f1': 0.9463806970509383, 'hate_acc': 0.976027397260274, 'hate_f1': 0.9426229508196722, 'combined_f1': 0.9445018239353052, 'hate_recall': 0.9583333333333334, 'total_loss': 0.00963218424530553}
2026-03-05 19:38:41,072 - INFO - Epoch 9 结果: {'rel_acc': 0.952054794520548, 'rel_f1': 0.9607843137254902, 'hate_acc': 0.9897260273972602, 'hate_f1': 0.975609756097561, 'combined_f1': 0.9681970349115256, 'hate_recall': 1.0, 'total_loss': 0.002941003203275684}
2026-03-05 19:38:41,878 - INFO - >>> 检测到更好的 combined_f1: 0.9682, 模型已保存。
2026-03-05 19:38:41,880 - INFO - !!! 已导出错误样本至: model_train/classifier/Chinese/error_analysis_epoch_9.csv
2026-03-05 19:38:56,359 - INFO - Epoch 10 结果: {'rel_acc': 0.9537671232876712, 'rel_f1': 0.9628610729023384, 'hate_acc': 0.9897260273972602, 'hate_f1': 0.9754098360655737, 'combined_f1': 0.9691354544839561, 'hate_recall': 0.9916666666666667, 'total_loss': 0.002744147067168643}
2026-03-05 19:38:57,241 - INFO - >>> 检测到更好的 combined_f1: 0.9691, 模型已保存。
2026-03-05 19:38:57,243 - INFO - !!! 已导出错误样本至: model_train/classifier/Chinese/error_analysis_epoch_10.csv
2026-03-05 19:39:11,766 - INFO - Epoch 11 结果: {'rel_acc': 0.952054794520548, 'rel_f1': 0.9613259668508287, 'hate_acc': 0.9828767123287672, 'hate_f1': 0.957983193277311, 'combined_f1': 0.9596545800640699, 'hate_recall': 0.95, 'total_loss': 0.004297364040917342}
2026-03-05 19:39:26,245 - INFO - Epoch 12 结果: {'rel_acc': 0.9486301369863014, 'rel_f1': 0.958904109589041, 'hate_acc': 0.9897260273972602, 'hate_f1': 0.975609756097561, 'combined_f1': 0.9672569328433009, 'hate_recall': 1.0, 'total_loss': 0.0006112735666835476}
2026-03-05 19:39:40,727 - INFO - Epoch 13 结果: {'rel_acc': 0.9486301369863014, 'rel_f1': 0.958904109589041, 'hate_acc': 0.9897260273972602, 'hate_f1': 0.975609756097561, 'combined_f1': 0.9672569328433009, 'hate_recall': 1.0, 'total_loss': 6.215307082432289e-05}
2026-03-05 19:39:55,229 - INFO - Epoch 14 结果: {'rel_acc': 0.9503424657534246, 'rel_f1': 0.9602194787379973, 'hate_acc': 0.988013698630137, 'hate_f1': 0.97165991902834, 'combined_f1': 0.9659396988831687, 'hate_recall': 1.0, 'total_loss': 3.9220989628062095e-05}
2026-03-05 19:40:09,715 - INFO - Epoch 15 结果: {'rel_acc': 0.952054794520548, 'rel_f1': 0.9616438356164384, 'hate_acc': 0.988013698630137, 'hate_f1': 0.97165991902834, 'combined_f1': 0.9666518773223892, 'hate_recall': 1.0, 'total_loss': 3.786700593779731e-05}
2026-03-05 19:40:24,218 - INFO - Epoch 16 结果: {'rel_acc': 0.952054794520548, 'rel_f1': 0.9616438356164384, 'hate_acc': 0.9828767123287672, 'hate_f1': 0.96, 'combined_f1': 0.9608219178082191, 'hate_recall': 1.0, 'total_loss': 0.0001283494549867753}
2026-03-05 19:40:38,778 - INFO - Epoch 17 结果: {'rel_acc': 0.9366438356164384, 'rel_f1': 0.9499323410013532, 'hate_acc': 0.9811643835616438, 'hate_f1': 0.9551020408163265, 'combined_f1': 0.9525171909088399, 'hate_recall': 0.975, 'total_loss': 0.010662018764176814}
2026-03-05 19:40:53,502 - INFO - Epoch 18 结果: {'rel_acc': 0.9554794520547946, 'rel_f1': 0.9641873278236914, 'hate_acc': 0.9845890410958904, 'hate_f1': 0.9629629629629629, 'combined_f1': 0.9635751453933272, 'hate_recall': 0.975, 'total_loss': 0.007839787212624204}
2026-03-05 19:41:08,289 - INFO - Epoch 19 结果: {'rel_acc': 0.9571917808219178, 'rel_f1': 0.9655172413793104, 'hate_acc': 0.9845890410958904, 'hate_f1': 0.963265306122449, 'combined_f1': 0.9643912737508797, 'hate_recall': 0.9833333333333333, 'total_loss': 0.002422816404355991}
2026-03-05 19:41:22,934 - INFO - Epoch 20 结果: {'rel_acc': 0.9486301369863014, 'rel_f1': 0.9587912087912088, 'hate_acc': 0.988013698630137, 'hate_f1': 0.9714285714285714, 'combined_f1': 0.9651098901098901, 'hate_recall': 0.9916666666666667, 'total_loss': 0.0015064918875332897}
2026-03-05 19:41:22,945 - INFO - 训练正常结束。
