2026-03-06 06:00:32,641 - INFO - 开始训练流程...
2026-03-06 06:00:32,641 - INFO - 日志将保存至: /root/autodl-tmp/Master_Thesis/model_train/classifier/logs/20260306_060032_train.log
2026-03-06 06:00:32,677 - INFO - 训练集大小: 5246, 验证集大小: 586
2026-03-06 06:00:34,189 - INFO - 本次微调的基座模型是thu-coai/roberta-base-cold
2026-03-06 06:00:35,020 - INFO - 我们使用该设备cuda
2026-03-06 06:00:49,974 - INFO - Epoch 1 结果: {'rel_acc': 0.8327645051194539, 'rel_f1': 0.8689839572192514, 'hate_acc': 0.8498293515358362, 'hate_f1': 0.5217391304347826, 'combined_f1': 0.695361543827017, 'hate_recall': 0.3870967741935484, 'total_loss': 0.1409051127209351}
2026-03-06 06:00:50,931 - INFO - >>> 检测到更好的 combined_f1: 0.6954, 模型已保存。
2026-03-06 06:00:50,935 - INFO - !!! 已导出错误样本至: model_train/classifier/Chinese/error_analysis_epoch_1.csv
2026-03-06 06:01:05,509 - INFO - Epoch 2 结果: {'rel_acc': 0.7986348122866894, 'rel_f1': 0.8228228228228228, 'hate_acc': 0.8378839590443686, 'hate_f1': 0.4864864864864865, 'combined_f1': 0.6546546546546547, 'hate_recall': 0.3629032258064516, 'total_loss': 0.03435485363368615}
2026-03-06 06:01:20,008 - INFO - Epoch 3 结果: {'rel_acc': 0.8174061433447098, 'rel_f1': 0.8442503639010189, 'hate_acc': 0.8464163822525598, 'hate_f1': 0.4827586206896552, 'combined_f1': 0.663504492295337, 'hate_recall': 0.3387096774193548, 'total_loss': 0.009448426434196668}
2026-03-06 06:01:34,465 - INFO - Epoch 4 结果: {'rel_acc': 0.7679180887372014, 'rel_f1': 0.786833855799373, 'hate_acc': 0.8242320819112628, 'hate_f1': 0.3522012578616352, 'combined_f1': 0.5695175568305041, 'hate_recall': 0.22580645161290322, 'total_loss': 0.006136769871750957}
2026-03-06 06:01:48,946 - INFO - Epoch 5 结果: {'rel_acc': 0.764505119453925, 'rel_f1': 0.780952380952381, 'hate_acc': 0.8361774744027304, 'hate_f1': 0.49473684210526314, 'combined_f1': 0.6378446115288221, 'hate_recall': 0.3790322580645161, 'total_loss': 0.00414422269985086}
2026-03-06 06:02:03,437 - INFO - Epoch 6 结果: {'rel_acc': 0.7918088737201365, 'rel_f1': 0.8123076923076923, 'hate_acc': 0.8310580204778157, 'hate_f1': 0.4277456647398844, 'combined_f1': 0.6200266785237883, 'hate_recall': 0.29838709677419356, 'total_loss': 0.0007432600800490125}
2026-03-06 06:02:17,902 - INFO - Epoch 7 结果: {'rel_acc': 0.7918088737201365, 'rel_f1': 0.8099688473520249, 'hate_acc': 0.8344709897610921, 'hate_f1': 0.4519774011299435, 'combined_f1': 0.6309731242409842, 'hate_recall': 0.3225806451612903, 'total_loss': 0.0003293529303713202}
2026-03-06 06:02:32,444 - INFO - Epoch 8 结果: {'rel_acc': 0.7781569965870307, 'rel_f1': 0.7909967845659164, 'hate_acc': 0.8242320819112628, 'hate_f1': 0.44919786096256686, 'combined_f1': 0.6200973227642417, 'hate_recall': 0.3387096774193548, 'total_loss': 0.017684500058313773}
2026-03-06 06:02:46,899 - INFO - Epoch 9 结果: {'rel_acc': 0.7935153583617748, 'rel_f1': 0.8088467614533965, 'hate_acc': 0.8327645051194539, 'hate_f1': 0.4166666666666667, 'combined_f1': 0.6127567140600316, 'hate_recall': 0.28225806451612906, 'total_loss': 0.0014798082439516824}
2026-03-06 06:03:01,399 - INFO - Epoch 10 结果: {'rel_acc': 0.8020477815699659, 'rel_f1': 0.823170731707317, 'hate_acc': 0.825938566552901, 'hate_f1': 0.3780487804878049, 'combined_f1': 0.600609756097561, 'hate_recall': 0.25, 'total_loss': 0.004001411707524378}
2026-03-06 06:03:15,837 - INFO - Epoch 11 结果: {'rel_acc': 0.7952218430034129, 'rel_f1': 0.8170731707317073, 'hate_acc': 0.825938566552901, 'hate_f1': 0.4, 'combined_f1': 0.6085365853658536, 'hate_recall': 0.27419354838709675, 'total_loss': 0.0003234785479826203}
2026-03-06 06:03:30,293 - INFO - Epoch 12 结果: {'rel_acc': 0.7901023890784983, 'rel_f1': 0.8093023255813954, 'hate_acc': 0.825938566552901, 'hate_f1': 0.4, 'combined_f1': 0.6046511627906976, 'hate_recall': 0.27419354838709675, 'total_loss': 0.00019208063331489474}
2026-03-06 06:03:44,770 - INFO - Epoch 13 结果: {'rel_acc': 0.7986348122866894, 'rel_f1': 0.8314285714285714, 'hate_acc': 0.8003412969283277, 'hate_f1': 0.44549763033175355, 'combined_f1': 0.6384631008801624, 'hate_recall': 0.3790322580645161, 'total_loss': 0.005428740479661711}
2026-03-06 06:03:59,180 - INFO - Epoch 14 结果: {'rel_acc': 0.7610921501706485, 'rel_f1': 0.7741935483870968, 'hate_acc': 0.8122866894197952, 'hate_f1': 0.3888888888888889, 'combined_f1': 0.5815412186379928, 'hate_recall': 0.28225806451612906, 'total_loss': 0.004698581727652487}
2026-03-06 06:04:13,654 - INFO - Epoch 15 结果: {'rel_acc': 0.810580204778157, 'rel_f1': 0.8412017167381974, 'hate_acc': 0.810580204778157, 'hate_f1': 0.40641711229946526, 'combined_f1': 0.6238094145188313, 'hate_recall': 0.3064516129032258, 'total_loss': 0.002679651260221102}
2026-03-06 06:04:28,277 - INFO - Epoch 16 结果: {'rel_acc': 0.8174061433447098, 'rel_f1': 0.8473609129814551, 'hate_acc': 0.8071672354948806, 'hate_f1': 0.3756906077348066, 'combined_f1': 0.6115257603581309, 'hate_recall': 0.27419354838709675, 'total_loss': 0.008565414519261495}
2026-03-06 06:04:42,826 - INFO - Epoch 17 结果: {'rel_acc': 0.78839590443686, 'rel_f1': 0.8080495356037152, 'hate_acc': 0.8088737201365188, 'hate_f1': 0.3978494623655914, 'combined_f1': 0.6029494989846533, 'hate_recall': 0.29838709677419356, 'total_loss': 0.0012653190932482863}
2026-03-06 06:04:57,345 - INFO - Epoch 18 结果: {'rel_acc': 0.7815699658703071, 'rel_f1': 0.7981072555205048, 'hate_acc': 0.8208191126279863, 'hate_f1': 0.38596491228070173, 'combined_f1': 0.5920360839006032, 'hate_recall': 0.2661290322580645, 'total_loss': 0.00010323332480835433}
2026-03-06 06:05:11,805 - INFO - Epoch 19 结果: {'rel_acc': 0.7832764505119454, 'rel_f1': 0.8012519561815337, 'hate_acc': 0.8208191126279863, 'hate_f1': 0.378698224852071, 'combined_f1': 0.5899750905168023, 'hate_recall': 0.25806451612903225, 'total_loss': 5.592246335738321e-05}
2026-03-06 06:05:26,224 - INFO - Epoch 20 结果: {'rel_acc': 0.7935153583617748, 'rel_f1': 0.8100470957613815, 'hate_acc': 0.8225255972696246, 'hate_f1': 0.3953488372093023, 'combined_f1': 0.6026979664853419, 'hate_recall': 0.27419354838709675, 'total_loss': 0.00024725080291952185}
2026-03-06 06:05:26,228 - INFO - 训练正常结束。
