2026-03-27 20:06:19,361 - INFO - 开始训练流程...
2026-03-27 20:06:19,361 - INFO - 日志将保存至: /root/autodl-tmp/Master_Thesis/model_train/classifier/logs/20260327_200619_train.log
2026-03-27 20:06:19,405 - INFO - 训练集大小: 5353, 验证集大小: 613
2026-03-27 20:06:56,074 - INFO - Epoch 1 结果: {'rel_f1': 0.6535947712418301, 'hate_f1': 0.36923076923076925, 'combined_f1': 0.5114127702362996, 'hate_recall': 0.96, 'total_loss': 0.03681541667389336, 'lr': 8e-06}
2026-03-27 20:06:57,688 - INFO - >>> 指标提升，模型已保存。
2026-03-27 20:06:57,692 - INFO - !!! 已导出错误样本至: model_train/classifier/Japanese/error_analysis_epoch_1.csv
2026-03-27 20:07:29,600 - INFO - Epoch 2 结果: {'rel_f1': 0.6642599277978339, 'hate_f1': 0.23809523809523808, 'combined_f1': 0.451177582946536, 'hate_recall': 1.0, 'total_loss': 0.02261929681469033, 'lr': 7.11111111111111e-06}
2026-03-27 20:07:29,600 - INFO - --- 指标未提升 (已持续 1 轮) ---
2026-03-27 20:08:01,370 - INFO - Epoch 3 结果: {'rel_f1': 0.6844106463878327, 'hate_f1': 0.46938775510204084, 'combined_f1': 0.5768992007449367, 'hate_recall': 0.92, 'total_loss': 0.014798073988727558, 'lr': 6.222222222222222e-06}
2026-03-27 20:08:05,566 - INFO - >>> 指标提升，模型已保存。
2026-03-27 20:08:05,591 - INFO - !!! 已导出错误样本至: model_train/classifier/Japanese/error_analysis_epoch_3.csv
2026-03-27 20:08:37,380 - INFO - Epoch 4 结果: {'rel_f1': 0.6051282051282051, 'hate_f1': 0.575, 'combined_f1': 0.5900641025641025, 'hate_recall': 0.92, 'total_loss': 0.008775531972581243, 'lr': 5.333333333333333e-06}
2026-03-27 20:08:41,601 - INFO - >>> 指标提升，模型已保存。
2026-03-27 20:08:41,604 - INFO - !!! 已导出错误样本至: model_train/classifier/Japanese/error_analysis_epoch_4.csv
2026-03-27 20:09:13,432 - INFO - Epoch 5 结果: {'rel_f1': 0.6561264822134387, 'hate_f1': 0.5384615384615384, 'combined_f1': 0.5972940103374886, 'hate_recall': 0.84, 'total_loss': 0.00525770827292972, 'lr': 4.444444444444444e-06}
2026-03-27 20:09:17,160 - INFO - >>> 指标提升，模型已保存。
2026-03-27 20:09:17,163 - INFO - !!! 已导出错误样本至: model_train/classifier/Japanese/error_analysis_epoch_5.csv
2026-03-27 20:09:48,909 - INFO - Epoch 6 结果: {'rel_f1': 0.6255924170616114, 'hate_f1': 0.5352112676056338, 'combined_f1': 0.5804018423336226, 'hate_recall': 0.76, 'total_loss': 0.0036929680240416984, 'lr': 3.555555555555555e-06}
2026-03-27 20:09:48,909 - INFO - --- 指标未提升 (已持续 1 轮) ---
2026-03-27 20:10:20,781 - INFO - Epoch 7 结果: {'rel_f1': 0.6581196581196581, 'hate_f1': 0.5151515151515151, 'combined_f1': 0.5866355866355866, 'hate_recall': 0.68, 'total_loss': 0.0026362915377613895, 'lr': 2.6666666666666664e-06}
2026-03-27 20:10:20,781 - INFO - --- 指标未提升 (已持续 2 轮) ---
2026-03-27 20:10:52,591 - INFO - Epoch 8 结果: {'rel_f1': 0.6220095693779905, 'hate_f1': 0.5538461538461539, 'combined_f1': 0.5879278616120722, 'hate_recall': 0.72, 'total_loss': 0.0014006820745770942, 'lr': 1.7777777777777775e-06}
2026-03-27 20:10:52,591 - INFO - --- 指标未提升 (已持续 3 轮) ---
2026-03-27 20:10:52,591 - INFO - 早停触发！连续 3 轮没有进步，停止训练以防过拟合。
2026-03-27 20:10:52,621 - INFO - 训练正常结束。
