2026-03-06 06:54:46,236 - INFO - 开始训练流程...
2026-03-06 06:54:46,236 - INFO - 日志将保存至: /root/autodl-tmp/Master_Thesis/model_train/classifier/logs/20260306_065446_train.log
2026-03-06 06:54:46,263 - INFO - 训练集大小: 3828, 验证集大小: 427
2026-03-06 06:54:47,507 - INFO - 本次微调的基座模型是thu-coai/roberta-base-cold
2026-03-06 06:54:48,286 - INFO - 我们使用该设备cuda
2026-03-06 06:54:48,290 - INFO - 自动计算的 Alpha -> Rel: 0.5543, Hate: 0.8485
2026-03-06 06:54:59,193 - INFO - Epoch 1 结果: {'rel_acc': 0.8266978922716628, 'rel_f1': 0.8203883495145631, 'hate_acc': 0.8524590163934426, 'hate_f1': 0.6181818181818182, 'combined_f1': 0.7192850838481906, 'hate_recall': 0.796875, 'total_loss': 0.07258887859061361}
2026-03-06 06:55:00,032 - INFO - >>> 检测到更好的 combined_f1: 0.7193, 模型已保存。
2026-03-06 06:55:00,036 - INFO - !!! 已导出错误样本至: model_train/classifier/Chinese/error_analysis_epoch_1.csv
2026-03-06 06:55:10,523 - INFO - Epoch 2 结果: {'rel_acc': 0.810304449648712, 'rel_f1': 0.7743732590529248, 'hate_acc': 0.8430913348946136, 'hate_f1': 0.593939393939394, 'combined_f1': 0.6841563264961594, 'hate_recall': 0.765625, 'total_loss': 0.029209518517018297}
2026-03-06 06:55:21,064 - INFO - Epoch 3 结果: {'rel_acc': 0.8220140515222483, 'rel_f1': 0.7923497267759563, 'hate_acc': 0.8946135831381733, 'hate_f1': 0.5794392523364486, 'combined_f1': 0.6858944895562025, 'hate_recall': 0.484375, 'total_loss': 0.011981173599633622}
2026-03-06 06:55:31,567 - INFO - Epoch 4 结果: {'rel_acc': 0.8149882903981265, 'rel_f1': 0.7749287749287749, 'hate_acc': 0.8969555035128806, 'hate_f1': 0.6333333333333333, 'combined_f1': 0.7041310541310541, 'hate_recall': 0.59375, 'total_loss': 0.007111138777327141}
2026-03-06 06:55:42,152 - INFO - Epoch 5 结果: {'rel_acc': 0.810304449648712, 'rel_f1': 0.7624633431085044, 'hate_acc': 0.9039812646370023, 'hate_f1': 0.6306306306306306, 'combined_f1': 0.6965469868695675, 'hate_recall': 0.546875, 'total_loss': 0.0024753982121486235}
2026-03-06 06:55:52,733 - INFO - Epoch 6 结果: {'rel_acc': 0.8032786885245902, 'rel_f1': 0.7789473684210526, 'hate_acc': 0.8899297423887588, 'hate_f1': 0.591304347826087, 'combined_f1': 0.6851258581235697, 'hate_recall': 0.53125, 'total_loss': 0.003334429538275193}
2026-03-06 06:56:03,298 - INFO - Epoch 7 结果: {'rel_acc': 0.8056206088992974, 'rel_f1': 0.7798408488063661, 'hate_acc': 0.8290398126463701, 'hate_f1': 0.5828571428571429, 'combined_f1': 0.6813489958317545, 'hate_recall': 0.796875, 'total_loss': 0.004760269068083289}
2026-03-06 06:56:13,905 - INFO - Epoch 8 结果: {'rel_acc': 0.8079625292740047, 'rel_f1': 0.7616279069767442, 'hate_acc': 0.8875878220140515, 'hate_f1': 0.5, 'combined_f1': 0.6308139534883721, 'hate_recall': 0.375, 'total_loss': 0.0034083378363144825}
2026-03-06 06:56:24,456 - INFO - Epoch 9 结果: {'rel_acc': 0.8079625292740047, 'rel_f1': 0.7630057803468208, 'hate_acc': 0.8782201405152225, 'hate_f1': 0.5272727272727272, 'combined_f1': 0.645139253809774, 'hate_recall': 0.453125, 'total_loss': 0.00025992206042246835}
2026-03-06 06:56:34,985 - INFO - Epoch 10 结果: {'rel_acc': 0.8149882903981265, 'rel_f1': 0.7762039660056658, 'hate_acc': 0.8852459016393442, 'hate_f1': 0.5504587155963303, 'combined_f1': 0.663331340800998, 'hate_recall': 0.46875, 'total_loss': 0.00010491806441450535}
2026-03-06 06:56:45,526 - INFO - Epoch 11 结果: {'rel_acc': 0.8079625292740047, 'rel_f1': 0.7670454545454546, 'hate_acc': 0.8875878220140515, 'hate_f1': 0.5555555555555556, 'combined_f1': 0.6613005050505051, 'hate_recall': 0.46875, 'total_loss': 6.0709654348064154e-05}
2026-03-06 06:56:56,053 - INFO - Epoch 12 结果: {'rel_acc': 0.8220140515222483, 'rel_f1': 0.7900552486187845, 'hate_acc': 0.882903981264637, 'hate_f1': 0.5370370370370371, 'combined_f1': 0.6635461428279108, 'hate_recall': 0.453125, 'total_loss': 5.077792309388466e-05}
2026-03-06 06:57:06,582 - INFO - Epoch 13 结果: {'rel_acc': 0.810304449648712, 'rel_f1': 0.7638483965014577, 'hate_acc': 0.8875878220140515, 'hate_f1': 0.5384615384615384, 'combined_f1': 0.651154967481498, 'hate_recall': 0.4375, 'total_loss': 4.3276455145739115e-05}
2026-03-06 06:57:17,103 - INFO - Epoch 14 结果: {'rel_acc': 0.819672131147541, 'rel_f1': 0.7843137254901961, 'hate_acc': 0.8852459016393442, 'hate_f1': 0.5504587155963303, 'combined_f1': 0.6673862205432632, 'hate_recall': 0.46875, 'total_loss': 4.0913927689463964e-05}
2026-03-06 06:57:27,634 - INFO - Epoch 15 结果: {'rel_acc': 0.810304449648712, 'rel_f1': 0.7638483965014577, 'hate_acc': 0.8899297423887588, 'hate_f1': 0.5252525252525253, 'combined_f1': 0.6445504608769915, 'hate_recall': 0.40625, 'total_loss': 2.0717757238249608e-05}
2026-03-06 06:57:38,225 - INFO - Epoch 16 结果: {'rel_acc': 0.810304449648712, 'rel_f1': 0.7610619469026548, 'hate_acc': 0.882903981264637, 'hate_f1': 0.5098039215686274, 'combined_f1': 0.6354329342356411, 'hate_recall': 0.40625, 'total_loss': 1.6807033586729857e-05}
2026-03-06 06:57:48,820 - INFO - Epoch 17 结果: {'rel_acc': 0.8126463700234192, 'rel_f1': 0.7660818713450293, 'hate_acc': 0.882903981264637, 'hate_f1': 0.5098039215686274, 'combined_f1': 0.6379428964568283, 'hate_recall': 0.40625, 'total_loss': 1.160012905122206e-05}
2026-03-06 06:57:59,428 - INFO - Epoch 18 结果: {'rel_acc': 0.8009367681498829, 'rel_f1': 0.746268656716418, 'hate_acc': 0.8852459016393442, 'hate_f1': 0.5420560747663551, 'combined_f1': 0.6441623657413865, 'hate_recall': 0.453125, 'total_loss': 1.7208972653056284e-05}
2026-03-06 06:58:09,984 - INFO - Epoch 19 结果: {'rel_acc': 0.819672131147541, 'rel_f1': 0.7780979827089337, 'hate_acc': 0.8899297423887588, 'hate_f1': 0.5607476635514018, 'combined_f1': 0.6694228231301678, 'hate_recall': 0.46875, 'total_loss': 2.855249538100679e-05}
2026-03-06 06:58:20,515 - INFO - Epoch 20 结果: {'rel_acc': 0.7447306791569087, 'rel_f1': 0.6378737541528239, 'hate_acc': 0.8875878220140515, 'hate_f1': 0.5714285714285714, 'combined_f1': 0.6046511627906976, 'hate_recall': 0.5, 'total_loss': 0.01260015274256503}
2026-03-06 06:58:20,520 - INFO - 训练正常结束。
