2026-03-06 07:05:13,963 - INFO - 开始训练流程...
2026-03-06 07:05:13,963 - INFO - 日志将保存至: /root/autodl-tmp/Master_Thesis/model_train/classifier/logs/20260306_070513_train.log
2026-03-06 07:05:13,989 - INFO - 训练集大小: 3828, 验证集大小: 427
2026-03-06 07:05:27,784 - INFO - Epoch 1 结果: {'rel_f1': 0.8086124401913876, 'hate_f1': 0.453781512605042, 'combined_f1': 0.6311969763982148, 'hate_recall': 0.84375, 'total_loss': 0.06607511406764388, 'lr': 8e-06}
2026-03-06 07:05:28,573 - INFO - >>> 指标提升，模型已保存。
2026-03-06 07:05:28,577 - INFO - !!! 已导出错误样本至: model_train/classifier/Chinese/error_analysis_epoch_1.csv
2026-03-06 07:05:39,093 - INFO - Epoch 2 结果: {'rel_f1': 0.8148148148148148, 'hate_f1': 0.5806451612903226, 'combined_f1': 0.6977299880525687, 'hate_recall': 0.703125, 'total_loss': 0.03262351172355314, 'lr': 7.11111111111111e-06}
2026-03-06 07:05:39,970 - INFO - >>> 指标提升，模型已保存。
2026-03-06 07:05:39,980 - INFO - !!! 已导出错误样本至: model_train/classifier/Chinese/error_analysis_epoch_2.csv
2026-03-06 07:05:50,473 - INFO - Epoch 3 结果: {'rel_f1': 0.8165374677002584, 'hate_f1': 0.6125, 'combined_f1': 0.7145187338501292, 'hate_recall': 0.765625, 'total_loss': 0.0201082287550283, 'lr': 6.222222222222222e-06}
2026-03-06 07:05:51,383 - INFO - >>> 指标提升，模型已保存。
2026-03-06 07:05:51,397 - INFO - !!! 已导出错误样本至: model_train/classifier/Chinese/error_analysis_epoch_3.csv
2026-03-06 07:06:01,904 - INFO - Epoch 4 结果: {'rel_f1': 0.8042328042328042, 'hate_f1': 0.5909090909090909, 'combined_f1': 0.6975709475709475, 'hate_recall': 0.609375, 'total_loss': 0.011995198775548489, 'lr': 5.333333333333333e-06}
2026-03-06 07:06:01,904 - INFO - --- 指标未提升 (已持续 1 轮) ---
2026-03-06 07:06:12,423 - INFO - Epoch 5 结果: {'rel_f1': 0.7966573816155988, 'hate_f1': 0.5666666666666667, 'combined_f1': 0.6816620241411327, 'hate_recall': 0.53125, 'total_loss': 0.006931451212828203, 'lr': 4.444444444444444e-06}
2026-03-06 07:06:12,423 - INFO - --- 指标未提升 (已持续 2 轮) ---
2026-03-06 07:06:22,949 - INFO - Epoch 6 结果: {'rel_f1': 0.8087431693989071, 'hate_f1': 0.56, 'combined_f1': 0.6843715846994536, 'hate_recall': 0.546875, 'total_loss': 0.003934419914488293, 'lr': 3.555555555555555e-06}
2026-03-06 07:06:22,950 - INFO - --- 指标未提升 (已持续 3 轮) ---
2026-03-06 07:06:22,950 - INFO - 早停触发！连续 3 轮没有进步，停止训练以防过拟合。
2026-03-06 07:06:22,953 - INFO - 训练正常结束。
